
AVRASM ver. 2.1.30  C:\a_semester3_1\lcd_project\Debug\List\lcdproj.asm Wed Apr 21 11:49:26 2021

C:\a_semester3_1\lcd_project\Debug\List\lcdproj.asm(1097): warning: Register r4 already defined by the .DEF directive
C:\a_semester3_1\lcd_project\Debug\List\lcdproj.asm(1098): warning: Register r5 already defined by the .DEF directive
C:\a_semester3_1\lcd_project\Debug\List\lcdproj.asm(1099): warning: Register r6 already defined by the .DEF directive
C:\a_semester3_1\lcd_project\Debug\List\lcdproj.asm(1100): warning: Register r7 already defined by the .DEF directive
                 
                 
                 ;CodeVisionAVR C Compiler V3.28 Evaluation
                 ;(C) Copyright 1998-2016 Pavel Haiduc, HP InfoTech s.r.l.
                 ;http://www.hpinfotech.com
                 
                 ;Build configuration    : Debug
                 ;Chip type              : ATmega128
                 ;Program type           : Application
                 ;Clock frequency        : 16.000000 MHz
                 ;Memory model           : Small
                 ;Optimize for           : Size
                 ;(s)printf features     : int, width
                 ;(s)scanf features      : int, width
                 ;External RAM size      : 0
                 ;Data Stack size        : 1024 byte(s)
                 ;Heap size              : 0 byte(s)
                 ;Promote 'char' to 'int': Yes
                 ;'char' is unsigned     : Yes
                 ;8 bit enums            : Yes
                 ;Global 'const' stored in FLASH: No
                 ;Enhanced function parameter passing: Mode 2
                 ;Enhanced core instructions: On
                 ;Automatic register allocation for global variables: On
                 ;Smart register allocation: On
                 
                 	#define _MODEL_SMALL_
                 
                 	#pragma AVRPART ADMIN PART_NAME ATmega128
                 	#pragma AVRPART MEMORY PROG_FLASH 131072
                 	#pragma AVRPART MEMORY EEPROM 4096
                 	#pragma AVRPART MEMORY INT_SRAM SIZE 4096
                 	#pragma AVRPART MEMORY INT_SRAM START_ADDR 0x100
                 
                 	#define CALL_SUPPORTED 1
                 
                 	.LISTMAC
                 	.EQU UDRE=0x5
                 	.EQU RXC=0x7
                 	.EQU USR=0xB
                 	.EQU UDR=0xC
                 	.EQU SPSR=0xE
                 	.EQU SPDR=0xF
                 	.EQU EERE=0x0
                 	.EQU EEWE=0x1
                 	.EQU EEMWE=0x2
                 	.EQU EECR=0x1C
                 	.EQU EEDR=0x1D
                 	.EQU EEARL=0x1E
                 	.EQU EEARH=0x1F
                 	.EQU WDTCR=0x21
                 	.EQU MCUCR=0x35
                 	.EQU RAMPZ=0x3B
                 	.EQU SPL=0x3D
                 	.EQU SPH=0x3E
                 	.EQU SREG=0x3F
                 	.EQU XMCRA=0x6D
                 	.EQU XMCRB=0x6C
                 
                 	.DEF R0X0=R0
                 	.DEF R0X1=R1
                 	.DEF R0X2=R2
                 	.DEF R0X3=R3
                 	.DEF R0X4=R4
                 	.DEF R0X5=R5
                 	.DEF R0X6=R6
                 	.DEF R0X7=R7
                 	.DEF R0X8=R8
                 	.DEF R0X9=R9
                 	.DEF R0XA=R10
                 	.DEF R0XB=R11
                 	.DEF R0XC=R12
                 	.DEF R0XD=R13
                 	.DEF R0XE=R14
                 	.DEF R0XF=R15
                 	.DEF R0X10=R16
                 	.DEF R0X11=R17
                 	.DEF R0X12=R18
                 	.DEF R0X13=R19
                 	.DEF R0X14=R20
                 	.DEF R0X15=R21
                 	.DEF R0X16=R22
                 	.DEF R0X17=R23
                 	.DEF R0X18=R24
                 	.DEF R0X19=R25
                 	.DEF R0X1A=R26
                 	.DEF R0X1B=R27
                 	.DEF R0X1C=R28
                 	.DEF R0X1D=R29
                 	.DEF R0X1E=R30
                 	.DEF R0X1F=R31
                 
                 	.EQU __SRAM_START=0x0100
                 	.EQU __SRAM_END=0x10FF
                 	.EQU __DSTACK_SIZE=0x0400
                 	.EQU __HEAP_SIZE=0x0000
                 	.EQU __CLEAR_SRAM_SIZE=__SRAM_END-__SRAM_START+1
                 
                 	.MACRO __CPD1N
                 	CPI  R30,LOW(@0)
                 	LDI  R26,HIGH(@0)
                 	CPC  R31,R26
                 	LDI  R26,BYTE3(@0)
                 	CPC  R22,R26
                 	LDI  R26,BYTE4(@0)
                 	CPC  R23,R26
                 	.ENDM
                 
                 	.MACRO __CPD2N
                 	CPI  R26,LOW(@0)
                 	LDI  R30,HIGH(@0)
                 	CPC  R27,R30
                 	LDI  R30,BYTE3(@0)
                 	CPC  R24,R30
                 	LDI  R30,BYTE4(@0)
                 	CPC  R25,R30
                 	.ENDM
                 
                 	.MACRO __CPWRR
                 	CP   R@0,R@2
                 	CPC  R@1,R@3
                 	.ENDM
                 
                 	.MACRO __CPWRN
                 	CPI  R@0,LOW(@2)
                 	LDI  R30,HIGH(@2)
                 	CPC  R@1,R30
                 	.ENDM
                 
                 	.MACRO __ADDB1MN
                 	SUBI R30,LOW(-@0-(@1))
                 	.ENDM
                 
                 	.MACRO __ADDB2MN
                 	SUBI R26,LOW(-@0-(@1))
                 	.ENDM
                 
                 	.MACRO __ADDW1MN
                 	SUBI R30,LOW(-@0-(@1))
                 	SBCI R31,HIGH(-@0-(@1))
                 	.ENDM
                 
                 	.MACRO __ADDW2MN
                 	SUBI R26,LOW(-@0-(@1))
                 	SBCI R27,HIGH(-@0-(@1))
                 	.ENDM
                 
                 	.MACRO __ADDW1FN
                 	SUBI R30,LOW(-2*@0-(@1))
                 	SBCI R31,HIGH(-2*@0-(@1))
                 	.ENDM
                 
                 	.MACRO __ADDD1FN
                 	SUBI R30,LOW(-2*@0-(@1))
                 	SBCI R31,HIGH(-2*@0-(@1))
                 	SBCI R22,BYTE3(-2*@0-(@1))
                 	.ENDM
                 
                 	.MACRO __ADDD1N
                 	SUBI R30,LOW(-@0)
                 	SBCI R31,HIGH(-@0)
                 	SBCI R22,BYTE3(-@0)
                 	SBCI R23,BYTE4(-@0)
                 	.ENDM
                 
                 	.MACRO __ADDD2N
                 	SUBI R26,LOW(-@0)
                 	SBCI R27,HIGH(-@0)
                 	SBCI R24,BYTE3(-@0)
                 	SBCI R25,BYTE4(-@0)
                 	.ENDM
                 
                 	.MACRO __SUBD1N
                 	SUBI R30,LOW(@0)
                 	SBCI R31,HIGH(@0)
                 	SBCI R22,BYTE3(@0)
                 	SBCI R23,BYTE4(@0)
                 	.ENDM
                 
                 	.MACRO __SUBD2N
                 	SUBI R26,LOW(@0)
                 	SBCI R27,HIGH(@0)
                 	SBCI R24,BYTE3(@0)
                 	SBCI R25,BYTE4(@0)
                 	.ENDM
                 
                 	.MACRO __ANDBMNN
                 	LDS  R30,@0+(@1)
                 	ANDI R30,LOW(@2)
                 	STS  @0+(@1),R30
                 	.ENDM
                 
                 	.MACRO __ANDWMNN
                 	LDS  R30,@0+(@1)
                 	ANDI R30,LOW(@2)
                 	STS  @0+(@1),R30
                 	LDS  R30,@0+(@1)+1
                 	ANDI R30,HIGH(@2)
                 	STS  @0+(@1)+1,R30
                 	.ENDM
                 
                 	.MACRO __ANDD1N
                 	ANDI R30,LOW(@0)
                 	ANDI R31,HIGH(@0)
                 	ANDI R22,BYTE3(@0)
                 	ANDI R23,BYTE4(@0)
                 	.ENDM
                 
                 	.MACRO __ANDD2N
                 	ANDI R26,LOW(@0)
                 	ANDI R27,HIGH(@0)
                 	ANDI R24,BYTE3(@0)
                 	ANDI R25,BYTE4(@0)
                 	.ENDM
                 
                 	.MACRO __ORBMNN
                 	LDS  R30,@0+(@1)
                 	ORI  R30,LOW(@2)
                 	STS  @0+(@1),R30
                 	.ENDM
                 
                 	.MACRO __ORWMNN
                 	LDS  R30,@0+(@1)
                 	ORI  R30,LOW(@2)
                 	STS  @0+(@1),R30
                 	LDS  R30,@0+(@1)+1
                 	ORI  R30,HIGH(@2)
                 	STS  @0+(@1)+1,R30
                 	.ENDM
                 
                 	.MACRO __ORD1N
                 	ORI  R30,LOW(@0)
                 	ORI  R31,HIGH(@0)
                 	ORI  R22,BYTE3(@0)
                 	ORI  R23,BYTE4(@0)
                 	.ENDM
                 
                 	.MACRO __ORD2N
                 	ORI  R26,LOW(@0)
                 	ORI  R27,HIGH(@0)
                 	ORI  R24,BYTE3(@0)
                 	ORI  R25,BYTE4(@0)
                 	.ENDM
                 
                 	.MACRO __DELAY_USB
                 	LDI  R24,LOW(@0)
                 __DELAY_USB_LOOP:
                 	DEC  R24
                 	BRNE __DELAY_USB_LOOP
                 	.ENDM
                 
                 	.MACRO __DELAY_USW
                 	LDI  R24,LOW(@0)
                 	LDI  R25,HIGH(@0)
                 __DELAY_USW_LOOP:
                 	SBIW R24,1
                 	BRNE __DELAY_USW_LOOP
                 	.ENDM
                 
                 	.MACRO __GETD1S
                 	LDD  R30,Y+@0
                 	LDD  R31,Y+@0+1
                 	LDD  R22,Y+@0+2
                 	LDD  R23,Y+@0+3
                 	.ENDM
                 
                 	.MACRO __GETD2S
                 	LDD  R26,Y+@0
                 	LDD  R27,Y+@0+1
                 	LDD  R24,Y+@0+2
                 	LDD  R25,Y+@0+3
                 	.ENDM
                 
                 	.MACRO __PUTD1S
                 	STD  Y+@0,R30
                 	STD  Y+@0+1,R31
                 	STD  Y+@0+2,R22
                 	STD  Y+@0+3,R23
                 	.ENDM
                 
                 	.MACRO __PUTD2S
                 	STD  Y+@0,R26
                 	STD  Y+@0+1,R27
                 	STD  Y+@0+2,R24
                 	STD  Y+@0+3,R25
                 	.ENDM
                 
                 	.MACRO __PUTDZ2
                 	STD  Z+@0,R26
                 	STD  Z+@0+1,R27
                 	STD  Z+@0+2,R24
                 	STD  Z+@0+3,R25
                 	.ENDM
                 
                 	.MACRO __CLRD1S
                 	STD  Y+@0,R30
                 	STD  Y+@0+1,R30
                 	STD  Y+@0+2,R30
                 	STD  Y+@0+3,R30
                 	.ENDM
                 
                 	.MACRO __POINTB1MN
                 	LDI  R30,LOW(@0+(@1))
                 	.ENDM
                 
                 	.MACRO __POINTW1MN
                 	LDI  R30,LOW(@0+(@1))
                 	LDI  R31,HIGH(@0+(@1))
                 	.ENDM
                 
                 	.MACRO __POINTD1M
                 	LDI  R30,LOW(@0)
                 	LDI  R31,HIGH(@0)
                 	LDI  R22,BYTE3(@0)
                 	LDI  R23,BYTE4(@0)
                 	.ENDM
                 
                 	.MACRO __POINTW1FN
                 	LDI  R30,LOW(2*@0+(@1))
                 	LDI  R31,HIGH(2*@0+(@1))
                 	.ENDM
                 
                 	.MACRO __POINTD1FN
                 	LDI  R30,LOW(2*@0+(@1))
                 	LDI  R31,HIGH(2*@0+(@1))
                 	LDI  R22,BYTE3(2*@0+(@1))
                 	LDI  R23,BYTE4(2*@0+(@1))
                 	.ENDM
                 
                 	.MACRO __POINTB2MN
                 	LDI  R26,LOW(@0+(@1))
                 	.ENDM
                 
                 	.MACRO __POINTW2MN
                 	LDI  R26,LOW(@0+(@1))
                 	LDI  R27,HIGH(@0+(@1))
                 	.ENDM
                 
                 	.MACRO __POINTD2M
                 	LDI  R26,LOW(@0)
                 	LDI  R27,HIGH(@0)
                 	LDI  R24,BYTE3(@0)
                 	LDI  R25,BYTE4(@0)
                 	.ENDM
                 
                 	.MACRO __POINTW2FN
                 	LDI  R26,LOW(2*@0+(@1))
                 	LDI  R27,HIGH(2*@0+(@1))
                 	.ENDM
                 
                 	.MACRO __POINTD2FN
                 	LDI  R26,LOW(2*@0+(@1))
                 	LDI  R27,HIGH(2*@0+(@1))
                 	LDI  R24,BYTE3(2*@0+(@1))
                 	LDI  R25,BYTE4(2*@0+(@1))
                 	.ENDM
                 
                 	.MACRO __POINTBRM
                 	LDI  R@0,LOW(@1)
                 	.ENDM
                 
                 	.MACRO __POINTWRM
                 	LDI  R@0,LOW(@2)
                 	LDI  R@1,HIGH(@2)
                 	.ENDM
                 
                 	.MACRO __POINTBRMN
                 	LDI  R@0,LOW(@1+(@2))
                 	.ENDM
                 
                 	.MACRO __POINTWRMN
                 	LDI  R@0,LOW(@2+(@3))
                 	LDI  R@1,HIGH(@2+(@3))
                 	.ENDM
                 
                 	.MACRO __POINTWRFN
                 	LDI  R@0,LOW(@2*2+(@3))
                 	LDI  R@1,HIGH(@2*2+(@3))
                 	.ENDM
                 
                 	.MACRO __GETD1N
                 	LDI  R30,LOW(@0)
                 	LDI  R31,HIGH(@0)
                 	LDI  R22,BYTE3(@0)
                 	LDI  R23,BYTE4(@0)
                 	.ENDM
                 
                 	.MACRO __GETD2N
                 	LDI  R26,LOW(@0)
                 	LDI  R27,HIGH(@0)
                 	LDI  R24,BYTE3(@0)
                 	LDI  R25,BYTE4(@0)
                 	.ENDM
                 
                 	.MACRO __GETB1MN
                 	LDS  R30,@0+(@1)
                 	.ENDM
                 
                 	.MACRO __GETB1HMN
                 	LDS  R31,@0+(@1)
                 	.ENDM
                 
                 	.MACRO __GETW1MN
                 	LDS  R30,@0+(@1)
                 	LDS  R31,@0+(@1)+1
                 	.ENDM
                 
                 	.MACRO __GETD1MN
                 	LDS  R30,@0+(@1)
                 	LDS  R31,@0+(@1)+1
                 	LDS  R22,@0+(@1)+2
                 	LDS  R23,@0+(@1)+3
                 	.ENDM
                 
                 	.MACRO __GETBRMN
                 	LDS  R@0,@1+(@2)
                 	.ENDM
                 
                 	.MACRO __GETWRMN
                 	LDS  R@0,@2+(@3)
                 	LDS  R@1,@2+(@3)+1
                 	.ENDM
                 
                 	.MACRO __GETWRZ
                 	LDD  R@0,Z+@2
                 	LDD  R@1,Z+@2+1
                 	.ENDM
                 
                 	.MACRO __GETD2Z
                 	LDD  R26,Z+@0
                 	LDD  R27,Z+@0+1
                 	LDD  R24,Z+@0+2
                 	LDD  R25,Z+@0+3
                 	.ENDM
                 
                 	.MACRO __GETB2MN
                 	LDS  R26,@0+(@1)
                 	.ENDM
                 
                 	.MACRO __GETW2MN
                 	LDS  R26,@0+(@1)
                 	LDS  R27,@0+(@1)+1
                 	.ENDM
                 
                 	.MACRO __GETD2MN
                 	LDS  R26,@0+(@1)
                 	LDS  R27,@0+(@1)+1
                 	LDS  R24,@0+(@1)+2
                 	LDS  R25,@0+(@1)+3
                 	.ENDM
                 
                 	.MACRO __PUTB1MN
                 	STS  @0+(@1),R30
                 	.ENDM
                 
                 	.MACRO __PUTW1MN
                 	STS  @0+(@1),R30
                 	STS  @0+(@1)+1,R31
                 	.ENDM
                 
                 	.MACRO __PUTD1MN
                 	STS  @0+(@1),R30
                 	STS  @0+(@1)+1,R31
                 	STS  @0+(@1)+2,R22
                 	STS  @0+(@1)+3,R23
                 	.ENDM
                 
                 	.MACRO __PUTB1EN
                 	LDI  R26,LOW(@0+(@1))
                 	LDI  R27,HIGH(@0+(@1))
                 	CALL __EEPROMWRB
                 	.ENDM
                 
                 	.MACRO __PUTW1EN
                 	LDI  R26,LOW(@0+(@1))
                 	LDI  R27,HIGH(@0+(@1))
                 	CALL __EEPROMWRW
                 	.ENDM
                 
                 	.MACRO __PUTD1EN
                 	LDI  R26,LOW(@0+(@1))
                 	LDI  R27,HIGH(@0+(@1))
                 	CALL __EEPROMWRD
                 	.ENDM
                 
                 	.MACRO __PUTBR0MN
                 	STS  @0+(@1),R0
                 	.ENDM
                 
                 	.MACRO __PUTBMRN
                 	STS  @0+(@1),R@2
                 	.ENDM
                 
                 	.MACRO __PUTWMRN
                 	STS  @0+(@1),R@2
                 	STS  @0+(@1)+1,R@3
                 	.ENDM
                 
                 	.MACRO __PUTBZR
                 	STD  Z+@1,R@0
                 	.ENDM
                 
                 	.MACRO __PUTWZR
                 	STD  Z+@2,R@0
                 	STD  Z+@2+1,R@1
                 	.ENDM
                 
                 	.MACRO __GETW1R
                 	MOV  R30,R@0
                 	MOV  R31,R@1
                 	.ENDM
                 
                 	.MACRO __GETW2R
                 	MOV  R26,R@0
                 	MOV  R27,R@1
                 	.ENDM
                 
                 	.MACRO __GETWRN
                 	LDI  R@0,LOW(@2)
                 	LDI  R@1,HIGH(@2)
                 	.ENDM
                 
                 	.MACRO __PUTW1R
                 	MOV  R@0,R30
                 	MOV  R@1,R31
                 	.ENDM
                 
                 	.MACRO __PUTW2R
                 	MOV  R@0,R26
                 	MOV  R@1,R27
                 	.ENDM
                 
                 	.MACRO __ADDWRN
                 	SUBI R@0,LOW(-@2)
                 	SBCI R@1,HIGH(-@2)
                 	.ENDM
                 
                 	.MACRO __ADDWRR
                 	ADD  R@0,R@2
                 	ADC  R@1,R@3
                 	.ENDM
                 
                 	.MACRO __SUBWRN
                 	SUBI R@0,LOW(@2)
                 	SBCI R@1,HIGH(@2)
                 	.ENDM
                 
                 	.MACRO __SUBWRR
                 	SUB  R@0,R@2
                 	SBC  R@1,R@3
                 	.ENDM
                 
                 	.MACRO __ANDWRN
                 	ANDI R@0,LOW(@2)
                 	ANDI R@1,HIGH(@2)
                 	.ENDM
                 
                 	.MACRO __ANDWRR
                 	AND  R@0,R@2
                 	AND  R@1,R@3
                 	.ENDM
                 
                 	.MACRO __ORWRN
                 	ORI  R@0,LOW(@2)
                 	ORI  R@1,HIGH(@2)
                 	.ENDM
                 
                 	.MACRO __ORWRR
                 	OR   R@0,R@2
                 	OR   R@1,R@3
                 	.ENDM
                 
                 	.MACRO __EORWRR
                 	EOR  R@0,R@2
                 	EOR  R@1,R@3
                 	.ENDM
                 
                 	.MACRO __GETWRS
                 	LDD  R@0,Y+@2
                 	LDD  R@1,Y+@2+1
                 	.ENDM
                 
                 	.MACRO __PUTBSR
                 	STD  Y+@1,R@0
                 	.ENDM
                 
                 	.MACRO __PUTWSR
                 	STD  Y+@2,R@0
                 	STD  Y+@2+1,R@1
                 	.ENDM
                 
                 	.MACRO __MOVEWRR
                 	MOV  R@0,R@2
                 	MOV  R@1,R@3
                 	.ENDM
                 
                 	.MACRO __INWR
                 	IN   R@0,@2
                 	IN   R@1,@2+1
                 	.ENDM
                 
                 	.MACRO __OUTWR
                 	OUT  @2+1,R@1
                 	OUT  @2,R@0
                 	.ENDM
                 
                 	.MACRO __CALL1MN
                 	LDS  R30,@0+(@1)
                 	LDS  R31,@0+(@1)+1
                 	ICALL
                 	.ENDM
                 
                 	.MACRO __CALL1FN
                 	LDI  R30,LOW(2*@0+(@1))
                 	LDI  R31,HIGH(2*@0+(@1))
                 	CALL __GETW1PF
                 	ICALL
                 	.ENDM
                 
                 	.MACRO __CALL2EN
                 	PUSH R26
                 	PUSH R27
                 	LDI  R26,LOW(@0+(@1))
                 	LDI  R27,HIGH(@0+(@1))
                 	CALL __EEPROMRDW
                 	POP  R27
                 	POP  R26
                 	ICALL
                 	.ENDM
                 
                 	.MACRO __CALL2EX
                 	SUBI R26,LOW(-@0)
                 	SBCI R27,HIGH(-@0)
                 	CALL __EEPROMRDD
                 	ICALL
                 	.ENDM
                 
                 	.MACRO __GETW1STACK
                 	IN   R30,SPL
                 	IN   R31,SPH
                 	ADIW R30,@0+1
                 	LD   R0,Z+
                 	LD   R31,Z
                 	MOV  R30,R0
                 	.ENDM
                 
                 	.MACRO __GETD1STACK
                 	IN   R30,SPL
                 	IN   R31,SPH
                 	ADIW R30,@0+1
                 	LD   R0,Z+
                 	LD   R1,Z+
                 	LD   R22,Z
                 	MOVW R30,R0
                 	.ENDM
                 
                 	.MACRO __NBST
                 	BST  R@0,@1
                 	IN   R30,SREG
                 	LDI  R31,0x40
                 	EOR  R30,R31
                 	OUT  SREG,R30
                 	.ENDM
                 
                 
                 	.MACRO __PUTB1SN
                 	LDD  R26,Y+@0
                 	LDD  R27,Y+@0+1
                 	SUBI R26,LOW(-@1)
                 	SBCI R27,HIGH(-@1)
                 	ST   X,R30
                 	.ENDM
                 
                 	.MACRO __PUTW1SN
                 	LDD  R26,Y+@0
                 	LDD  R27,Y+@0+1
                 	SUBI R26,LOW(-@1)
                 	SBCI R27,HIGH(-@1)
                 	ST   X+,R30
                 	ST   X,R31
                 	.ENDM
                 
                 	.MACRO __PUTD1SN
                 	LDD  R26,Y+@0
                 	LDD  R27,Y+@0+1
                 	SUBI R26,LOW(-@1)
                 	SBCI R27,HIGH(-@1)
                 	CALL __PUTDP1
                 	.ENDM
                 
                 	.MACRO __PUTB1SNS
                 	LDD  R26,Y+@0
                 	LDD  R27,Y+@0+1
                 	ADIW R26,@1
                 	ST   X,R30
                 	.ENDM
                 
                 	.MACRO __PUTW1SNS
                 	LDD  R26,Y+@0
                 	LDD  R27,Y+@0+1
                 	ADIW R26,@1
                 	ST   X+,R30
                 	ST   X,R31
                 	.ENDM
                 
                 	.MACRO __PUTD1SNS
                 	LDD  R26,Y+@0
                 	LDD  R27,Y+@0+1
                 	ADIW R26,@1
                 	CALL __PUTDP1
                 	.ENDM
                 
                 	.MACRO __PUTB1PMN
                 	LDS  R26,@0
                 	LDS  R27,@0+1
                 	SUBI R26,LOW(-@1)
                 	SBCI R27,HIGH(-@1)
                 	ST   X,R30
                 	.ENDM
                 
                 	.MACRO __PUTW1PMN
                 	LDS  R26,@0
                 	LDS  R27,@0+1
                 	SUBI R26,LOW(-@1)
                 	SBCI R27,HIGH(-@1)
                 	ST   X+,R30
                 	ST   X,R31
                 	.ENDM
                 
                 	.MACRO __PUTD1PMN
                 	LDS  R26,@0
                 	LDS  R27,@0+1
                 	SUBI R26,LOW(-@1)
                 	SBCI R27,HIGH(-@1)
                 	CALL __PUTDP1
                 	.ENDM
                 
                 	.MACRO __PUTB1PMNS
                 	LDS  R26,@0
                 	LDS  R27,@0+1
                 	ADIW R26,@1
                 	ST   X,R30
                 	.ENDM
                 
                 	.MACRO __PUTW1PMNS
                 	LDS  R26,@0
                 	LDS  R27,@0+1
                 	ADIW R26,@1
                 	ST   X+,R30
                 	ST   X,R31
                 	.ENDM
                 
                 	.MACRO __PUTD1PMNS
                 	LDS  R26,@0
                 	LDS  R27,@0+1
                 	ADIW R26,@1
                 	CALL __PUTDP1
                 	.ENDM
                 
                 	.MACRO __PUTB1RN
                 	MOVW R26,R@0
                 	SUBI R26,LOW(-@1)
                 	SBCI R27,HIGH(-@1)
                 	ST   X,R30
                 	.ENDM
                 
                 	.MACRO __PUTW1RN
                 	MOVW R26,R@0
                 	SUBI R26,LOW(-@1)
                 	SBCI R27,HIGH(-@1)
                 	ST   X+,R30
                 	ST   X,R31
                 	.ENDM
                 
                 	.MACRO __PUTD1RN
                 	MOVW R26,R@0
                 	SUBI R26,LOW(-@1)
                 	SBCI R27,HIGH(-@1)
                 	CALL __PUTDP1
                 	.ENDM
                 
                 	.MACRO __PUTB1RNS
                 	MOVW R26,R@0
                 	ADIW R26,@1
                 	ST   X,R30
                 	.ENDM
                 
                 	.MACRO __PUTW1RNS
                 	MOVW R26,R@0
                 	ADIW R26,@1
                 	ST   X+,R30
                 	ST   X,R31
                 	.ENDM
                 
                 	.MACRO __PUTD1RNS
                 	MOVW R26,R@0
                 	ADIW R26,@1
                 	CALL __PUTDP1
                 	.ENDM
                 
                 	.MACRO __PUTB1RON
                 	MOV  R26,R@0
                 	MOV  R27,R@1
                 	SUBI R26,LOW(-@2)
                 	SBCI R27,HIGH(-@2)
                 	ST   X,R30
                 	.ENDM
                 
                 	.MACRO __PUTW1RON
                 	MOV  R26,R@0
                 	MOV  R27,R@1
                 	SUBI R26,LOW(-@2)
                 	SBCI R27,HIGH(-@2)
                 	ST   X+,R30
                 	ST   X,R31
                 	.ENDM
                 
                 	.MACRO __PUTD1RON
                 	MOV  R26,R@0
                 	MOV  R27,R@1
                 	SUBI R26,LOW(-@2)
                 	SBCI R27,HIGH(-@2)
                 	CALL __PUTDP1
                 	.ENDM
                 
                 	.MACRO __PUTB1RONS
                 	MOV  R26,R@0
                 	MOV  R27,R@1
                 	ADIW R26,@2
                 	ST   X,R30
                 	.ENDM
                 
                 	.MACRO __PUTW1RONS
                 	MOV  R26,R@0
                 	MOV  R27,R@1
                 	ADIW R26,@2
                 	ST   X+,R30
                 	ST   X,R31
                 	.ENDM
                 
                 	.MACRO __PUTD1RONS
                 	MOV  R26,R@0
                 	MOV  R27,R@1
                 	ADIW R26,@2
                 	CALL __PUTDP1
                 	.ENDM
                 
                 
                 	.MACRO __GETB1SX
                 	MOVW R30,R28
                 	SUBI R30,LOW(-@0)
                 	SBCI R31,HIGH(-@0)
                 	LD   R30,Z
                 	.ENDM
                 
                 	.MACRO __GETB1HSX
                 	MOVW R30,R28
                 	SUBI R30,LOW(-@0)
                 	SBCI R31,HIGH(-@0)
                 	LD   R31,Z
                 	.ENDM
                 
                 	.MACRO __GETW1SX
                 	MOVW R30,R28
                 	SUBI R30,LOW(-@0)
                 	SBCI R31,HIGH(-@0)
                 	LD   R0,Z+
                 	LD   R31,Z
                 	MOV  R30,R0
                 	.ENDM
                 
                 	.MACRO __GETD1SX
                 	MOVW R30,R28
                 	SUBI R30,LOW(-@0)
                 	SBCI R31,HIGH(-@0)
                 	LD   R0,Z+
                 	LD   R1,Z+
                 	LD   R22,Z+
                 	LD   R23,Z
                 	MOVW R30,R0
                 	.ENDM
                 
                 	.MACRO __GETB2SX
                 	MOVW R26,R28
                 	SUBI R26,LOW(-@0)
                 	SBCI R27,HIGH(-@0)
                 	LD   R26,X
                 	.ENDM
                 
                 	.MACRO __GETW2SX
                 	MOVW R26,R28
                 	SUBI R26,LOW(-@0)
                 	SBCI R27,HIGH(-@0)
                 	LD   R0,X+
                 	LD   R27,X
                 	MOV  R26,R0
                 	.ENDM
                 
                 	.MACRO __GETD2SX
                 	MOVW R26,R28
                 	SUBI R26,LOW(-@0)
                 	SBCI R27,HIGH(-@0)
                 	LD   R0,X+
                 	LD   R1,X+
                 	LD   R24,X+
                 	LD   R25,X
                 	MOVW R26,R0
                 	.ENDM
                 
                 	.MACRO __GETBRSX
                 	MOVW R30,R28
                 	SUBI R30,LOW(-@1)
                 	SBCI R31,HIGH(-@1)
                 	LD   R@0,Z
                 	.ENDM
                 
                 	.MACRO __GETWRSX
                 	MOVW R30,R28
                 	SUBI R30,LOW(-@2)
                 	SBCI R31,HIGH(-@2)
                 	LD   R@0,Z+
                 	LD   R@1,Z
                 	.ENDM
                 
                 	.MACRO __GETBRSX2
                 	MOVW R26,R28
                 	SUBI R26,LOW(-@1)
                 	SBCI R27,HIGH(-@1)
                 	LD   R@0,X
                 	.ENDM
                 
                 	.MACRO __GETWRSX2
                 	MOVW R26,R28
                 	SUBI R26,LOW(-@2)
                 	SBCI R27,HIGH(-@2)
                 	LD   R@0,X+
                 	LD   R@1,X
                 	.ENDM
                 
                 	.MACRO __LSLW8SX
                 	MOVW R30,R28
                 	SUBI R30,LOW(-@0)
                 	SBCI R31,HIGH(-@0)
                 	LD   R31,Z
                 	CLR  R30
                 	.ENDM
                 
                 	.MACRO __PUTB1SX
                 	MOVW R26,R28
                 	SUBI R26,LOW(-@0)
                 	SBCI R27,HIGH(-@0)
                 	ST   X,R30
                 	.ENDM
                 
                 	.MACRO __PUTW1SX
                 	MOVW R26,R28
                 	SUBI R26,LOW(-@0)
                 	SBCI R27,HIGH(-@0)
                 	ST   X+,R30
                 	ST   X,R31
                 	.ENDM
                 
                 	.MACRO __PUTD1SX
                 	MOVW R26,R28
                 	SUBI R26,LOW(-@0)
                 	SBCI R27,HIGH(-@0)
                 	ST   X+,R30
                 	ST   X+,R31
                 	ST   X+,R22
                 	ST   X,R23
                 	.ENDM
                 
                 	.MACRO __CLRW1SX
                 	MOVW R26,R28
                 	SUBI R26,LOW(-@0)
                 	SBCI R27,HIGH(-@0)
                 	ST   X+,R30
                 	ST   X,R30
                 	.ENDM
                 
                 	.MACRO __CLRD1SX
                 	MOVW R26,R28
                 	SUBI R26,LOW(-@0)
                 	SBCI R27,HIGH(-@0)
                 	ST   X+,R30
                 	ST   X+,R30
                 	ST   X+,R30
                 	ST   X,R30
                 	.ENDM
                 
                 	.MACRO __PUTB2SX
                 	MOVW R30,R28
                 	SUBI R30,LOW(-@0)
                 	SBCI R31,HIGH(-@0)
                 	ST   Z,R26
                 	.ENDM
                 
                 	.MACRO __PUTW2SX
                 	MOVW R30,R28
                 	SUBI R30,LOW(-@0)
                 	SBCI R31,HIGH(-@0)
                 	ST   Z+,R26
                 	ST   Z,R27
                 	.ENDM
                 
                 	.MACRO __PUTD2SX
                 	MOVW R30,R28
                 	SUBI R30,LOW(-@0)
                 	SBCI R31,HIGH(-@0)
                 	ST   Z+,R26
                 	ST   Z+,R27
                 	ST   Z+,R24
                 	ST   Z,R25
                 	.ENDM
                 
                 	.MACRO __PUTBSRX
                 	MOVW R30,R28
                 	SUBI R30,LOW(-@1)
                 	SBCI R31,HIGH(-@1)
                 	ST   Z,R@0
                 	.ENDM
                 
                 	.MACRO __PUTWSRX
                 	MOVW R30,R28
                 	SUBI R30,LOW(-@2)
                 	SBCI R31,HIGH(-@2)
                 	ST   Z+,R@0
                 	ST   Z,R@1
                 	.ENDM
                 
                 	.MACRO __PUTB1SNX
                 	MOVW R26,R28
                 	SUBI R26,LOW(-@0)
                 	SBCI R27,HIGH(-@0)
                 	LD   R0,X+
                 	LD   R27,X
                 	MOV  R26,R0
                 	SUBI R26,LOW(-@1)
                 	SBCI R27,HIGH(-@1)
                 	ST   X,R30
                 	.ENDM
                 
                 	.MACRO __PUTW1SNX
                 	MOVW R26,R28
                 	SUBI R26,LOW(-@0)
                 	SBCI R27,HIGH(-@0)
                 	LD   R0,X+
                 	LD   R27,X
                 	MOV  R26,R0
                 	SUBI R26,LOW(-@1)
                 	SBCI R27,HIGH(-@1)
                 	ST   X+,R30
                 	ST   X,R31
                 	.ENDM
                 
                 	.MACRO __PUTD1SNX
                 	MOVW R26,R28
                 	SUBI R26,LOW(-@0)
                 	SBCI R27,HIGH(-@0)
                 	LD   R0,X+
                 	LD   R27,X
                 	MOV  R26,R0
                 	SUBI R26,LOW(-@1)
                 	SBCI R27,HIGH(-@1)
                 	ST   X+,R30
                 	ST   X+,R31
                 	ST   X+,R22
                 	ST   X,R23
                 	.ENDM
                 
                 	.MACRO __MULBRR
                 	MULS R@0,R@1
                 	MOVW R30,R0
                 	.ENDM
                 
                 	.MACRO __MULBRRU
                 	MUL  R@0,R@1
                 	MOVW R30,R0
                 	.ENDM
                 
                 	.MACRO __MULBRR0
                 	MULS R@0,R@1
                 	.ENDM
                 
                 	.MACRO __MULBRRU0
                 	MUL  R@0,R@1
                 	.ENDM
                 
                 	.MACRO __MULBNWRU
                 	LDI  R26,@2
                 	MUL  R26,R@0
                 	MOVW R30,R0
                 	MUL  R26,R@1
                 	ADD  R31,R0
                 	.ENDM
                 
                 ;NAME DEFINITIONS FOR GLOBAL VARIABLES ALLOCATED TO REGISTERS
                 	.DEF _ival=R4
                 	.DEF _ival_msb=R5
                 	.DEF _flag=R6
                 	.DEF _flag_msb=R7
                 
                 	.CSEG
                 	.ORG 0x00
                 
                 ;START OF CODE MARKER
                 __START_OF_CODE:
                 
                 ;INTERRUPT VECTORS
000000 940c 008c 	JMP  __RESET
000002 940c 0000 	JMP  0x00
000004 940c 0000 	JMP  0x00
000006 940c 0000 	JMP  0x00
000008 940c 0000 	JMP  0x00
00000a 940c 0000 	JMP  0x00
00000c 940c 0000 	JMP  0x00
00000e 940c 0000 	JMP  0x00
000010 940c 0000 	JMP  0x00
000012 940c 0000 	JMP  0x00
000014 940c 0000 	JMP  0x00
000016 940c 0000 	JMP  0x00
000018 940c 0000 	JMP  0x00
00001a 940c 0000 	JMP  0x00
00001c 940c 0000 	JMP  0x00
00001e 940c 0000 	JMP  0x00
000020 940c 0000 	JMP  0x00
000022 940c 0000 	JMP  0x00
000024 940c 0000 	JMP  0x00
000026 940c 0000 	JMP  0x00
000028 940c 0000 	JMP  0x00
00002a 940c 0000 	JMP  0x00
00002c 940c 0000 	JMP  0x00
00002e 940c 0000 	JMP  0x00
000030 940c 0000 	JMP  0x00
000032 940c 0000 	JMP  0x00
000034 940c 0000 	JMP  0x00
000036 940c 0000 	JMP  0x00
000038 940c 0000 	JMP  0x00
00003a 940c 0000 	JMP  0x00
00003c 940c 0000 	JMP  0x00
00003e 940c 0000 	JMP  0x00
000040 940c 0000 	JMP  0x00
000042 940c 0000 	JMP  0x00
000044 940c 0000 	JMP  0x00
                 
                 ;GLOBAL REGISTER VARIABLES INITIALIZATION
                 __REG_VARS:
000046 0000      	.DB  0x0,0x0
                 
                 _0x0:
000047 5320
000048 6e65
000049 6f73
00004a 2072      	.DB  0x20,0x53,0x65,0x6E,0x73,0x6F,0x72,0x20
00004b 6341
00004c 6974
00004d 6576
00004e 0020      	.DB  0x41,0x63,0x74,0x69,0x76,0x65,0x20,0x0
00004f 6157
000050 6974
000051 676e
000052 6620      	.DB  0x57,0x61,0x74,0x69,0x6E,0x67,0x20,0x66
000053 726f
000054 3320
000055 7320
000056 6365      	.DB  0x6F,0x72,0x20,0x33,0x20,0x73,0x65,0x63
000057 5700
000058 7461
000059 6e69
00005a 2067      	.DB  0x0,0x57,0x61,0x74,0x69,0x6E,0x67,0x20
00005b 6f66
00005c 2072
00005d 2032
00005e 6573      	.DB  0x66,0x6F,0x72,0x20,0x32,0x20,0x73,0x65
00005f 0063
000060 6157
000061 6974
000062 676e      	.DB  0x63,0x0,0x57,0x61,0x74,0x69,0x6E,0x67
000063 6620
000064 726f
000065 3120
000066 7320      	.DB  0x20,0x66,0x6F,0x72,0x20,0x31,0x20,0x73
000067 6365
000068 5200
000069 6365
00006a 6569      	.DB  0x65,0x63,0x0,0x52,0x65,0x63,0x69,0x65
00006b 6576
00006c 6320
00006d 6d6f
00006e 6c70      	.DB  0x76,0x65,0x20,0x63,0x6F,0x6D,0x70,0x6C
00006f 7465
000070 0065
000071 6552
000072 6963      	.DB  0x65,0x74,0x65,0x0,0x52,0x65,0x63,0x69
000073 7665
000074 2065
000075 4146
000076 4c49      	.DB  0x65,0x76,0x65,0x20,0x46,0x41,0x49,0x4C
000077 2000
000078 6553
000079 736e
00007a 726f      	.DB  0x0,0x20,0x53,0x65,0x6E,0x73,0x6F,0x72
00007b 4920
00007c 616e
00007d 7463
00007e 7669      	.DB  0x20,0x49,0x6E,0x61,0x63,0x74,0x69,0x76
00007f 0065
000080 2020
000081 4920
000082 746e      	.DB  0x65,0x0,0x20,0x20,0x20,0x49,0x6E,0x74
000083 6169
000084 206c
000085 6f4d
000086 6564      	.DB  0x69,0x61,0x6C,0x20,0x4D,0x6F,0x64,0x65
C:\a_semester3_1\lcd_project\Debug\List\lcdproj.asm(1166): warning: .cseg .db misalignment - padding zero byte
000087 0000      	.DB  0x0
                 
                 __GLOBAL_INI_TBL:
000088 0002      	.DW  0x02
000089 0006      	.DW  0x06
00008a 008c      	.DW  __REG_VARS*2
                 
                 _0xFFFFFFFF:
00008b 0000      	.DW  0
                 
                 #define __GLOBAL_INI_TBL_PRESENT 1
                 
                 __RESET:
00008c 94f8      	CLI
00008d 27ee      	CLR  R30
00008e bbec      	OUT  EECR,R30
                 
                 ;INTERRUPT VECTORS ARE PLACED
                 ;AT THE START OF FLASH
00008f e0f1      	LDI  R31,1
000090 bff5      	OUT  MCUCR,R31
000091 bfe5      	OUT  MCUCR,R30
000092 93e0 006c 	STS  XMCRB,R30
                 
                 ;CLEAR R2-R14
000094 e08d      	LDI  R24,(14-2)+1
000095 e0a2      	LDI  R26,2
000096 27bb      	CLR  R27
                 __CLEAR_REG:
000097 93ed      	ST   X+,R30
000098 958a      	DEC  R24
000099 f7e9      	BRNE __CLEAR_REG
                 
                 ;CLEAR SRAM
00009a e080      	LDI  R24,LOW(__CLEAR_SRAM_SIZE)
00009b e190      	LDI  R25,HIGH(__CLEAR_SRAM_SIZE)
00009c e0a0      	LDI  R26,LOW(__SRAM_START)
00009d e0b1      	LDI  R27,HIGH(__SRAM_START)
                 __CLEAR_SRAM:
00009e 93ed      	ST   X+,R30
00009f 9701      	SBIW R24,1
0000a0 f7e9      	BRNE __CLEAR_SRAM
                 
                 ;GLOBAL VARIABLES INITIALIZATION
0000a1 e1e0      	LDI  R30,LOW(__GLOBAL_INI_TBL*2)
0000a2 e0f1      	LDI  R31,HIGH(__GLOBAL_INI_TBL*2)
                 __GLOBAL_INI_NEXT:
0000a3 9185      	LPM  R24,Z+
0000a4 9195      	LPM  R25,Z+
0000a5 9700      	SBIW R24,0
0000a6 f061      	BREQ __GLOBAL_INI_END
0000a7 91a5      	LPM  R26,Z+
0000a8 91b5      	LPM  R27,Z+
0000a9 9005      	LPM  R0,Z+
0000aa 9015      	LPM  R1,Z+
0000ab 01bf      	MOVW R22,R30
0000ac 01f0      	MOVW R30,R0
                 __GLOBAL_INI_LOOP:
0000ad 9005      	LPM  R0,Z+
0000ae 920d      	ST   X+,R0
0000af 9701      	SBIW R24,1
0000b0 f7e1      	BRNE __GLOBAL_INI_LOOP
0000b1 01fb      	MOVW R30,R22
0000b2 cff0      	RJMP __GLOBAL_INI_NEXT
                 __GLOBAL_INI_END:
                 
0000b3 bf8b      	OUT  RAMPZ,R24
                 
                 ;HARDWARE STACK POINTER INITIALIZATION
0000b4 efef      	LDI  R30,LOW(__SRAM_END-__HEAP_SIZE)
0000b5 bfed      	OUT  SPL,R30
0000b6 e1e0      	LDI  R30,HIGH(__SRAM_END-__HEAP_SIZE)
0000b7 bfee      	OUT  SPH,R30
                 
                 ;DATA STACK POINTER INITIALIZATION
0000b8 e0c0      	LDI  R28,LOW(__SRAM_START+__DSTACK_SIZE)
0000b9 e0d5      	LDI  R29,HIGH(__SRAM_START+__DSTACK_SIZE)
                 
0000ba 940c 00bc 	JMP  _main
                 
                 	.ESEG
                 	.ORG 0
                 
                 	.DSEG
                 	.ORG 0x500
                 
                 	.CSEG
                 ;#include <mega128.h>
                 	#ifndef __SLEEP_DEFINED__
                 	#define __SLEEP_DEFINED__
                 	.EQU __se_bit=0x20
                 	.EQU __sm_mask=0x1C
                 	.EQU __sm_powerdown=0x10
                 	.EQU __sm_powersave=0x18
                 	.EQU __sm_standby=0x14
                 	.EQU __sm_ext_standby=0x1C
                 	.EQU __sm_adc_noise_red=0x08
                 	.SET power_ctrl_reg=mcucr
                 	#endif
                 ;#include <delay.h>
                 ;
                 ;#define FUNCSET       0x28    // Function Set
                 ;#define ENTMODE          0x06    // Entry Mode Set
                 ;#define ALLCLR        0x01    // All Clear
                 ;#define DISPON        0x0c     // Display On
                 ;#define LINE2         0xC0    // 2nd Line Move
                 ;
                 ;void LCD_init(void);
                 ;void LCD_String(char flash *);
                 ;void Busy(void);
                 ;void Command(unsigned char);
                 ;void Data(unsigned char);
                 ;
                 ;void AD_DS(int);
                 ;void COMPLETE();
                 ;void FAIL();
                 ;void LCD_IDLE();
                 ;void LCD_standby();
                 ;
                 ;float fval;
                 ;int ival;
                 ;unsigned int flag = 0;
                 ;
                 ;void main(void)
                 ; 0000 001B {
                 
                 	.CSEG
                 _main:
                 ; .FSTART _main
                 ; 0000 001C     int ad_val;
                 ; 0000 001D     unsigned char SW;
                 ; 0000 001E         LCD_IDLE();
                 ;	ad_val -> R16,R17
                 ;	SW -> R19
0000bc d081      	RCALL _LCD_IDLE
                 ; 0000 001F         /*
                 ; 0000 0020         주석처리한게 LCD_IDLE() 내용
                 ; 0000 0021         LCD_init();
                 ; 0000 0022         LCD_String(" Sensor inactive");    // 첫번째 라인에 출력
                 ; 0000 0023         Command(LINE2);
                 ; 0000 0024         LCD_String("   Intial Mode");    // 두번째 라인에 출력
                 ; 0000 0025         */
                 ; 0000 0026     DDRE = 0x0;
0000bd e0e0      	LDI  R30,LOW(0)
0000be b9e2      	OUT  0x2,R30
                 ; 0000 0027     ADMUX = 0b01000000;
0000bf e4e0      	LDI  R30,LOW(64)
0000c0 b9e7      	OUT  0x7,R30
                 ; 0000 0028     ADCSRA = 0x87;
0000c1 e8e7      	LDI  R30,LOW(135)
0000c2 b9e6      	OUT  0x6,R30
                 ; 0000 0029 
                 ; 0000 002A     delay_ms(10);
0000c3 e0aa      	LDI  R26,LOW(10)
0000c4 e0b0      	LDI  R27,0
0000c5 d276      	RCALL _delay_ms
                 ; 0000 002B 
                 ; 0000 002C     while(1)
                 _0x3:
                 ; 0000 002D     {
                 ; 0000 002E 
                 ; 0000 002F         ADCSRA = ADCSRA | 0b01000000;
0000c6 9a36      	SBI  0x6,6
                 ; 0000 0030         while((ADCSRA & 0x10) == 0);
                 _0x6:
0000c7 9b34      	SBIS 0x6,4
0000c8 cffe      	RJMP _0x6
                 ; 0000 0031             ad_val = (int)ADCL + ((int)ADCH << 8);
0000c9 b1e4      	IN   R30,0x4
0000ca e0f0      	LDI  R31,0
0000cb 01df      	MOVW R26,R30
0000cc b1e5      	IN   R30,0x5
0000cd 2ffe      	MOV  R31,R30
0000ce e0e0      	LDI  R30,0
0000cf 0fea      	ADD  R30,R26
0000d0 1ffb      	ADC  R31,R27
0000d1 018f      	MOVW R16,R30
                 ; 0000 0032         AD_DS(ad_val);
0000d2 01d8      	MOVW R26,R16
0000d3 d01c      	RCALL _AD_DS
                 ; 0000 0033 
                 ; 0000 0034         SW = PINE & 0b00010000;
0000d4 b1e1      	IN   R30,0x1
0000d5 71e0      	ANDI R30,LOW(0x10)
0000d6 2f3e      	MOV  R19,R30
                 ; 0000 0035         if(SW == 0)
0000d7 3030      	CPI  R19,0
0000d8 f431      	BRNE _0x9
                 ; 0000 0036         {
                 ; 0000 0037             LCD_IDLE();
0000d9 d064      	RCALL _LCD_IDLE
                 ; 0000 0038             flag = 0;
0000da 2466      	CLR  R6
0000db 2477      	CLR  R7
                 ; 0000 0039             delay_ms(500);
0000dc efa4      	LDI  R26,LOW(500)
0000dd e0b1      	LDI  R27,HIGH(500)
0000de d25d      	RCALL _delay_ms
                 ; 0000 003A         }
                 ; 0000 003B         delay_ms(1000);
                 _0x9:
0000df eea8      	LDI  R26,LOW(1000)
0000e0 e0b3      	LDI  R27,HIGH(1000)
0000e1 d25a      	RCALL _delay_ms
                 ; 0000 003C         delay_ms(1000);
0000e2 eea8      	LDI  R26,LOW(1000)
0000e3 e0b3      	LDI  R27,HIGH(1000)
0000e4 d257      	RCALL _delay_ms
                 ; 0000 003D 
                 ; 0000 003E         LCD_standby();
0000e5 d03b      	RCALL _LCD_standby
                 ; 0000 003F 
                 ; 0000 0040         if(ival >= 100 )
0000e6 e6e4      	LDI  R30,LOW(100)
0000e7 e0f0      	LDI  R31,HIGH(100)
0000e8 164e      	CP   R4,R30
0000e9 065f      	CPC  R5,R31
0000ea f014      	BRLT _0xA
                 ; 0000 0041         {
                 ; 0000 0042             FAIL();
0000eb d04e      	RCALL _FAIL
                 ; 0000 0043         }
                 ; 0000 0044         else
0000ec c001      	RJMP _0xB
                 _0xA:
                 ; 0000 0045             COMPLETE();
0000ed d048      	RCALL _COMPLETE
                 ; 0000 0046     }
                 _0xB:
0000ee cfd7      	RJMP _0x3
                 ; 0000 0047 }
                 _0xC:
0000ef cfff      	RJMP _0xC
                 ; .FEND
                 ;
                 ;void AD_DS(int val)
                 ; 0000 004A {
                 _AD_DS:
                 ; .FSTART _AD_DS
                 ; 0000 004B     fval = (float)val * 5.0 / 1023.0;
0000f0 931a      	ST   -Y,R17
0000f1 930a      	ST   -Y,R16
0000f2 018d      	MOVW R16,R26
                 ;	val -> R16,R17
0000f3 01f8      	MOVW R30,R16
0000f4 d0c8      	RCALL __CWD1
0000f5 d132      	RCALL __CDF1
                +
0000f6 e0a0     +LDI R26 , LOW ( 0x40A00000 )
0000f7 e0b0     +LDI R27 , HIGH ( 0x40A00000 )
0000f8 ea80     +LDI R24 , BYTE3 ( 0x40A00000 )
0000f9 e490     +LDI R25 , BYTE4 ( 0x40A00000 )
                 	__GETD2N 0x40A00000
0000fa d1af      	RCALL __MULF12
0000fb 01df      	MOVW R26,R30
0000fc 01cb      	MOVW R24,R22
                +
0000fd e0e0     +LDI R30 , LOW ( 0x447FC000 )
0000fe ecf0     +LDI R31 , HIGH ( 0x447FC000 )
0000ff e76f     +LDI R22 , BYTE3 ( 0x447FC000 )
000100 e474     +LDI R23 , BYTE4 ( 0x447FC000 )
                 	__GETD1N 0x447FC000
000101 d1f6      	RCALL __DIVF21
000102 93e0 0500 	STS  _fval,R30
000104 93f0 0501 	STS  _fval+1,R31
000106 9360 0502 	STS  _fval+2,R22
000108 9370 0503 	STS  _fval+3,R23
                 ; 0000 004C     ival = (int)(fval * 100.0 + 0.5);
00010a 91a0 0500 	LDS  R26,_fval
00010c 91b0 0501 	LDS  R27,_fval+1
00010e 9180 0502 	LDS  R24,_fval+2
000110 9190 0503 	LDS  R25,_fval+3
                +
000112 e0e0     +LDI R30 , LOW ( 0x42C80000 )
000113 e0f0     +LDI R31 , HIGH ( 0x42C80000 )
000114 ec68     +LDI R22 , BYTE3 ( 0x42C80000 )
000115 e472     +LDI R23 , BYTE4 ( 0x42C80000 )
                 	__GETD1N 0x42C80000
000116 d193      	RCALL __MULF12
                +
000117 e0a0     +LDI R26 , LOW ( 0x3F000000 )
000118 e0b0     +LDI R27 , HIGH ( 0x3F000000 )
000119 e080     +LDI R24 , BYTE3 ( 0x3F000000 )
00011a e39f     +LDI R25 , BYTE4 ( 0x3F000000 )
                 	__GETD2N 0x3F000000
00011b d13f      	RCALL __ADDF12
00011c d0d4      	RCALL __CFD1
00011d 012f      	MOVW R4,R30
                 ; 0000 004D }
00011e 9109      	LD   R16,Y+
00011f 9119      	LD   R17,Y+
000120 9508      	RET
                 ; .FEND
                 ;
                 ;void LCD_standby()
                 ; 0000 0050 {
                 _LCD_standby:
                 ; .FSTART _LCD_standby
                 ; 0000 0051      flag = 1;
000121 e0e1      	LDI  R30,LOW(1)
000122 e0f0      	LDI  R31,HIGH(1)
000123 013f      	MOVW R6,R30
                 ; 0000 0052      LCD_init();
000124 d023      	RCALL _LCD_init
                 ; 0000 0053      LCD_String(" Sensor Active ");
                +
000125 e8ae     +LDI R26 , LOW ( 2 * _0x0 + ( 0 ) )
000126 e0b0     +LDI R27 , HIGH ( 2 * _0x0 + ( 0 ) )
                 	__POINTW2FN _0x0,0
000127 d036      	RCALL _LCD_String
                 ; 0000 0054      Command(LINE2);
000128 eca0      	LDI  R26,LOW(192)
000129 d046      	RCALL _Command
                 ; 0000 0055      LCD_String("Wating for 3 sec");
                +
00012a e9ae     +LDI R26 , LOW ( 2 * _0x0 + ( 16 ) )
00012b e0b0     +LDI R27 , HIGH ( 2 * _0x0 + ( 16 ) )
                 	__POINTW2FN _0x0,16
00012c d05b      	RCALL SUBOPT_0x0
                 ; 0000 0056      delay_ms(1000);
                 ; 0000 0057 
                 ; 0000 0058      Command(LINE2);
                 ; 0000 0059      LCD_String("Wating for 2 sec");
                +
00012d eaaf     +LDI R26 , LOW ( 2 * _0x0 + ( 33 ) )
00012e e0b0     +LDI R27 , HIGH ( 2 * _0x0 + ( 33 ) )
                 	__POINTW2FN _0x0,33
00012f d058      	RCALL SUBOPT_0x0
                 ; 0000 005A      delay_ms(1000);
                 ; 0000 005B 
                 ; 0000 005C      Command(LINE2);
                 ; 0000 005D      LCD_String("Wating for 1 sec");
                +
000130 eca0     +LDI R26 , LOW ( 2 * _0x0 + ( 50 ) )
000131 e0b0     +LDI R27 , HIGH ( 2 * _0x0 + ( 50 ) )
                 	__POINTW2FN _0x0,50
000132 d02b      	RCALL _LCD_String
                 ; 0000 005E      delay_ms(1000);
000133 eea8      	LDI  R26,LOW(1000)
000134 e0b3      	LDI  R27,HIGH(1000)
000135 c050      	RJMP _0x2000001
                 ; 0000 005F 
                 ; 0000 0060 }
                 ; .FEND
                 ;void COMPLETE()
                 ; 0000 0062 {
                 _COMPLETE:
                 ; .FSTART _COMPLETE
                 ; 0000 0063     delay_ms(5);
000136 d057      	RCALL SUBOPT_0x1
                 ; 0000 0064     LCD_init();
                 ; 0000 0065     LCD_String("Recieve complete");
                +
000137 eda1     +LDI R26 , LOW ( 2 * _0x0 + ( 67 ) )
000138 e0b0     +LDI R27 , HIGH ( 2 * _0x0 + ( 67 ) )
                 	__POINTW2FN _0x0,67
000139 c00c      	RJMP _0x2000003
                 ; 0000 0066 }
                 ; .FEND
                 ;
                 ;void FAIL()
                 ; 0000 0069 {
                 _FAIL:
                 ; .FSTART _FAIL
                 ; 0000 006A     delay_ms(5);
00013a d053      	RCALL SUBOPT_0x1
                 ; 0000 006B     LCD_init();
                 ; 0000 006C     LCD_String("Recieve FAIL");
                +
00013b eea2     +LDI R26 , LOW ( 2 * _0x0 + ( 84 ) )
00013c e0b0     +LDI R27 , HIGH ( 2 * _0x0 + ( 84 ) )
                 	__POINTW2FN _0x0,84
00013d c008      	RJMP _0x2000003
                 ; 0000 006D }
                 ; .FEND
                 ;
                 ;void LCD_IDLE()
                 ; 0000 0070 {
                 _LCD_IDLE:
                 ; .FSTART _LCD_IDLE
                 ; 0000 0071     LCD_init();
00013e d009      	RCALL _LCD_init
                 ; 0000 0072     LCD_String(" Sensor Inactive");
                +
00013f eeaf     +LDI R26 , LOW ( 2 * _0x0 + ( 97 ) )
000140 e0b0     +LDI R27 , HIGH ( 2 * _0x0 + ( 97 ) )
                 	__POINTW2FN _0x0,97
000141 d01c      	RCALL _LCD_String
                 ; 0000 0073     Command(LINE2);
000142 eca0      	LDI  R26,LOW(192)
000143 d02c      	RCALL _Command
                 ; 0000 0074     LCD_String("   Intial Mode");
                +
000144 e0a0     +LDI R26 , LOW ( 2 * _0x0 + ( 114 ) )
000145 e0b1     +LDI R27 , HIGH ( 2 * _0x0 + ( 114 ) )
                 	__POINTW2FN _0x0,114
                 _0x2000003:
000146 d017      	RCALL _LCD_String
                 ; 0000 0075 }
000147 9508      	RET
                 ; .FEND
                 ;
                 ;
                 ;void LCD_init(void)
                 ; 0000 0079 {
                 _LCD_init:
                 ; .FSTART _LCD_init
                 ; 0000 007A     DDRD = 0xFF;
000148 efef      	LDI  R30,LOW(255)
000149 bbe1      	OUT  0x11,R30
                 ; 0000 007B     PORTD &= 0xFB;
00014a 9892      	CBI  0x12,2
                 ; 0000 007C 
                 ; 0000 007D     delay_ms(15);
00014b e0af      	LDI  R26,LOW(15)
00014c d045      	RCALL SUBOPT_0x2
                 ; 0000 007E     Command(0x20);
                 ; 0000 007F     delay_ms(5);
00014d e0a5      	LDI  R26,LOW(5)
00014e d043      	RCALL SUBOPT_0x2
                 ; 0000 0080     Command(0x20);
                 ; 0000 0081     delay_us(100);
                +
00014f e980     +LDI R24 , LOW ( 400 )
000150 e091     +LDI R25 , HIGH ( 400 )
                +__DELAY_USW_LOOP :
000151 9701     +SBIW R24 , 1
000152 f7f1     +BRNE __DELAY_USW_LOOP
                 	__DELAY_USW 400
                 ; 0000 0082     Command(0x20);
000153 e2a0      	LDI  R26,LOW(32)
000154 d01b      	RCALL _Command
                 ; 0000 0083     Command(FUNCSET);
000155 e2a8      	LDI  R26,LOW(40)
000156 d019      	RCALL _Command
                 ; 0000 0084     Command(DISPON);
000157 e0ac      	LDI  R26,LOW(12)
000158 d017      	RCALL _Command
                 ; 0000 0085     Command(ALLCLR);
000159 e0a1      	LDI  R26,LOW(1)
00015a d015      	RCALL _Command
                 ; 0000 0086     Command(ENTMODE);
00015b e0a6      	LDI  R26,LOW(6)
00015c d013      	RCALL _Command
                 ; 0000 0087 }
00015d 9508      	RET
                 ; .FEND
                 ;
                 ;void LCD_String(char flash *str)
                 ; 0000 008A {
                 _LCD_String:
                 ; .FSTART _LCD_String
                 ; 0000 008B     char flash *pStr=0;
                 ; 0000 008C 
                 ; 0000 008D     pStr = str;
00015e d04c      	RCALL __SAVELOCR4
00015f 019d      	MOVW R18,R26
                 ;	*str -> R18,R19
                 ;	*pStr -> R16,R17
                +
000160 e000     +LDI R16 , LOW ( 0 )
000161 e010     +LDI R17 , HIGH ( 0 )
                 	__GETWRN 16,17,0
000162 0189      	MOVW R16,R18
                 ; 0000 008E     while(*pStr) Data(*pStr++);
                 _0xD:
000163 01f8      	MOVW R30,R16
000164 91e4      	LPM  R30,Z
000165 30e0      	CPI  R30,0
000166 f031      	BREQ _0xF
000167 01f8      	MOVW R30,R16
                +
000168 5f0f     +SUBI R16 , LOW ( - 1 )
000169 4f1f     +SBCI R17 , HIGH ( - 1 )
                 	__ADDWRN 16,17,1
00016a 91a4      	LPM  R26,Z
00016b d009      	RCALL _Data
00016c cff6      	RJMP _0xD
                 _0xF:
                 ; 0000 008F }
00016d d042      	RCALL __LOADLOCR4
00016e 9624      	ADIW R28,4
00016f 9508      	RET
                 ; .FEND
                 ;
                 ;void Command(unsigned char byte)
                 ; 0000 0092 {
                 _Command:
                 ; .FSTART _Command
                 ; 0000 0093     Busy();
000170 d025      	RCALL SUBOPT_0x3
                 ;	byte -> R17
                 ; 0000 0094 
                 ; 0000 0095     PORTD = (byte & 0xF0);        // 데이터
                 ; 0000 0096     PORTD &= 0xFE;            //RS = 0;
000171 9890      	CBI  0x12,0
                 ; 0000 0097     PORTD &= 0xFD;            //RW = 0;
000172 d02a      	RCALL SUBOPT_0x4
                 ; 0000 0098     delay_us(1);
                 ; 0000 0099     PORTD |= 0x04;            //E = 1;
                 ; 0000 009A     delay_us(1);
                 ; 0000 009B     PORTD &= 0xFB;            //E = 0;
                 ; 0000 009C 
                 ; 0000 009D     PORTD = ((byte<<4) & 0xF0);    // 데이터
                 ; 0000 009E     PORTD &= 0xFE;            //RS = 0;
000173 9890      	CBI  0x12,0
                 ; 0000 009F     PORTD &= 0xFD;            //RW = 0;
000174 c004      	RJMP _0x2000002
                 ; 0000 00A0     delay_us(1);
                 ; 0000 00A1     PORTD |= 0x04;            //E = 1;
                 ; 0000 00A2     delay_us(1);
                 ; 0000 00A3     PORTD &= 0xFB;            //E = 0;
                 ; 0000 00A4 }
                 ; .FEND
                 ;
                 ;void Data(unsigned char byte)
                 ; 0000 00A7 {
                 _Data:
                 ; .FSTART _Data
                 ; 0000 00A8     Busy();
000175 d020      	RCALL SUBOPT_0x3
                 ;	byte -> R17
                 ; 0000 00A9 
                 ; 0000 00AA     PORTD = (byte & 0xF0);        // 데이터
                 ; 0000 00AB     PORTD |= 0x01;            //RS = 1;
000176 9a90      	SBI  0x12,0
                 ; 0000 00AC     PORTD &= 0xFD;            //RW = 0;
000177 d025      	RCALL SUBOPT_0x4
                 ; 0000 00AD     delay_us(1);
                 ; 0000 00AE     PORTD |= 0x04;            //E = 1;
                 ; 0000 00AF     delay_us(1);
                 ; 0000 00B0     PORTD &= 0xFB;            //E = 0;
                 ; 0000 00B1 
                 ; 0000 00B2     PORTD = ((byte<<4) & 0xF0);      // 데이터
                 ; 0000 00B3     PORTD |= 0x01;            //RS = 1;
000178 9a90      	SBI  0x12,0
                 ; 0000 00B4     PORTD &= 0xFD;            //RW = 0;
                 _0x2000002:
000179 9891      	CBI  0x12,1
                 ; 0000 00B5     delay_us(1);
                +
00017a e085     +LDI R24 , LOW ( 5 )
                +__DELAY_USB_LOOP :
00017b 958a     +DEC R24
00017c f7f1     +BRNE __DELAY_USB_LOOP
                 	__DELAY_USB 5
                 ; 0000 00B6     PORTD |= 0x04;            //E = 1;
00017d 9a92      	SBI  0x12,2
                 ; 0000 00B7     delay_us(1);
                +
00017e e085     +LDI R24 , LOW ( 5 )
                +__DELAY_USB_LOOP :
00017f 958a     +DEC R24
000180 f7f1     +BRNE __DELAY_USB_LOOP
                 	__DELAY_USB 5
                 ; 0000 00B8     PORTD &= 0xFB;            //E = 0;
000181 9892      	CBI  0x12,2
                 ; 0000 00B9 }
000182 9119      	LD   R17,Y+
000183 9508      	RET
                 ; .FEND
                 ;
                 ;void Busy(void)
                 ; 0000 00BC {
                 _Busy:
                 ; .FSTART _Busy
                 ; 0000 00BD     delay_ms(2);
000184 e0a2      	LDI  R26,LOW(2)
000185 e0b0      	LDI  R27,0
                 _0x2000001:
000186 d1b5      	RCALL _delay_ms
                 ; 0000 00BE }
000187 9508      	RET
                 ; .FEND
                 
                 	.DSEG
                 _fval:
000500           	.BYTE 0x4
                 
                 	.CSEG
                 ;OPTIMIZER ADDED SUBROUTINE, CALLED 2 TIMES, CODE SIZE REDUCTION:3 WORDS
                 SUBOPT_0x0:
000188 dfd5      	RCALL _LCD_String
000189 eea8      	LDI  R26,LOW(1000)
00018a e0b3      	LDI  R27,HIGH(1000)
00018b d1b0      	RCALL _delay_ms
00018c eca0      	LDI  R26,LOW(192)
00018d cfe2      	RJMP _Command
                 
                 ;OPTIMIZER ADDED SUBROUTINE, CALLED 2 TIMES, CODE SIZE REDUCTION:1 WORDS
                 SUBOPT_0x1:
00018e e0a5      	LDI  R26,LOW(5)
00018f e0b0      	LDI  R27,0
000190 d1ab      	RCALL _delay_ms
000191 cfb6      	RJMP _LCD_init
                 
                 ;OPTIMIZER ADDED SUBROUTINE, CALLED 2 TIMES, CODE SIZE REDUCTION:1 WORDS
                 SUBOPT_0x2:
000192 e0b0      	LDI  R27,0
000193 d1a8      	RCALL _delay_ms
000194 e2a0      	LDI  R26,LOW(32)
000195 cfda      	RJMP _Command
                 
                 ;OPTIMIZER ADDED SUBROUTINE, CALLED 2 TIMES, CODE SIZE REDUCTION:3 WORDS
                 SUBOPT_0x3:
000196 931a      	ST   -Y,R17
000197 2f1a      	MOV  R17,R26
000198 dfeb      	RCALL _Busy
000199 2fe1      	MOV  R30,R17
00019a 7fe0      	ANDI R30,LOW(0xF0)
00019b bbe2      	OUT  0x12,R30
00019c 9508      	RET
                 
                 ;OPTIMIZER ADDED SUBROUTINE, CALLED 2 TIMES, CODE SIZE REDUCTION:10 WORDS
                 SUBOPT_0x4:
00019d 9891      	CBI  0x12,1
                +
00019e e085     +LDI R24 , LOW ( 5 )
                +__DELAY_USB_LOOP :
00019f 958a     +DEC R24
0001a0 f7f1     +BRNE __DELAY_USB_LOOP
                 	__DELAY_USB 5
0001a1 9a92      	SBI  0x12,2
                +
0001a2 e085     +LDI R24 , LOW ( 5 )
                +__DELAY_USB_LOOP :
0001a3 958a     +DEC R24
0001a4 f7f1     +BRNE __DELAY_USB_LOOP
                 	__DELAY_USB 5
0001a5 9892      	CBI  0x12,2
0001a6 2fe1      	MOV  R30,R17
0001a7 95e2      	SWAP R30
0001a8 7fe0      	ANDI R30,LOW(0xF0)
0001a9 bbe2      	OUT  0x12,R30
0001aa 9508      	RET
                 
                 ;RUNTIME LIBRARY
                 
                 	.CSEG
                 __SAVELOCR4:
0001ab 933a      	ST   -Y,R19
                 __SAVELOCR3:
0001ac 932a      	ST   -Y,R18
                 __SAVELOCR2:
0001ad 931a      	ST   -Y,R17
0001ae 930a      	ST   -Y,R16
0001af 9508      	RET
                 
                 __LOADLOCR4:
0001b0 813b      	LDD  R19,Y+3
                 __LOADLOCR3:
0001b1 812a      	LDD  R18,Y+2
                 __LOADLOCR2:
0001b2 8119      	LDD  R17,Y+1
0001b3 8108      	LD   R16,Y
0001b4 9508      	RET
                 
                 __ANEGD1:
0001b5 95f0      	COM  R31
0001b6 9560      	COM  R22
0001b7 9570      	COM  R23
0001b8 95e1      	NEG  R30
0001b9 4fff      	SBCI R31,-1
0001ba 4f6f      	SBCI R22,-1
0001bb 4f7f      	SBCI R23,-1
0001bc 9508      	RET
                 
                 __CWD1:
0001bd 2f6f      	MOV  R22,R31
0001be 0f66      	ADD  R22,R22
0001bf 0b66      	SBC  R22,R22
0001c0 2f76      	MOV  R23,R22
0001c1 9508      	RET
                 
                 __ROUND_REPACK:
0001c2 2355      	TST  R21
0001c3 f442      	BRPL __REPACK
0001c4 3850      	CPI  R21,0x80
0001c5 f411      	BRNE __ROUND_REPACK0
0001c6 ffe0      	SBRS R30,0
0001c7 c004      	RJMP __REPACK
                 __ROUND_REPACK0:
0001c8 9631      	ADIW R30,1
0001c9 1f69      	ADC  R22,R25
0001ca 1f79      	ADC  R23,R25
0001cb f06b      	BRVS __REPACK1
                 
                 __REPACK:
0001cc e850      	LDI  R21,0x80
0001cd 2757      	EOR  R21,R23
0001ce f411      	BRNE __REPACK0
0001cf 935f      	PUSH R21
0001d0 c0c8      	RJMP __ZERORES
                 __REPACK0:
0001d1 3f5f      	CPI  R21,0xFF
0001d2 f031      	BREQ __REPACK1
0001d3 0f66      	LSL  R22
0001d4 0c00      	LSL  R0
0001d5 9557      	ROR  R21
0001d6 9567      	ROR  R22
0001d7 2f75      	MOV  R23,R21
0001d8 9508      	RET
                 __REPACK1:
0001d9 935f      	PUSH R21
0001da 2000      	TST  R0
0001db f00a      	BRMI __REPACK2
0001dc c0c7      	RJMP __MAXRES
                 __REPACK2:
0001dd c0c0      	RJMP __MINRES
                 
                 __UNPACK:
0001de e850      	LDI  R21,0x80
0001df 2e19      	MOV  R1,R25
0001e0 2215      	AND  R1,R21
0001e1 0f88      	LSL  R24
0001e2 1f99      	ROL  R25
0001e3 2795      	EOR  R25,R21
0001e4 0f55      	LSL  R21
0001e5 9587      	ROR  R24
                 
                 __UNPACK1:
0001e6 e850      	LDI  R21,0x80
0001e7 2e07      	MOV  R0,R23
0001e8 2205      	AND  R0,R21
0001e9 0f66      	LSL  R22
0001ea 1f77      	ROL  R23
0001eb 2775      	EOR  R23,R21
0001ec 0f55      	LSL  R21
0001ed 9567      	ROR  R22
0001ee 9508      	RET
                 
                 __CFD1U:
0001ef 9468      	SET
0001f0 c001      	RJMP __CFD1U0
                 __CFD1:
0001f1 94e8      	CLT
                 __CFD1U0:
0001f2 935f      	PUSH R21
0001f3 dff2      	RCALL __UNPACK1
0001f4 3870      	CPI  R23,0x80
0001f5 f018      	BRLO __CFD10
0001f6 3f7f      	CPI  R23,0xFF
0001f7 f408      	BRCC __CFD10
0001f8 c0a0      	RJMP __ZERORES
                 __CFD10:
0001f9 e156      	LDI  R21,22
0001fa 1b57      	SUB  R21,R23
0001fb f4aa      	BRPL __CFD11
0001fc 9551      	NEG  R21
0001fd 3058      	CPI  R21,8
0001fe f40e      	BRTC __CFD19
0001ff 3059      	CPI  R21,9
                 __CFD19:
000200 f030      	BRLO __CFD17
000201 efef      	SER  R30
000202 efff      	SER  R31
000203 ef6f      	SER  R22
000204 e77f      	LDI  R23,0x7F
000205 f977      	BLD  R23,7
000206 c01a      	RJMP __CFD15
                 __CFD17:
000207 2777      	CLR  R23
000208 2355      	TST  R21
000209 f0b9      	BREQ __CFD15
                 __CFD18:
00020a 0fee      	LSL  R30
00020b 1fff      	ROL  R31
00020c 1f66      	ROL  R22
00020d 1f77      	ROL  R23
00020e 955a      	DEC  R21
00020f f7d1      	BRNE __CFD18
000210 c010      	RJMP __CFD15
                 __CFD11:
000211 2777      	CLR  R23
                 __CFD12:
000212 3058      	CPI  R21,8
000213 f028      	BRLO __CFD13
000214 2fef      	MOV  R30,R31
000215 2ff6      	MOV  R31,R22
000216 2f67      	MOV  R22,R23
000217 5058      	SUBI R21,8
000218 cff9      	RJMP __CFD12
                 __CFD13:
000219 2355      	TST  R21
00021a f031      	BREQ __CFD15
                 __CFD14:
00021b 9576      	LSR  R23
00021c 9567      	ROR  R22
00021d 95f7      	ROR  R31
00021e 95e7      	ROR  R30
00021f 955a      	DEC  R21
000220 f7d1      	BRNE __CFD14
                 __CFD15:
000221 2000      	TST  R0
000222 f40a      	BRPL __CFD16
000223 df91      	RCALL __ANEGD1
                 __CFD16:
000224 915f      	POP  R21
000225 9508      	RET
                 
                 __CDF1U:
000226 9468      	SET
000227 c001      	RJMP __CDF1U0
                 __CDF1:
000228 94e8      	CLT
                 __CDF1U0:
000229 9730      	SBIW R30,0
00022a 4060      	SBCI R22,0
00022b 4070      	SBCI R23,0
00022c f0b1      	BREQ __CDF10
00022d 2400      	CLR  R0
00022e f026      	BRTS __CDF11
00022f 2377      	TST  R23
000230 f412      	BRPL __CDF11
000231 9400      	COM  R0
000232 df82      	RCALL __ANEGD1
                 __CDF11:
000233 2e17      	MOV  R1,R23
000234 e17e      	LDI  R23,30
000235 2011      	TST  R1
                 __CDF12:
000236 f032      	BRMI __CDF13
000237 957a      	DEC  R23
000238 0fee      	LSL  R30
000239 1fff      	ROL  R31
00023a 1f66      	ROL  R22
00023b 1c11      	ROL  R1
00023c cff9      	RJMP __CDF12
                 __CDF13:
00023d 2fef      	MOV  R30,R31
00023e 2ff6      	MOV  R31,R22
00023f 2d61      	MOV  R22,R1
000240 935f      	PUSH R21
000241 df8a      	RCALL __REPACK
000242 915f      	POP  R21
                 __CDF10:
000243 9508      	RET
                 
                 __SWAPACC:
000244 934f      	PUSH R20
000245 01af      	MOVW R20,R30
000246 01fd      	MOVW R30,R26
000247 01da      	MOVW R26,R20
000248 01ab      	MOVW R20,R22
000249 01bc      	MOVW R22,R24
00024a 01ca      	MOVW R24,R20
00024b 2d40      	MOV  R20,R0
00024c 2c01      	MOV  R0,R1
00024d 2e14      	MOV  R1,R20
00024e 914f      	POP  R20
00024f 9508      	RET
                 
                 __UADD12:
000250 0fea      	ADD  R30,R26
000251 1ffb      	ADC  R31,R27
000252 1f68      	ADC  R22,R24
000253 9508      	RET
                 
                 __NEGMAN1:
000254 95e0      	COM  R30
000255 95f0      	COM  R31
000256 9560      	COM  R22
000257 5fef      	SUBI R30,-1
000258 4fff      	SBCI R31,-1
000259 4f6f      	SBCI R22,-1
00025a 9508      	RET
                 
                 __ADDF12:
00025b 935f      	PUSH R21
00025c df81      	RCALL __UNPACK
00025d 3890      	CPI  R25,0x80
00025e f139      	BREQ __ADDF129
                 
                 __ADDF120:
00025f 3870      	CPI  R23,0x80
000260 f121      	BREQ __ADDF128
                 __ADDF121:
000261 2f57      	MOV  R21,R23
000262 1b59      	SUB  R21,R25
000263 f12b      	BRVS __ADDF1211
000264 f412      	BRPL __ADDF122
000265 dfde      	RCALL __SWAPACC
000266 cffa      	RJMP __ADDF121
                 __ADDF122:
000267 3158      	CPI  R21,24
000268 f018      	BRLO __ADDF123
000269 27aa      	CLR  R26
00026a 27bb      	CLR  R27
00026b 2788      	CLR  R24
                 __ADDF123:
00026c 3058      	CPI  R21,8
00026d f028      	BRLO __ADDF124
00026e 2fab      	MOV  R26,R27
00026f 2fb8      	MOV  R27,R24
000270 2788      	CLR  R24
000271 5058      	SUBI R21,8
000272 cff9      	RJMP __ADDF123
                 __ADDF124:
000273 2355      	TST  R21
000274 f029      	BREQ __ADDF126
                 __ADDF125:
000275 9586      	LSR  R24
000276 95b7      	ROR  R27
000277 95a7      	ROR  R26
000278 955a      	DEC  R21
000279 f7d9      	BRNE __ADDF125
                 __ADDF126:
00027a 2d50      	MOV  R21,R0
00027b 2551      	EOR  R21,R1
00027c f072      	BRMI __ADDF127
00027d dfd2      	RCALL __UADD12
00027e f438      	BRCC __ADDF129
00027f 9567      	ROR  R22
000280 95f7      	ROR  R31
000281 95e7      	ROR  R30
000282 9573      	INC  R23
000283 f413      	BRVC __ADDF129
000284 c01f      	RJMP __MAXRES
                 __ADDF128:
000285 dfbe      	RCALL __SWAPACC
                 __ADDF129:
000286 df45      	RCALL __REPACK
000287 915f      	POP  R21
000288 9508      	RET
                 __ADDF1211:
000289 f7d8      	BRCC __ADDF128
00028a cffb      	RJMP __ADDF129
                 __ADDF127:
00028b 1bea      	SUB  R30,R26
00028c 0bfb      	SBC  R31,R27
00028d 0b68      	SBC  R22,R24
00028e f051      	BREQ __ZERORES
00028f f410      	BRCC __ADDF1210
000290 9400      	COM  R0
000291 dfc2      	RCALL __NEGMAN1
                 __ADDF1210:
000292 2366      	TST  R22
000293 f392      	BRMI __ADDF129
000294 0fee      	LSL  R30
000295 1fff      	ROL  R31
000296 1f66      	ROL  R22
000297 957a      	DEC  R23
000298 f7cb      	BRVC __ADDF1210
                 
                 __ZERORES:
000299 27ee      	CLR  R30
00029a 27ff      	CLR  R31
00029b 01bf      	MOVW R22,R30
00029c 915f      	POP  R21
00029d 9508      	RET
                 
                 __MINRES:
00029e efef      	SER  R30
00029f efff      	SER  R31
0002a0 e76f      	LDI  R22,0x7F
0002a1 ef7f      	SER  R23
0002a2 915f      	POP  R21
0002a3 9508      	RET
                 
                 __MAXRES:
0002a4 efef      	SER  R30
0002a5 efff      	SER  R31
0002a6 e76f      	LDI  R22,0x7F
0002a7 e77f      	LDI  R23,0x7F
0002a8 915f      	POP  R21
0002a9 9508      	RET
                 
                 __MULF12:
0002aa 935f      	PUSH R21
0002ab df32      	RCALL __UNPACK
0002ac 3870      	CPI  R23,0x80
0002ad f359      	BREQ __ZERORES
0002ae 3890      	CPI  R25,0x80
0002af f349      	BREQ __ZERORES
0002b0 2401      	EOR  R0,R1
0002b1 9408      	SEC
0002b2 1f79      	ADC  R23,R25
0002b3 f423      	BRVC __MULF124
0002b4 f324      	BRLT __ZERORES
                 __MULF125:
0002b5 2000      	TST  R0
0002b6 f33a      	BRMI __MINRES
0002b7 cfec      	RJMP __MAXRES
                 __MULF124:
0002b8 920f      	PUSH R0
0002b9 931f      	PUSH R17
0002ba 932f      	PUSH R18
0002bb 933f      	PUSH R19
0002bc 934f      	PUSH R20
0002bd 2711      	CLR  R17
0002be 2722      	CLR  R18
0002bf 2799      	CLR  R25
0002c0 9f68      	MUL  R22,R24
0002c1 01a0      	MOVW R20,R0
0002c2 9f8f      	MUL  R24,R31
0002c3 2d30      	MOV  R19,R0
0002c4 0d41      	ADD  R20,R1
0002c5 1f59      	ADC  R21,R25
0002c6 9f6b      	MUL  R22,R27
0002c7 0d30      	ADD  R19,R0
0002c8 1d41      	ADC  R20,R1
0002c9 1f59      	ADC  R21,R25
0002ca 9f8e      	MUL  R24,R30
0002cb d027      	RCALL __MULF126
0002cc 9fbf      	MUL  R27,R31
0002cd d025      	RCALL __MULF126
0002ce 9f6a      	MUL  R22,R26
0002cf d023      	RCALL __MULF126
0002d0 9fbe      	MUL  R27,R30
0002d1 d01d      	RCALL __MULF127
0002d2 9faf      	MUL  R26,R31
0002d3 d01b      	RCALL __MULF127
0002d4 9fae      	MUL  R26,R30
0002d5 0d11      	ADD  R17,R1
0002d6 1f29      	ADC  R18,R25
0002d7 1f39      	ADC  R19,R25
0002d8 1f49      	ADC  R20,R25
0002d9 1f59      	ADC  R21,R25
0002da 2fe3      	MOV  R30,R19
0002db 2ff4      	MOV  R31,R20
0002dc 2f65      	MOV  R22,R21
0002dd 2f52      	MOV  R21,R18
0002de 914f      	POP  R20
0002df 913f      	POP  R19
0002e0 912f      	POP  R18
0002e1 911f      	POP  R17
0002e2 900f      	POP  R0
0002e3 2366      	TST  R22
0002e4 f02a      	BRMI __MULF122
0002e5 0f55      	LSL  R21
0002e6 1fee      	ROL  R30
0002e7 1fff      	ROL  R31
0002e8 1f66      	ROL  R22
0002e9 c002      	RJMP __MULF123
                 __MULF122:
0002ea 9573      	INC  R23
0002eb f24b      	BRVS __MULF125
                 __MULF123:
0002ec ded5      	RCALL __ROUND_REPACK
0002ed 915f      	POP  R21
0002ee 9508      	RET
                 
                 __MULF127:
0002ef 0d10      	ADD  R17,R0
0002f0 1d21      	ADC  R18,R1
0002f1 1f39      	ADC  R19,R25
0002f2 c002      	RJMP __MULF128
                 __MULF126:
0002f3 0d20      	ADD  R18,R0
0002f4 1d31      	ADC  R19,R1
                 __MULF128:
0002f5 1f49      	ADC  R20,R25
0002f6 1f59      	ADC  R21,R25
0002f7 9508      	RET
                 
                 __DIVF21:
0002f8 935f      	PUSH R21
0002f9 dee4      	RCALL __UNPACK
0002fa 3870      	CPI  R23,0x80
0002fb f421      	BRNE __DIVF210
0002fc 2011      	TST  R1
                 __DIVF211:
0002fd f40a      	BRPL __DIVF219
0002fe cf9f      	RJMP __MINRES
                 __DIVF219:
0002ff cfa4      	RJMP __MAXRES
                 __DIVF210:
000300 3890      	CPI  R25,0x80
000301 f409      	BRNE __DIVF218
                 __DIVF217:
000302 cf96      	RJMP __ZERORES
                 __DIVF218:
000303 2401      	EOR  R0,R1
000304 9408      	SEC
000305 0b97      	SBC  R25,R23
000306 f41b      	BRVC __DIVF216
000307 f3d4      	BRLT __DIVF217
000308 2000      	TST  R0
000309 cff3      	RJMP __DIVF211
                 __DIVF216:
00030a 2f79      	MOV  R23,R25
00030b 931f      	PUSH R17
00030c 932f      	PUSH R18
00030d 933f      	PUSH R19
00030e 934f      	PUSH R20
00030f 2411      	CLR  R1
000310 2711      	CLR  R17
000311 2722      	CLR  R18
000312 2733      	CLR  R19
000313 01a9      	MOVW R20,R18
000314 e290      	LDI  R25,32
                 __DIVF212:
000315 17ae      	CP   R26,R30
000316 07bf      	CPC  R27,R31
000317 0786      	CPC  R24,R22
000318 0741      	CPC  R20,R17
000319 f030      	BRLO __DIVF213
00031a 1bae      	SUB  R26,R30
00031b 0bbf      	SBC  R27,R31
00031c 0b86      	SBC  R24,R22
00031d 0b41      	SBC  R20,R17
00031e 9408      	SEC
00031f c001      	RJMP __DIVF214
                 __DIVF213:
000320 9488      	CLC
                 __DIVF214:
000321 1f55      	ROL  R21
000322 1f22      	ROL  R18
000323 1f33      	ROL  R19
000324 1c11      	ROL  R1
000325 1faa      	ROL  R26
000326 1fbb      	ROL  R27
000327 1f88      	ROL  R24
000328 1f44      	ROL  R20
000329 959a      	DEC  R25
00032a f751      	BRNE __DIVF212
00032b 01f9      	MOVW R30,R18
00032c 2d61      	MOV  R22,R1
00032d 914f      	POP  R20
00032e 913f      	POP  R19
00032f 912f      	POP  R18
000330 911f      	POP  R17
000331 2366      	TST  R22
000332 f032      	BRMI __DIVF215
000333 0f55      	LSL  R21
000334 1fee      	ROL  R30
000335 1fff      	ROL  R31
000336 1f66      	ROL  R22
000337 957a      	DEC  R23
000338 f24b      	BRVS __DIVF217
                 __DIVF215:
000339 de88      	RCALL __ROUND_REPACK
00033a 915f      	POP  R21
00033b 9508      	RET
                 
                 _delay_ms:
00033c 9610      	adiw r26,0
00033d f039      	breq __delay_ms1
                 __delay_ms0:
00033e 95a8      	wdr
                +
00033f ea80     +LDI R24 , LOW ( 0xFA0 )
000340 e09f     +LDI R25 , HIGH ( 0xFA0 )
                +__DELAY_USW_LOOP :
000341 9701     +SBIW R24 , 1
000342 f7f1     +BRNE __DELAY_USW_LOOP
                 	__DELAY_USW 0xFA0
000343 9711      	sbiw r26,1
000344 f7c9      	brne __delay_ms0
                 __delay_ms1:
000345 9508      	ret
                 
                 ;END OF CODE MARKER
                 __END_OF_CODE:


RESOURCE USE INFORMATION
------------------------

Notice:
The register and instruction counts are symbol table hit counts,
and hence implicitly used resources are not counted, eg, the
'lpm' instruction without operands implicitly uses r0 and z,
none of which are counted.

x,y,z are separate entities in the symbol table and are
counted separately from r26..r31 here.

.dseg memory usage only counts static data declared with .byte

ATmega128 register use summary:
r0 :  26 r1 :  21 r2 :   0 r3 :   0 r4 :   2 r5 :   1 r6 :   2 r7 :   1 
r8 :   0 r9 :   0 r10:   0 r11:   0 r12:   0 r13:   0 r14:   0 r15:   0 
r16:  13 r17:  21 r18:  17 r19:  16 r20:  22 r21:  59 r22:  51 r23:  40 
r24:  40 r25:  31 r26:  56 r27:  36 r28:   2 r29:   1 r30:  84 r31:  40 
x  :   3 y  :  14 z  :   9 
Registers used: 25 out of 35 (71.4%)

ATmega128 instruction use summary:
.lds  :   0 .lds.l:   0 .sts  :   0 .sts.l:   0 adc   :  18 add   :   8 
adiw  :   3 and   :   2 andi  :   3 asr   :   0 bclr  :   0 bld   :   1 
brbc  :   0 brbs  :   0 brcc  :   4 brcs  :   0 break :   0 breq  :  13 
brge  :   0 brhc  :   0 brhs  :   0 brid  :   0 brie  :   0 brlo  :   6 
brlt  :   3 brmi  :   7 brne  :  19 brpl  :   6 brsh  :   0 brtc  :   1 
brts  :   1 brvc  :   4 brvs  :   4 bset  :   0 bst   :   0 call  :   0 
cbi   :   7 cbr   :   0 clc   :   1 clh   :   0 cli   :   1 cln   :   0 
clr   :  20 cls   :   0 clt   :   2 clv   :   0 clz   :   0 com   :   8 
cp    :   2 cpc   :   4 cpi   :  17 cpse  :   0 dec   :  12 des   :   0 
elpm  :   0 eor   :   6 fmul  :   0 fmuls :   0 fmulsu:   0 icall :   0 
ijmp  :   0 in    :   3 inc   :   2 jmp   :  36 ld    :   4 ldd   :   3 
ldi   : 103 lds   :   4 lpm   :  11 lsl   :  11 lsr   :   2 mov   :  31 
movw  :  26 mul   :   9 muls  :   0 mulsu :   0 neg   :   2 nop   :   0 
or    :   0 ori   :   0 out   :  12 pop   :  18 push  :  17 rcall :  68 
ret   :  27 reti  :   0 rjmp  :  36 rol   :  24 ror   :  12 sbc   :   7 
sbci  :   8 sbi   :   5 sbic  :   0 sbis  :   1 sbiw  :   7 sbr   :   0 
sbrc  :   0 sbrs  :   1 sec   :   3 seh   :   0 sei   :   0 sen   :   0 
ser   :   8 ses   :   0 set   :   2 sev   :   0 sez   :   0 sleep :   0 
spm   :   0 st    :  10 std   :   0 sts   :   5 sub   :   4 subi  :   4 
swap  :   1 tst   :  14 wdr   :   1 
Instructions used: 66 out of 117 (56.4%)

ATmega128 memory use summary [bytes]:
Segment   Begin    End      Code   Data   Used    Size   Use%
---------------------------------------------------------------
[.cseg] 0x000000 0x00068c   1536    140   1676  131072   1.3%
[.dseg] 0x000100 0x000504      0      4      4    4096   0.1%
[.eseg] 0x000000 0x000000      0      0      0    4096   0.0%

Assembly complete, 0 errors, 5 warnings
