
AVRASM ver. 2.1.30  C:\a_semester3_1\bluetooth\Debug\List\BLUETOOTH_project.asm Thu Apr 22 17:19:30 2021

C:\a_semester3_1\bluetooth\Debug\List\BLUETOOTH_project.asm(1097): warning: Register r5 already defined by the .DEF directive
C:\a_semester3_1\bluetooth\Debug\List\BLUETOOTH_project.asm(1098): warning: Register r4 already defined by the .DEF directive
                 
                 
                 ;CodeVisionAVR C Compiler V3.28 Evaluation
                 ;(C) Copyright 1998-2016 Pavel Haiduc, HP InfoTech s.r.l.
                 ;http://www.hpinfotech.com
                 
                 ;Build configuration    : Debug
                 ;Chip type              : ATmega128
                 ;Program type           : Application
                 ;Clock frequency        : 16.000000 MHz
                 ;Memory model           : Small
                 ;Optimize for           : Size
                 ;(s)printf features     : int, width
                 ;(s)scanf features      : int, width
                 ;External RAM size      : 0
                 ;Data Stack size        : 1024 byte(s)
                 ;Heap size              : 0 byte(s)
                 ;Promote 'char' to 'int': Yes
                 ;'char' is unsigned     : Yes
                 ;8 bit enums            : Yes
                 ;Global 'const' stored in FLASH: No
                 ;Enhanced function parameter passing: Mode 2
                 ;Enhanced core instructions: On
                 ;Automatic register allocation for global variables: On
                 ;Smart register allocation: On
                 
                 	#define _MODEL_SMALL_
                 
                 	#pragma AVRPART ADMIN PART_NAME ATmega128
                 	#pragma AVRPART MEMORY PROG_FLASH 131072
                 	#pragma AVRPART MEMORY EEPROM 4096
                 	#pragma AVRPART MEMORY INT_SRAM SIZE 4096
                 	#pragma AVRPART MEMORY INT_SRAM START_ADDR 0x100
                 
                 	#define CALL_SUPPORTED 1
                 
                 	.LISTMAC
                 	.EQU UDRE=0x5
                 	.EQU RXC=0x7
                 	.EQU USR=0xB
                 	.EQU UDR=0xC
                 	.EQU SPSR=0xE
                 	.EQU SPDR=0xF
                 	.EQU EERE=0x0
                 	.EQU EEWE=0x1
                 	.EQU EEMWE=0x2
                 	.EQU EECR=0x1C
                 	.EQU EEDR=0x1D
                 	.EQU EEARL=0x1E
                 	.EQU EEARH=0x1F
                 	.EQU WDTCR=0x21
                 	.EQU MCUCR=0x35
                 	.EQU RAMPZ=0x3B
                 	.EQU SPL=0x3D
                 	.EQU SPH=0x3E
                 	.EQU SREG=0x3F
                 	.EQU XMCRA=0x6D
                 	.EQU XMCRB=0x6C
                 
                 	.DEF R0X0=R0
                 	.DEF R0X1=R1
                 	.DEF R0X2=R2
                 	.DEF R0X3=R3
                 	.DEF R0X4=R4
                 	.DEF R0X5=R5
                 	.DEF R0X6=R6
                 	.DEF R0X7=R7
                 	.DEF R0X8=R8
                 	.DEF R0X9=R9
                 	.DEF R0XA=R10
                 	.DEF R0XB=R11
                 	.DEF R0XC=R12
                 	.DEF R0XD=R13
                 	.DEF R0XE=R14
                 	.DEF R0XF=R15
                 	.DEF R0X10=R16
                 	.DEF R0X11=R17
                 	.DEF R0X12=R18
                 	.DEF R0X13=R19
                 	.DEF R0X14=R20
                 	.DEF R0X15=R21
                 	.DEF R0X16=R22
                 	.DEF R0X17=R23
                 	.DEF R0X18=R24
                 	.DEF R0X19=R25
                 	.DEF R0X1A=R26
                 	.DEF R0X1B=R27
                 	.DEF R0X1C=R28
                 	.DEF R0X1D=R29
                 	.DEF R0X1E=R30
                 	.DEF R0X1F=R31
                 
                 	.EQU __SRAM_START=0x0100
                 	.EQU __SRAM_END=0x10FF
                 	.EQU __DSTACK_SIZE=0x0400
                 	.EQU __HEAP_SIZE=0x0000
                 	.EQU __CLEAR_SRAM_SIZE=__SRAM_END-__SRAM_START+1
                 
                 	.MACRO __CPD1N
                 	CPI  R30,LOW(@0)
                 	LDI  R26,HIGH(@0)
                 	CPC  R31,R26
                 	LDI  R26,BYTE3(@0)
                 	CPC  R22,R26
                 	LDI  R26,BYTE4(@0)
                 	CPC  R23,R26
                 	.ENDM
                 
                 	.MACRO __CPD2N
                 	CPI  R26,LOW(@0)
                 	LDI  R30,HIGH(@0)
                 	CPC  R27,R30
                 	LDI  R30,BYTE3(@0)
                 	CPC  R24,R30
                 	LDI  R30,BYTE4(@0)
                 	CPC  R25,R30
                 	.ENDM
                 
                 	.MACRO __CPWRR
                 	CP   R@0,R@2
                 	CPC  R@1,R@3
                 	.ENDM
                 
                 	.MACRO __CPWRN
                 	CPI  R@0,LOW(@2)
                 	LDI  R30,HIGH(@2)
                 	CPC  R@1,R30
                 	.ENDM
                 
                 	.MACRO __ADDB1MN
                 	SUBI R30,LOW(-@0-(@1))
                 	.ENDM
                 
                 	.MACRO __ADDB2MN
                 	SUBI R26,LOW(-@0-(@1))
                 	.ENDM
                 
                 	.MACRO __ADDW1MN
                 	SUBI R30,LOW(-@0-(@1))
                 	SBCI R31,HIGH(-@0-(@1))
                 	.ENDM
                 
                 	.MACRO __ADDW2MN
                 	SUBI R26,LOW(-@0-(@1))
                 	SBCI R27,HIGH(-@0-(@1))
                 	.ENDM
                 
                 	.MACRO __ADDW1FN
                 	SUBI R30,LOW(-2*@0-(@1))
                 	SBCI R31,HIGH(-2*@0-(@1))
                 	.ENDM
                 
                 	.MACRO __ADDD1FN
                 	SUBI R30,LOW(-2*@0-(@1))
                 	SBCI R31,HIGH(-2*@0-(@1))
                 	SBCI R22,BYTE3(-2*@0-(@1))
                 	.ENDM
                 
                 	.MACRO __ADDD1N
                 	SUBI R30,LOW(-@0)
                 	SBCI R31,HIGH(-@0)
                 	SBCI R22,BYTE3(-@0)
                 	SBCI R23,BYTE4(-@0)
                 	.ENDM
                 
                 	.MACRO __ADDD2N
                 	SUBI R26,LOW(-@0)
                 	SBCI R27,HIGH(-@0)
                 	SBCI R24,BYTE3(-@0)
                 	SBCI R25,BYTE4(-@0)
                 	.ENDM
                 
                 	.MACRO __SUBD1N
                 	SUBI R30,LOW(@0)
                 	SBCI R31,HIGH(@0)
                 	SBCI R22,BYTE3(@0)
                 	SBCI R23,BYTE4(@0)
                 	.ENDM
                 
                 	.MACRO __SUBD2N
                 	SUBI R26,LOW(@0)
                 	SBCI R27,HIGH(@0)
                 	SBCI R24,BYTE3(@0)
                 	SBCI R25,BYTE4(@0)
                 	.ENDM
                 
                 	.MACRO __ANDBMNN
                 	LDS  R30,@0+(@1)
                 	ANDI R30,LOW(@2)
                 	STS  @0+(@1),R30
                 	.ENDM
                 
                 	.MACRO __ANDWMNN
                 	LDS  R30,@0+(@1)
                 	ANDI R30,LOW(@2)
                 	STS  @0+(@1),R30
                 	LDS  R30,@0+(@1)+1
                 	ANDI R30,HIGH(@2)
                 	STS  @0+(@1)+1,R30
                 	.ENDM
                 
                 	.MACRO __ANDD1N
                 	ANDI R30,LOW(@0)
                 	ANDI R31,HIGH(@0)
                 	ANDI R22,BYTE3(@0)
                 	ANDI R23,BYTE4(@0)
                 	.ENDM
                 
                 	.MACRO __ANDD2N
                 	ANDI R26,LOW(@0)
                 	ANDI R27,HIGH(@0)
                 	ANDI R24,BYTE3(@0)
                 	ANDI R25,BYTE4(@0)
                 	.ENDM
                 
                 	.MACRO __ORBMNN
                 	LDS  R30,@0+(@1)
                 	ORI  R30,LOW(@2)
                 	STS  @0+(@1),R30
                 	.ENDM
                 
                 	.MACRO __ORWMNN
                 	LDS  R30,@0+(@1)
                 	ORI  R30,LOW(@2)
                 	STS  @0+(@1),R30
                 	LDS  R30,@0+(@1)+1
                 	ORI  R30,HIGH(@2)
                 	STS  @0+(@1)+1,R30
                 	.ENDM
                 
                 	.MACRO __ORD1N
                 	ORI  R30,LOW(@0)
                 	ORI  R31,HIGH(@0)
                 	ORI  R22,BYTE3(@0)
                 	ORI  R23,BYTE4(@0)
                 	.ENDM
                 
                 	.MACRO __ORD2N
                 	ORI  R26,LOW(@0)
                 	ORI  R27,HIGH(@0)
                 	ORI  R24,BYTE3(@0)
                 	ORI  R25,BYTE4(@0)
                 	.ENDM
                 
                 	.MACRO __DELAY_USB
                 	LDI  R24,LOW(@0)
                 __DELAY_USB_LOOP:
                 	DEC  R24
                 	BRNE __DELAY_USB_LOOP
                 	.ENDM
                 
                 	.MACRO __DELAY_USW
                 	LDI  R24,LOW(@0)
                 	LDI  R25,HIGH(@0)
                 __DELAY_USW_LOOP:
                 	SBIW R24,1
                 	BRNE __DELAY_USW_LOOP
                 	.ENDM
                 
                 	.MACRO __GETD1S
                 	LDD  R30,Y+@0
                 	LDD  R31,Y+@0+1
                 	LDD  R22,Y+@0+2
                 	LDD  R23,Y+@0+3
                 	.ENDM
                 
                 	.MACRO __GETD2S
                 	LDD  R26,Y+@0
                 	LDD  R27,Y+@0+1
                 	LDD  R24,Y+@0+2
                 	LDD  R25,Y+@0+3
                 	.ENDM
                 
                 	.MACRO __PUTD1S
                 	STD  Y+@0,R30
                 	STD  Y+@0+1,R31
                 	STD  Y+@0+2,R22
                 	STD  Y+@0+3,R23
                 	.ENDM
                 
                 	.MACRO __PUTD2S
                 	STD  Y+@0,R26
                 	STD  Y+@0+1,R27
                 	STD  Y+@0+2,R24
                 	STD  Y+@0+3,R25
                 	.ENDM
                 
                 	.MACRO __PUTDZ2
                 	STD  Z+@0,R26
                 	STD  Z+@0+1,R27
                 	STD  Z+@0+2,R24
                 	STD  Z+@0+3,R25
                 	.ENDM
                 
                 	.MACRO __CLRD1S
                 	STD  Y+@0,R30
                 	STD  Y+@0+1,R30
                 	STD  Y+@0+2,R30
                 	STD  Y+@0+3,R30
                 	.ENDM
                 
                 	.MACRO __POINTB1MN
                 	LDI  R30,LOW(@0+(@1))
                 	.ENDM
                 
                 	.MACRO __POINTW1MN
                 	LDI  R30,LOW(@0+(@1))
                 	LDI  R31,HIGH(@0+(@1))
                 	.ENDM
                 
                 	.MACRO __POINTD1M
                 	LDI  R30,LOW(@0)
                 	LDI  R31,HIGH(@0)
                 	LDI  R22,BYTE3(@0)
                 	LDI  R23,BYTE4(@0)
                 	.ENDM
                 
                 	.MACRO __POINTW1FN
                 	LDI  R30,LOW(2*@0+(@1))
                 	LDI  R31,HIGH(2*@0+(@1))
                 	.ENDM
                 
                 	.MACRO __POINTD1FN
                 	LDI  R30,LOW(2*@0+(@1))
                 	LDI  R31,HIGH(2*@0+(@1))
                 	LDI  R22,BYTE3(2*@0+(@1))
                 	LDI  R23,BYTE4(2*@0+(@1))
                 	.ENDM
                 
                 	.MACRO __POINTB2MN
                 	LDI  R26,LOW(@0+(@1))
                 	.ENDM
                 
                 	.MACRO __POINTW2MN
                 	LDI  R26,LOW(@0+(@1))
                 	LDI  R27,HIGH(@0+(@1))
                 	.ENDM
                 
                 	.MACRO __POINTD2M
                 	LDI  R26,LOW(@0)
                 	LDI  R27,HIGH(@0)
                 	LDI  R24,BYTE3(@0)
                 	LDI  R25,BYTE4(@0)
                 	.ENDM
                 
                 	.MACRO __POINTW2FN
                 	LDI  R26,LOW(2*@0+(@1))
                 	LDI  R27,HIGH(2*@0+(@1))
                 	.ENDM
                 
                 	.MACRO __POINTD2FN
                 	LDI  R26,LOW(2*@0+(@1))
                 	LDI  R27,HIGH(2*@0+(@1))
                 	LDI  R24,BYTE3(2*@0+(@1))
                 	LDI  R25,BYTE4(2*@0+(@1))
                 	.ENDM
                 
                 	.MACRO __POINTBRM
                 	LDI  R@0,LOW(@1)
                 	.ENDM
                 
                 	.MACRO __POINTWRM
                 	LDI  R@0,LOW(@2)
                 	LDI  R@1,HIGH(@2)
                 	.ENDM
                 
                 	.MACRO __POINTBRMN
                 	LDI  R@0,LOW(@1+(@2))
                 	.ENDM
                 
                 	.MACRO __POINTWRMN
                 	LDI  R@0,LOW(@2+(@3))
                 	LDI  R@1,HIGH(@2+(@3))
                 	.ENDM
                 
                 	.MACRO __POINTWRFN
                 	LDI  R@0,LOW(@2*2+(@3))
                 	LDI  R@1,HIGH(@2*2+(@3))
                 	.ENDM
                 
                 	.MACRO __GETD1N
                 	LDI  R30,LOW(@0)
                 	LDI  R31,HIGH(@0)
                 	LDI  R22,BYTE3(@0)
                 	LDI  R23,BYTE4(@0)
                 	.ENDM
                 
                 	.MACRO __GETD2N
                 	LDI  R26,LOW(@0)
                 	LDI  R27,HIGH(@0)
                 	LDI  R24,BYTE3(@0)
                 	LDI  R25,BYTE4(@0)
                 	.ENDM
                 
                 	.MACRO __GETB1MN
                 	LDS  R30,@0+(@1)
                 	.ENDM
                 
                 	.MACRO __GETB1HMN
                 	LDS  R31,@0+(@1)
                 	.ENDM
                 
                 	.MACRO __GETW1MN
                 	LDS  R30,@0+(@1)
                 	LDS  R31,@0+(@1)+1
                 	.ENDM
                 
                 	.MACRO __GETD1MN
                 	LDS  R30,@0+(@1)
                 	LDS  R31,@0+(@1)+1
                 	LDS  R22,@0+(@1)+2
                 	LDS  R23,@0+(@1)+3
                 	.ENDM
                 
                 	.MACRO __GETBRMN
                 	LDS  R@0,@1+(@2)
                 	.ENDM
                 
                 	.MACRO __GETWRMN
                 	LDS  R@0,@2+(@3)
                 	LDS  R@1,@2+(@3)+1
                 	.ENDM
                 
                 	.MACRO __GETWRZ
                 	LDD  R@0,Z+@2
                 	LDD  R@1,Z+@2+1
                 	.ENDM
                 
                 	.MACRO __GETD2Z
                 	LDD  R26,Z+@0
                 	LDD  R27,Z+@0+1
                 	LDD  R24,Z+@0+2
                 	LDD  R25,Z+@0+3
                 	.ENDM
                 
                 	.MACRO __GETB2MN
                 	LDS  R26,@0+(@1)
                 	.ENDM
                 
                 	.MACRO __GETW2MN
                 	LDS  R26,@0+(@1)
                 	LDS  R27,@0+(@1)+1
                 	.ENDM
                 
                 	.MACRO __GETD2MN
                 	LDS  R26,@0+(@1)
                 	LDS  R27,@0+(@1)+1
                 	LDS  R24,@0+(@1)+2
                 	LDS  R25,@0+(@1)+3
                 	.ENDM
                 
                 	.MACRO __PUTB1MN
                 	STS  @0+(@1),R30
                 	.ENDM
                 
                 	.MACRO __PUTW1MN
                 	STS  @0+(@1),R30
                 	STS  @0+(@1)+1,R31
                 	.ENDM
                 
                 	.MACRO __PUTD1MN
                 	STS  @0+(@1),R30
                 	STS  @0+(@1)+1,R31
                 	STS  @0+(@1)+2,R22
                 	STS  @0+(@1)+3,R23
                 	.ENDM
                 
                 	.MACRO __PUTB1EN
                 	LDI  R26,LOW(@0+(@1))
                 	LDI  R27,HIGH(@0+(@1))
                 	CALL __EEPROMWRB
                 	.ENDM
                 
                 	.MACRO __PUTW1EN
                 	LDI  R26,LOW(@0+(@1))
                 	LDI  R27,HIGH(@0+(@1))
                 	CALL __EEPROMWRW
                 	.ENDM
                 
                 	.MACRO __PUTD1EN
                 	LDI  R26,LOW(@0+(@1))
                 	LDI  R27,HIGH(@0+(@1))
                 	CALL __EEPROMWRD
                 	.ENDM
                 
                 	.MACRO __PUTBR0MN
                 	STS  @0+(@1),R0
                 	.ENDM
                 
                 	.MACRO __PUTBMRN
                 	STS  @0+(@1),R@2
                 	.ENDM
                 
                 	.MACRO __PUTWMRN
                 	STS  @0+(@1),R@2
                 	STS  @0+(@1)+1,R@3
                 	.ENDM
                 
                 	.MACRO __PUTBZR
                 	STD  Z+@1,R@0
                 	.ENDM
                 
                 	.MACRO __PUTWZR
                 	STD  Z+@2,R@0
                 	STD  Z+@2+1,R@1
                 	.ENDM
                 
                 	.MACRO __GETW1R
                 	MOV  R30,R@0
                 	MOV  R31,R@1
                 	.ENDM
                 
                 	.MACRO __GETW2R
                 	MOV  R26,R@0
                 	MOV  R27,R@1
                 	.ENDM
                 
                 	.MACRO __GETWRN
                 	LDI  R@0,LOW(@2)
                 	LDI  R@1,HIGH(@2)
                 	.ENDM
                 
                 	.MACRO __PUTW1R
                 	MOV  R@0,R30
                 	MOV  R@1,R31
                 	.ENDM
                 
                 	.MACRO __PUTW2R
                 	MOV  R@0,R26
                 	MOV  R@1,R27
                 	.ENDM
                 
                 	.MACRO __ADDWRN
                 	SUBI R@0,LOW(-@2)
                 	SBCI R@1,HIGH(-@2)
                 	.ENDM
                 
                 	.MACRO __ADDWRR
                 	ADD  R@0,R@2
                 	ADC  R@1,R@3
                 	.ENDM
                 
                 	.MACRO __SUBWRN
                 	SUBI R@0,LOW(@2)
                 	SBCI R@1,HIGH(@2)
                 	.ENDM
                 
                 	.MACRO __SUBWRR
                 	SUB  R@0,R@2
                 	SBC  R@1,R@3
                 	.ENDM
                 
                 	.MACRO __ANDWRN
                 	ANDI R@0,LOW(@2)
                 	ANDI R@1,HIGH(@2)
                 	.ENDM
                 
                 	.MACRO __ANDWRR
                 	AND  R@0,R@2
                 	AND  R@1,R@3
                 	.ENDM
                 
                 	.MACRO __ORWRN
                 	ORI  R@0,LOW(@2)
                 	ORI  R@1,HIGH(@2)
                 	.ENDM
                 
                 	.MACRO __ORWRR
                 	OR   R@0,R@2
                 	OR   R@1,R@3
                 	.ENDM
                 
                 	.MACRO __EORWRR
                 	EOR  R@0,R@2
                 	EOR  R@1,R@3
                 	.ENDM
                 
                 	.MACRO __GETWRS
                 	LDD  R@0,Y+@2
                 	LDD  R@1,Y+@2+1
                 	.ENDM
                 
                 	.MACRO __PUTBSR
                 	STD  Y+@1,R@0
                 	.ENDM
                 
                 	.MACRO __PUTWSR
                 	STD  Y+@2,R@0
                 	STD  Y+@2+1,R@1
                 	.ENDM
                 
                 	.MACRO __MOVEWRR
                 	MOV  R@0,R@2
                 	MOV  R@1,R@3
                 	.ENDM
                 
                 	.MACRO __INWR
                 	IN   R@0,@2
                 	IN   R@1,@2+1
                 	.ENDM
                 
                 	.MACRO __OUTWR
                 	OUT  @2+1,R@1
                 	OUT  @2,R@0
                 	.ENDM
                 
                 	.MACRO __CALL1MN
                 	LDS  R30,@0+(@1)
                 	LDS  R31,@0+(@1)+1
                 	ICALL
                 	.ENDM
                 
                 	.MACRO __CALL1FN
                 	LDI  R30,LOW(2*@0+(@1))
                 	LDI  R31,HIGH(2*@0+(@1))
                 	CALL __GETW1PF
                 	ICALL
                 	.ENDM
                 
                 	.MACRO __CALL2EN
                 	PUSH R26
                 	PUSH R27
                 	LDI  R26,LOW(@0+(@1))
                 	LDI  R27,HIGH(@0+(@1))
                 	CALL __EEPROMRDW
                 	POP  R27
                 	POP  R26
                 	ICALL
                 	.ENDM
                 
                 	.MACRO __CALL2EX
                 	SUBI R26,LOW(-@0)
                 	SBCI R27,HIGH(-@0)
                 	CALL __EEPROMRDD
                 	ICALL
                 	.ENDM
                 
                 	.MACRO __GETW1STACK
                 	IN   R30,SPL
                 	IN   R31,SPH
                 	ADIW R30,@0+1
                 	LD   R0,Z+
                 	LD   R31,Z
                 	MOV  R30,R0
                 	.ENDM
                 
                 	.MACRO __GETD1STACK
                 	IN   R30,SPL
                 	IN   R31,SPH
                 	ADIW R30,@0+1
                 	LD   R0,Z+
                 	LD   R1,Z+
                 	LD   R22,Z
                 	MOVW R30,R0
                 	.ENDM
                 
                 	.MACRO __NBST
                 	BST  R@0,@1
                 	IN   R30,SREG
                 	LDI  R31,0x40
                 	EOR  R30,R31
                 	OUT  SREG,R30
                 	.ENDM
                 
                 
                 	.MACRO __PUTB1SN
                 	LDD  R26,Y+@0
                 	LDD  R27,Y+@0+1
                 	SUBI R26,LOW(-@1)
                 	SBCI R27,HIGH(-@1)
                 	ST   X,R30
                 	.ENDM
                 
                 	.MACRO __PUTW1SN
                 	LDD  R26,Y+@0
                 	LDD  R27,Y+@0+1
                 	SUBI R26,LOW(-@1)
                 	SBCI R27,HIGH(-@1)
                 	ST   X+,R30
                 	ST   X,R31
                 	.ENDM
                 
                 	.MACRO __PUTD1SN
                 	LDD  R26,Y+@0
                 	LDD  R27,Y+@0+1
                 	SUBI R26,LOW(-@1)
                 	SBCI R27,HIGH(-@1)
                 	CALL __PUTDP1
                 	.ENDM
                 
                 	.MACRO __PUTB1SNS
                 	LDD  R26,Y+@0
                 	LDD  R27,Y+@0+1
                 	ADIW R26,@1
                 	ST   X,R30
                 	.ENDM
                 
                 	.MACRO __PUTW1SNS
                 	LDD  R26,Y+@0
                 	LDD  R27,Y+@0+1
                 	ADIW R26,@1
                 	ST   X+,R30
                 	ST   X,R31
                 	.ENDM
                 
                 	.MACRO __PUTD1SNS
                 	LDD  R26,Y+@0
                 	LDD  R27,Y+@0+1
                 	ADIW R26,@1
                 	CALL __PUTDP1
                 	.ENDM
                 
                 	.MACRO __PUTB1PMN
                 	LDS  R26,@0
                 	LDS  R27,@0+1
                 	SUBI R26,LOW(-@1)
                 	SBCI R27,HIGH(-@1)
                 	ST   X,R30
                 	.ENDM
                 
                 	.MACRO __PUTW1PMN
                 	LDS  R26,@0
                 	LDS  R27,@0+1
                 	SUBI R26,LOW(-@1)
                 	SBCI R27,HIGH(-@1)
                 	ST   X+,R30
                 	ST   X,R31
                 	.ENDM
                 
                 	.MACRO __PUTD1PMN
                 	LDS  R26,@0
                 	LDS  R27,@0+1
                 	SUBI R26,LOW(-@1)
                 	SBCI R27,HIGH(-@1)
                 	CALL __PUTDP1
                 	.ENDM
                 
                 	.MACRO __PUTB1PMNS
                 	LDS  R26,@0
                 	LDS  R27,@0+1
                 	ADIW R26,@1
                 	ST   X,R30
                 	.ENDM
                 
                 	.MACRO __PUTW1PMNS
                 	LDS  R26,@0
                 	LDS  R27,@0+1
                 	ADIW R26,@1
                 	ST   X+,R30
                 	ST   X,R31
                 	.ENDM
                 
                 	.MACRO __PUTD1PMNS
                 	LDS  R26,@0
                 	LDS  R27,@0+1
                 	ADIW R26,@1
                 	CALL __PUTDP1
                 	.ENDM
                 
                 	.MACRO __PUTB1RN
                 	MOVW R26,R@0
                 	SUBI R26,LOW(-@1)
                 	SBCI R27,HIGH(-@1)
                 	ST   X,R30
                 	.ENDM
                 
                 	.MACRO __PUTW1RN
                 	MOVW R26,R@0
                 	SUBI R26,LOW(-@1)
                 	SBCI R27,HIGH(-@1)
                 	ST   X+,R30
                 	ST   X,R31
                 	.ENDM
                 
                 	.MACRO __PUTD1RN
                 	MOVW R26,R@0
                 	SUBI R26,LOW(-@1)
                 	SBCI R27,HIGH(-@1)
                 	CALL __PUTDP1
                 	.ENDM
                 
                 	.MACRO __PUTB1RNS
                 	MOVW R26,R@0
                 	ADIW R26,@1
                 	ST   X,R30
                 	.ENDM
                 
                 	.MACRO __PUTW1RNS
                 	MOVW R26,R@0
                 	ADIW R26,@1
                 	ST   X+,R30
                 	ST   X,R31
                 	.ENDM
                 
                 	.MACRO __PUTD1RNS
                 	MOVW R26,R@0
                 	ADIW R26,@1
                 	CALL __PUTDP1
                 	.ENDM
                 
                 	.MACRO __PUTB1RON
                 	MOV  R26,R@0
                 	MOV  R27,R@1
                 	SUBI R26,LOW(-@2)
                 	SBCI R27,HIGH(-@2)
                 	ST   X,R30
                 	.ENDM
                 
                 	.MACRO __PUTW1RON
                 	MOV  R26,R@0
                 	MOV  R27,R@1
                 	SUBI R26,LOW(-@2)
                 	SBCI R27,HIGH(-@2)
                 	ST   X+,R30
                 	ST   X,R31
                 	.ENDM
                 
                 	.MACRO __PUTD1RON
                 	MOV  R26,R@0
                 	MOV  R27,R@1
                 	SUBI R26,LOW(-@2)
                 	SBCI R27,HIGH(-@2)
                 	CALL __PUTDP1
                 	.ENDM
                 
                 	.MACRO __PUTB1RONS
                 	MOV  R26,R@0
                 	MOV  R27,R@1
                 	ADIW R26,@2
                 	ST   X,R30
                 	.ENDM
                 
                 	.MACRO __PUTW1RONS
                 	MOV  R26,R@0
                 	MOV  R27,R@1
                 	ADIW R26,@2
                 	ST   X+,R30
                 	ST   X,R31
                 	.ENDM
                 
                 	.MACRO __PUTD1RONS
                 	MOV  R26,R@0
                 	MOV  R27,R@1
                 	ADIW R26,@2
                 	CALL __PUTDP1
                 	.ENDM
                 
                 
                 	.MACRO __GETB1SX
                 	MOVW R30,R28
                 	SUBI R30,LOW(-@0)
                 	SBCI R31,HIGH(-@0)
                 	LD   R30,Z
                 	.ENDM
                 
                 	.MACRO __GETB1HSX
                 	MOVW R30,R28
                 	SUBI R30,LOW(-@0)
                 	SBCI R31,HIGH(-@0)
                 	LD   R31,Z
                 	.ENDM
                 
                 	.MACRO __GETW1SX
                 	MOVW R30,R28
                 	SUBI R30,LOW(-@0)
                 	SBCI R31,HIGH(-@0)
                 	LD   R0,Z+
                 	LD   R31,Z
                 	MOV  R30,R0
                 	.ENDM
                 
                 	.MACRO __GETD1SX
                 	MOVW R30,R28
                 	SUBI R30,LOW(-@0)
                 	SBCI R31,HIGH(-@0)
                 	LD   R0,Z+
                 	LD   R1,Z+
                 	LD   R22,Z+
                 	LD   R23,Z
                 	MOVW R30,R0
                 	.ENDM
                 
                 	.MACRO __GETB2SX
                 	MOVW R26,R28
                 	SUBI R26,LOW(-@0)
                 	SBCI R27,HIGH(-@0)
                 	LD   R26,X
                 	.ENDM
                 
                 	.MACRO __GETW2SX
                 	MOVW R26,R28
                 	SUBI R26,LOW(-@0)
                 	SBCI R27,HIGH(-@0)
                 	LD   R0,X+
                 	LD   R27,X
                 	MOV  R26,R0
                 	.ENDM
                 
                 	.MACRO __GETD2SX
                 	MOVW R26,R28
                 	SUBI R26,LOW(-@0)
                 	SBCI R27,HIGH(-@0)
                 	LD   R0,X+
                 	LD   R1,X+
                 	LD   R24,X+
                 	LD   R25,X
                 	MOVW R26,R0
                 	.ENDM
                 
                 	.MACRO __GETBRSX
                 	MOVW R30,R28
                 	SUBI R30,LOW(-@1)
                 	SBCI R31,HIGH(-@1)
                 	LD   R@0,Z
                 	.ENDM
                 
                 	.MACRO __GETWRSX
                 	MOVW R30,R28
                 	SUBI R30,LOW(-@2)
                 	SBCI R31,HIGH(-@2)
                 	LD   R@0,Z+
                 	LD   R@1,Z
                 	.ENDM
                 
                 	.MACRO __GETBRSX2
                 	MOVW R26,R28
                 	SUBI R26,LOW(-@1)
                 	SBCI R27,HIGH(-@1)
                 	LD   R@0,X
                 	.ENDM
                 
                 	.MACRO __GETWRSX2
                 	MOVW R26,R28
                 	SUBI R26,LOW(-@2)
                 	SBCI R27,HIGH(-@2)
                 	LD   R@0,X+
                 	LD   R@1,X
                 	.ENDM
                 
                 	.MACRO __LSLW8SX
                 	MOVW R30,R28
                 	SUBI R30,LOW(-@0)
                 	SBCI R31,HIGH(-@0)
                 	LD   R31,Z
                 	CLR  R30
                 	.ENDM
                 
                 	.MACRO __PUTB1SX
                 	MOVW R26,R28
                 	SUBI R26,LOW(-@0)
                 	SBCI R27,HIGH(-@0)
                 	ST   X,R30
                 	.ENDM
                 
                 	.MACRO __PUTW1SX
                 	MOVW R26,R28
                 	SUBI R26,LOW(-@0)
                 	SBCI R27,HIGH(-@0)
                 	ST   X+,R30
                 	ST   X,R31
                 	.ENDM
                 
                 	.MACRO __PUTD1SX
                 	MOVW R26,R28
                 	SUBI R26,LOW(-@0)
                 	SBCI R27,HIGH(-@0)
                 	ST   X+,R30
                 	ST   X+,R31
                 	ST   X+,R22
                 	ST   X,R23
                 	.ENDM
                 
                 	.MACRO __CLRW1SX
                 	MOVW R26,R28
                 	SUBI R26,LOW(-@0)
                 	SBCI R27,HIGH(-@0)
                 	ST   X+,R30
                 	ST   X,R30
                 	.ENDM
                 
                 	.MACRO __CLRD1SX
                 	MOVW R26,R28
                 	SUBI R26,LOW(-@0)
                 	SBCI R27,HIGH(-@0)
                 	ST   X+,R30
                 	ST   X+,R30
                 	ST   X+,R30
                 	ST   X,R30
                 	.ENDM
                 
                 	.MACRO __PUTB2SX
                 	MOVW R30,R28
                 	SUBI R30,LOW(-@0)
                 	SBCI R31,HIGH(-@0)
                 	ST   Z,R26
                 	.ENDM
                 
                 	.MACRO __PUTW2SX
                 	MOVW R30,R28
                 	SUBI R30,LOW(-@0)
                 	SBCI R31,HIGH(-@0)
                 	ST   Z+,R26
                 	ST   Z,R27
                 	.ENDM
                 
                 	.MACRO __PUTD2SX
                 	MOVW R30,R28
                 	SUBI R30,LOW(-@0)
                 	SBCI R31,HIGH(-@0)
                 	ST   Z+,R26
                 	ST   Z+,R27
                 	ST   Z+,R24
                 	ST   Z,R25
                 	.ENDM
                 
                 	.MACRO __PUTBSRX
                 	MOVW R30,R28
                 	SUBI R30,LOW(-@1)
                 	SBCI R31,HIGH(-@1)
                 	ST   Z,R@0
                 	.ENDM
                 
                 	.MACRO __PUTWSRX
                 	MOVW R30,R28
                 	SUBI R30,LOW(-@2)
                 	SBCI R31,HIGH(-@2)
                 	ST   Z+,R@0
                 	ST   Z,R@1
                 	.ENDM
                 
                 	.MACRO __PUTB1SNX
                 	MOVW R26,R28
                 	SUBI R26,LOW(-@0)
                 	SBCI R27,HIGH(-@0)
                 	LD   R0,X+
                 	LD   R27,X
                 	MOV  R26,R0
                 	SUBI R26,LOW(-@1)
                 	SBCI R27,HIGH(-@1)
                 	ST   X,R30
                 	.ENDM
                 
                 	.MACRO __PUTW1SNX
                 	MOVW R26,R28
                 	SUBI R26,LOW(-@0)
                 	SBCI R27,HIGH(-@0)
                 	LD   R0,X+
                 	LD   R27,X
                 	MOV  R26,R0
                 	SUBI R26,LOW(-@1)
                 	SBCI R27,HIGH(-@1)
                 	ST   X+,R30
                 	ST   X,R31
                 	.ENDM
                 
                 	.MACRO __PUTD1SNX
                 	MOVW R26,R28
                 	SUBI R26,LOW(-@0)
                 	SBCI R27,HIGH(-@0)
                 	LD   R0,X+
                 	LD   R27,X
                 	MOV  R26,R0
                 	SUBI R26,LOW(-@1)
                 	SBCI R27,HIGH(-@1)
                 	ST   X+,R30
                 	ST   X+,R31
                 	ST   X+,R22
                 	ST   X,R23
                 	.ENDM
                 
                 	.MACRO __MULBRR
                 	MULS R@0,R@1
                 	MOVW R30,R0
                 	.ENDM
                 
                 	.MACRO __MULBRRU
                 	MUL  R@0,R@1
                 	MOVW R30,R0
                 	.ENDM
                 
                 	.MACRO __MULBRR0
                 	MULS R@0,R@1
                 	.ENDM
                 
                 	.MACRO __MULBRRU0
                 	MUL  R@0,R@1
                 	.ENDM
                 
                 	.MACRO __MULBNWRU
                 	LDI  R26,@2
                 	MUL  R26,R@0
                 	MOVW R30,R0
                 	MUL  R26,R@1
                 	ADD  R31,R0
                 	.ENDM
                 
                 ;NAME DEFINITIONS FOR GLOBAL VARIABLES ALLOCATED TO REGISTERS
                 	.DEF _R_num=R5
                 	.DEF _S_num=R4
                 
                 	.CSEG
                 	.ORG 0x00
                 
                 ;START OF CODE MARKER
                 __START_OF_CODE:
                 
                 ;INTERRUPT VECTORS
000000 940c 006b 	JMP  __RESET
000002 940c 0000 	JMP  0x00
000004 940c 0000 	JMP  0x00
000006 940c 0000 	JMP  0x00
000008 940c 0000 	JMP  0x00
00000a 940c 0000 	JMP  0x00
00000c 940c 0000 	JMP  0x00
00000e 940c 0000 	JMP  0x00
000010 940c 0000 	JMP  0x00
000012 940c 0000 	JMP  0x00
000014 940c 0000 	JMP  0x00
000016 940c 0000 	JMP  0x00
000018 940c 0000 	JMP  0x00
00001a 940c 0000 	JMP  0x00
00001c 940c 0000 	JMP  0x00
00001e 940c 0000 	JMP  0x00
000020 940c 0000 	JMP  0x00
000022 940c 0000 	JMP  0x00
000024 940c 00b1 	JMP  _USART_recieve
000026 940c 0000 	JMP  0x00
000028 940c 0000 	JMP  0x00
00002a 940c 0000 	JMP  0x00
00002c 940c 0000 	JMP  0x00
00002e 940c 0000 	JMP  0x00
000030 940c 0000 	JMP  0x00
000032 940c 0000 	JMP  0x00
000034 940c 0000 	JMP  0x00
000036 940c 0000 	JMP  0x00
000038 940c 0000 	JMP  0x00
00003a 940c 0000 	JMP  0x00
00003c 940c 0000 	JMP  0x00
00003e 940c 0000 	JMP  0x00
000040 940c 0000 	JMP  0x00
000042 940c 0000 	JMP  0x00
000044 940c 0000 	JMP  0x00
                 
                 ;GLOBAL REGISTER VARIABLES INITIALIZATION
                 __REG_VARS:
C:\a_semester3_1\bluetooth\Debug\List\BLUETOOTH_project.asm(1145): warning: .cseg .db misalignment - padding zero byte
000046 0001      	.DB  0x1
                 
                 _0x0:
000047 4c42
000048 4555
000049 4f54
00004a 544f      	.DB  0x42,0x4C,0x55,0x45,0x54,0x4F,0x4F,0x54
00004b 2048
00004c 4e4f
00004d 4e00
00004e 4d55      	.DB  0x48,0x20,0x4F,0x4E,0x0,0x4E,0x55,0x4D
00004f 4542
000050 2052
000051 2031
000052 4552      	.DB  0x42,0x45,0x52,0x20,0x31,0x20,0x52,0x45
000053 4943
000054 5645
000055 4445
000056 4e00      	.DB  0x43,0x49,0x45,0x56,0x45,0x44,0x0,0x4E
000057 4d55
000058 4542
000059 2052
00005a 2032      	.DB  0x55,0x4D,0x42,0x45,0x52,0x20,0x32,0x20
00005b 4552
00005c 4943
00005d 5645
00005e 4445      	.DB  0x52,0x45,0x43,0x49,0x45,0x56,0x45,0x44
00005f 4500
000060 5252
000061 524f
000062 4420      	.DB  0x0,0x45,0x52,0x52,0x4F,0x52,0x20,0x44
000063 5445
000064 4345
000065 4554
000066 0044      	.DB  0x45,0x54,0x45,0x43,0x54,0x45,0x44,0x0
                 
                 __GLOBAL_INI_TBL:
000067 0001      	.DW  0x01
000068 0005      	.DW  0x05
000069 008c      	.DW  __REG_VARS*2
                 
                 _0xFFFFFFFF:
00006a 0000      	.DW  0
                 
                 #define __GLOBAL_INI_TBL_PRESENT 1
                 
                 __RESET:
00006b 94f8      	CLI
00006c 27ee      	CLR  R30
00006d bbec      	OUT  EECR,R30
                 
                 ;INTERRUPT VECTORS ARE PLACED
                 ;AT THE START OF FLASH
00006e e0f1      	LDI  R31,1
00006f bff5      	OUT  MCUCR,R31
000070 bfe5      	OUT  MCUCR,R30
000071 93e0 006c 	STS  XMCRB,R30
                 
                 ;CLEAR R2-R14
000073 e08d      	LDI  R24,(14-2)+1
000074 e0a2      	LDI  R26,2
000075 27bb      	CLR  R27
                 __CLEAR_REG:
000076 93ed      	ST   X+,R30
000077 958a      	DEC  R24
000078 f7e9      	BRNE __CLEAR_REG
                 
                 ;CLEAR SRAM
000079 e080      	LDI  R24,LOW(__CLEAR_SRAM_SIZE)
00007a e190      	LDI  R25,HIGH(__CLEAR_SRAM_SIZE)
00007b e0a0      	LDI  R26,LOW(__SRAM_START)
00007c e0b1      	LDI  R27,HIGH(__SRAM_START)
                 __CLEAR_SRAM:
00007d 93ed      	ST   X+,R30
00007e 9701      	SBIW R24,1
00007f f7e9      	BRNE __CLEAR_SRAM
                 
                 ;GLOBAL VARIABLES INITIALIZATION
000080 ecee      	LDI  R30,LOW(__GLOBAL_INI_TBL*2)
000081 e0f0      	LDI  R31,HIGH(__GLOBAL_INI_TBL*2)
                 __GLOBAL_INI_NEXT:
000082 9185      	LPM  R24,Z+
000083 9195      	LPM  R25,Z+
000084 9700      	SBIW R24,0
000085 f061      	BREQ __GLOBAL_INI_END
000086 91a5      	LPM  R26,Z+
000087 91b5      	LPM  R27,Z+
000088 9005      	LPM  R0,Z+
000089 9015      	LPM  R1,Z+
00008a 01bf      	MOVW R22,R30
00008b 01f0      	MOVW R30,R0
                 __GLOBAL_INI_LOOP:
00008c 9005      	LPM  R0,Z+
00008d 920d      	ST   X+,R0
00008e 9701      	SBIW R24,1
00008f f7e1      	BRNE __GLOBAL_INI_LOOP
000090 01fb      	MOVW R30,R22
000091 cff0      	RJMP __GLOBAL_INI_NEXT
                 __GLOBAL_INI_END:
                 
000092 bf8b      	OUT  RAMPZ,R24
                 
                 ;HARDWARE STACK POINTER INITIALIZATION
000093 efef      	LDI  R30,LOW(__SRAM_END-__HEAP_SIZE)
000094 bfed      	OUT  SPL,R30
000095 e1e0      	LDI  R30,HIGH(__SRAM_END-__HEAP_SIZE)
000096 bfee      	OUT  SPH,R30
                 
                 ;DATA STACK POINTER INITIALIZATION
000097 e0c0      	LDI  R28,LOW(__SRAM_START+__DSTACK_SIZE)
000098 e0d5      	LDI  R29,HIGH(__SRAM_START+__DSTACK_SIZE)
                 
000099 940c 009b 	JMP  _main
                 
                 	.ESEG
                 	.ORG 0
                 
                 	.DSEG
                 	.ORG 0x500
                 
                 	.CSEG
                 ;#include <mega128.h>
                 	#ifndef __SLEEP_DEFINED__
                 	#define __SLEEP_DEFINED__
                 	.EQU __se_bit=0x20
                 	.EQU __sm_mask=0x1C
                 	.EQU __sm_powerdown=0x10
                 	.EQU __sm_powersave=0x18
                 	.EQU __sm_standby=0x14
                 	.EQU __sm_ext_standby=0x1C
                 	.EQU __sm_adc_noise_red=0x08
                 	.SET power_ctrl_reg=mcucr
                 	#endif
                 ;#include <delay.h>
                 ;
                 ;#define FUNCSET       0x28    // Function Set
                 ;#define ENTMODE          0x06    // Entry Mode Set
                 ;#define ALLCLR        0x01    // All Clear
                 ;#define DISPON        0x0c     // Display On
                 ;#define LINE2         0xC0    // 2nd Line Move
                 ;
                 ;void LCD_init(void);
                 ;void LCD_String(char flash *);
                 ;void Busy(void);
                 ;void Command(unsigned char);
                 ;void Data(unsigned char);
                 ;
                 ;void LCD_IDLE();
                 ;
                 ;unsigned char R_num = 1, S_num;
                 ;
                 ;void main(void)
                 ; 0000 0015 {
                 
                 	.CSEG
                 _main:
                 ; .FSTART _main
                 ; 0000 0016     //unsigned char O_SW, N_SW;
                 ; 0000 0017     LCD_IDLE();
00009b d010      	RCALL _LCD_IDLE
                 ; 0000 0018 
                 ; 0000 0019     //DDRE = 0x0;
                 ; 0000 001A 
                 ; 0000 001B     UCSR0A = 0x0;
00009c e0e0      	LDI  R30,LOW(0)
00009d b9eb      	OUT  0xB,R30
                 ; 0000 001C     UCSR0B = 0b10011000;
00009e e9e8      	LDI  R30,LOW(152)
00009f b9ea      	OUT  0xA,R30
                 ; 0000 001D     UCSR0C = 0b00000110;
0000a0 e0e6      	LDI  R30,LOW(6)
0000a1 93e0 0095 	STS  149,R30
                 ; 0000 001E     UBRR0H = 0;
0000a3 e0e0      	LDI  R30,LOW(0)
0000a4 93e0 0090 	STS  144,R30
                 ; 0000 001F     UBRR0L = 103;
0000a6 e6e7      	LDI  R30,LOW(103)
0000a7 b9e9      	OUT  0x9,R30
                 ; 0000 0020 
                 ; 0000 0021     SREG = 0x80;
0000a8 e8e0      	LDI  R30,LOW(128)
0000a9 bfef      	OUT  0x3F,R30
                 ; 0000 0022 
                 ; 0000 0023     while(1);
                 _0x3:
0000aa cfff      	RJMP _0x3
                 ; 0000 0024   /*
                 ; 0000 0025    O_SW = PINE & 0b10000000;
                 ; 0000 0026     while(1)
                 ; 0000 0027     {
                 ; 0000 0028         N_SW = PINE & 0b10000000;
                 ; 0000 0029         if((O_SW != 0) && (N_SW == 0))
                 ; 0000 002A         {
                 ; 0000 002B             Command(LINE2);
                 ; 0000 002C             LCD_String("CLEAR   LCD");
                 ; 0000 002D             delay_ms(1000);
                 ; 0000 002E             delay_ms(1000);
                 ; 0000 002F             LCD_IDLE();
                 ; 0000 0030         }
                 ; 0000 0031 
                 ; 0000 0032       O_SW = N_SW;
                 ; 0000 0033     }  */
                 ; 0000 0034 }
                 _0x6:
0000ab cfff      	RJMP _0x6
                 ; .FEND
                 ;
                 ;void LCD_IDLE()
                 ; 0000 0037 {
                 _LCD_IDLE:
                 ; .FSTART _LCD_IDLE
                 ; 0000 0038     LCD_init();
0000ac d03b      	RCALL _LCD_init
                 ; 0000 0039     LCD_String("BLUETOOTH ON");
                +
0000ad e8ae     +LDI R26 , LOW ( 2 * _0x0 + ( 0 ) )
0000ae e0b0     +LDI R27 , HIGH ( 2 * _0x0 + ( 0 ) )
                 	__POINTW2FN _0x0,0
0000af d04e      	RCALL _LCD_String
                 ; 0000 003A }
0000b0 9508      	RET
                 ; .FEND
                 ;
                 ;interrupt [USART0_RXC] void USART_recieve (void)
                 ; 0000 003D {
                 _USART_recieve:
                 ; .FSTART _USART_recieve
0000b1 920a      	ST   -Y,R0
0000b2 921a      	ST   -Y,R1
0000b3 92fa      	ST   -Y,R15
0000b4 936a      	ST   -Y,R22
0000b5 937a      	ST   -Y,R23
0000b6 938a      	ST   -Y,R24
0000b7 939a      	ST   -Y,R25
0000b8 93aa      	ST   -Y,R26
0000b9 93ba      	ST   -Y,R27
0000ba 93ea      	ST   -Y,R30
0000bb 93fa      	ST   -Y,R31
0000bc b7ef      	IN   R30,SREG
0000bd 93ea      	ST   -Y,R30
                 ; 0000 003E     R_num = UDR0;
0000be b05c      	IN   R5,12
                 ; 0000 003F     S_num = R_num;
0000bf 2c45      	MOV  R4,R5
                 ; 0000 0040 
                 ; 0000 0041     //if(R_num == '1')
                 ; 0000 0042     if(R_num == '1')
0000c0 e3e1      	LDI  R30,LOW(49)
0000c1 15e5      	CP   R30,R5
0000c2 f429      	BRNE _0x7
                 ; 0000 0043     {
                 ; 0000 0044         Command(LINE2);
0000c3 eca0      	LDI  R26,LOW(192)
0000c4 d04b      	RCALL _Command
                 ; 0000 0045     	LCD_String("NUMBER 1 RECIEVED");
                +
0000c5 e9ab     +LDI R26 , LOW ( 2 * _0x0 + ( 13 ) )
0000c6 e0b0     +LDI R27 , HIGH ( 2 * _0x0 + ( 13 ) )
                 	__POINTW2FN _0x0,13
0000c7 c00c      	RJMP _0xE
                 ; 0000 0046         delay_ms(1000);
                 ; 0000 0047         LCD_IDLE();
                 ; 0000 0048     }
                 ; 0000 0049     else if(R_num == '2')
                 _0x7:
0000c8 e3e2      	LDI  R30,LOW(50)
0000c9 15e5      	CP   R30,R5
0000ca f429      	BRNE _0x9
                 ; 0000 004A     {
                 ; 0000 004B         Command(LINE2);
0000cb eca0      	LDI  R26,LOW(192)
0000cc d043      	RCALL _Command
                 ; 0000 004C         LCD_String("NUMBER 2 RECIEVED");
                +
0000cd eaad     +LDI R26 , LOW ( 2 * _0x0 + ( 31 ) )
0000ce e0b0     +LDI R27 , HIGH ( 2 * _0x0 + ( 31 ) )
                 	__POINTW2FN _0x0,31
0000cf c004      	RJMP _0xE
                 ; 0000 004D         delay_ms(1000);
                 ; 0000 004E         LCD_IDLE();
                 ; 0000 004F     }
                 ; 0000 0050     else
                 _0x9:
                 ; 0000 0051     {
                 ; 0000 0052         Command(LINE2);
0000d0 eca0      	LDI  R26,LOW(192)
0000d1 d03e      	RCALL _Command
                 ; 0000 0053         LCD_String("ERROR DETECTED");
                +
0000d2 ebaf     +LDI R26 , LOW ( 2 * _0x0 + ( 49 ) )
0000d3 e0b0     +LDI R27 , HIGH ( 2 * _0x0 + ( 49 ) )
                 	__POINTW2FN _0x0,49
                 _0xE:
0000d4 d029      	RCALL _LCD_String
                 ; 0000 0054         delay_ms(1000);
0000d5 eea8      	LDI  R26,LOW(1000)
0000d6 e0b3      	LDI  R27,HIGH(1000)
0000d7 d073      	RCALL _delay_ms
                 ; 0000 0055         LCD_IDLE();
0000d8 dfd3      	RCALL _LCD_IDLE
                 ; 0000 0056     }
                 ; 0000 0057     UDR0 = S_num;
0000d9 b84c      	OUT  0xC,R4
                 ; 0000 0058 }
0000da 91e9      	LD   R30,Y+
0000db bfef      	OUT  SREG,R30
0000dc 91f9      	LD   R31,Y+
0000dd 91e9      	LD   R30,Y+
0000de 91b9      	LD   R27,Y+
0000df 91a9      	LD   R26,Y+
0000e0 9199      	LD   R25,Y+
0000e1 9189      	LD   R24,Y+
0000e2 9179      	LD   R23,Y+
0000e3 9169      	LD   R22,Y+
0000e4 90f9      	LD   R15,Y+
0000e5 9019      	LD   R1,Y+
0000e6 9009      	LD   R0,Y+
0000e7 9518      	RETI
                 ; .FEND
                 ;
                 ;
                 ;//    ************   LCD code    ******************
                 ;void LCD_init(void)
                 ; 0000 005D {
                 _LCD_init:
                 ; .FSTART _LCD_init
                 ; 0000 005E     DDRD = 0xFF;            // 포트 D 출력 설정
0000e8 efef      	LDI  R30,LOW(255)
0000e9 bbe1      	OUT  0x11,R30
                 ; 0000 005F     PORTD &= 0xFB;            //E = 0;
0000ea 9892      	CBI  0x12,2
                 ; 0000 0060 
                 ; 0000 0061     delay_ms(15);
0000eb e0af      	LDI  R26,LOW(15)
0000ec d03b      	RCALL SUBOPT_0x0
                 ; 0000 0062     Command(0x20);
                 ; 0000 0063     delay_ms(5);
0000ed e0a5      	LDI  R26,LOW(5)
0000ee d039      	RCALL SUBOPT_0x0
                 ; 0000 0064     Command(0x20);
                 ; 0000 0065     delay_us(100);
                +
0000ef e980     +LDI R24 , LOW ( 400 )
0000f0 e091     +LDI R25 , HIGH ( 400 )
                +__DELAY_USW_LOOP :
0000f1 9701     +SBIW R24 , 1
0000f2 f7f1     +BRNE __DELAY_USW_LOOP
                 	__DELAY_USW 400
                 ; 0000 0066     Command(0x20);
0000f3 e2a0      	LDI  R26,LOW(32)
0000f4 d01b      	RCALL _Command
                 ; 0000 0067     Command(FUNCSET);
0000f5 e2a8      	LDI  R26,LOW(40)
0000f6 d019      	RCALL _Command
                 ; 0000 0068     Command(DISPON);
0000f7 e0ac      	LDI  R26,LOW(12)
0000f8 d017      	RCALL _Command
                 ; 0000 0069     Command(ALLCLR);
0000f9 e0a1      	LDI  R26,LOW(1)
0000fa d015      	RCALL _Command
                 ; 0000 006A     Command(ENTMODE);
0000fb e0a6      	LDI  R26,LOW(6)
0000fc d013      	RCALL _Command
                 ; 0000 006B }
0000fd 9508      	RET
                 ; .FEND
                 ;
                 ;
                 ;void LCD_String(char flash *str)
                 ; 0000 006F {
                 _LCD_String:
                 ; .FSTART _LCD_String
                 ; 0000 0070     char flash *pStr=0;
                 ; 0000 0071 
                 ; 0000 0072     pStr = str;
0000fe d042      	RCALL __SAVELOCR4
0000ff 019d      	MOVW R18,R26
                 ;	*str -> R18,R19
                 ;	*pStr -> R16,R17
                +
000100 e000     +LDI R16 , LOW ( 0 )
000101 e010     +LDI R17 , HIGH ( 0 )
                 	__GETWRN 16,17,0
000102 0189      	MOVW R16,R18
                 ; 0000 0073     while(*pStr) Data(*pStr++);
                 _0xB:
000103 01f8      	MOVW R30,R16
000104 91e4      	LPM  R30,Z
000105 30e0      	CPI  R30,0
000106 f031      	BREQ _0xD
000107 01f8      	MOVW R30,R16
                +
000108 5f0f     +SUBI R16 , LOW ( - 1 )
000109 4f1f     +SBCI R17 , HIGH ( - 1 )
                 	__ADDWRN 16,17,1
00010a 91a4      	LPM  R26,Z
00010b d009      	RCALL _Data
00010c cff6      	RJMP _0xB
                 _0xD:
                 ; 0000 0074 }
00010d d038      	RCALL __LOADLOCR4
00010e 9624      	ADIW R28,4
00010f 9508      	RET
                 ; .FEND
                 ;
                 ;
                 ;void Command(unsigned char byte)
                 ; 0000 0078 {
                 _Command:
                 ; .FSTART _Command
                 ; 0000 0079     Busy();
000110 d01b      	RCALL SUBOPT_0x1
                 ;	byte -> R17
                 ; 0000 007A 
                 ; 0000 007B     // 인스트럭션 상위 바이트
                 ; 0000 007C     PORTD = (byte & 0xF0);        // 데이터
                 ; 0000 007D     PORTD &= 0xFE;            //RS = 0;
000111 9890      	CBI  0x12,0
                 ; 0000 007E     PORTD &= 0xFD;            //RW = 0;
000112 d020      	RCALL SUBOPT_0x2
                 ; 0000 007F     delay_us(1);
                 ; 0000 0080     PORTD |= 0x04;            //E = 1;
                 ; 0000 0081     delay_us(1);
                 ; 0000 0082     PORTD &= 0xFB;            //E = 0;
                 ; 0000 0083 
                 ; 0000 0084     // 인스트럭션 하위 바이트
                 ; 0000 0085         PORTD = ((byte<<4) & 0xF0);    // 데이터
                 ; 0000 0086     PORTD &= 0xFE;            //RS = 0;
000113 9890      	CBI  0x12,0
                 ; 0000 0087     PORTD &= 0xFD;            //RW = 0;
000114 c004      	RJMP _0x2000001
                 ; 0000 0088     delay_us(1);
                 ; 0000 0089     PORTD |= 0x04;            //E = 1;
                 ; 0000 008A     delay_us(1);
                 ; 0000 008B     PORTD &= 0xFB;            //E = 0;
                 ; 0000 008C }
                 ; .FEND
                 ;
                 ;
                 ;void Data(unsigned char byte)
                 ; 0000 0090 {
                 _Data:
                 ; .FSTART _Data
                 ; 0000 0091     Busy();
000115 d016      	RCALL SUBOPT_0x1
                 ;	byte -> R17
                 ; 0000 0092 
                 ; 0000 0093     // 데이터 상위 바이트
                 ; 0000 0094     PORTD = (byte & 0xF0);        // 데이터
                 ; 0000 0095     PORTD |= 0x01;            //RS = 1;
000116 9a90      	SBI  0x12,0
                 ; 0000 0096     PORTD &= 0xFD;            //RW = 0;
000117 d01b      	RCALL SUBOPT_0x2
                 ; 0000 0097     delay_us(1);
                 ; 0000 0098     PORTD |= 0x04;            //E = 1;
                 ; 0000 0099     delay_us(1);
                 ; 0000 009A     PORTD &= 0xFB;            //E = 0;
                 ; 0000 009B 
                 ; 0000 009C     // 데이터 하위 바이트
                 ; 0000 009D     PORTD = ((byte<<4) & 0xF0);      // 데이터
                 ; 0000 009E     PORTD |= 0x01;            //RS = 1;
000118 9a90      	SBI  0x12,0
                 ; 0000 009F     PORTD &= 0xFD;            //RW = 0;
                 _0x2000001:
000119 9891      	CBI  0x12,1
                 ; 0000 00A0     delay_us(1);
                +
00011a e085     +LDI R24 , LOW ( 5 )
                +__DELAY_USB_LOOP :
00011b 958a     +DEC R24
00011c f7f1     +BRNE __DELAY_USB_LOOP
                 	__DELAY_USB 5
                 ; 0000 00A1     PORTD |= 0x04;            //E = 1;
00011d 9a92      	SBI  0x12,2
                 ; 0000 00A2     delay_us(1);
                +
00011e e085     +LDI R24 , LOW ( 5 )
                +__DELAY_USB_LOOP :
00011f 958a     +DEC R24
000120 f7f1     +BRNE __DELAY_USB_LOOP
                 	__DELAY_USB 5
                 ; 0000 00A3     PORTD &= 0xFB;            //E = 0;
000121 9892      	CBI  0x12,2
                 ; 0000 00A4 }
000122 9119      	LD   R17,Y+
000123 9508      	RET
                 ; .FEND
                 ;
                 ;
                 ;void Busy(void)
                 ; 0000 00A8 {
                 _Busy:
                 ; .FSTART _Busy
                 ; 0000 00A9     delay_ms(2);
000124 e0a2      	LDI  R26,LOW(2)
000125 e0b0      	LDI  R27,0
000126 d024      	RCALL _delay_ms
                 ; 0000 00AA }
000127 9508      	RET
                 ; .FEND
                 
                 	.CSEG
                 ;OPTIMIZER ADDED SUBROUTINE, CALLED 2 TIMES, CODE SIZE REDUCTION:1 WORDS
                 SUBOPT_0x0:
000128 e0b0      	LDI  R27,0
000129 d021      	RCALL _delay_ms
00012a e2a0      	LDI  R26,LOW(32)
00012b cfe4      	RJMP _Command
                 
                 ;OPTIMIZER ADDED SUBROUTINE, CALLED 2 TIMES, CODE SIZE REDUCTION:3 WORDS
                 SUBOPT_0x1:
00012c 931a      	ST   -Y,R17
00012d 2f1a      	MOV  R17,R26
00012e dff5      	RCALL _Busy
00012f 2fe1      	MOV  R30,R17
000130 7fe0      	ANDI R30,LOW(0xF0)
000131 bbe2      	OUT  0x12,R30
000132 9508      	RET
                 
                 ;OPTIMIZER ADDED SUBROUTINE, CALLED 2 TIMES, CODE SIZE REDUCTION:10 WORDS
                 SUBOPT_0x2:
000133 9891      	CBI  0x12,1
                +
000134 e085     +LDI R24 , LOW ( 5 )
                +__DELAY_USB_LOOP :
000135 958a     +DEC R24
000136 f7f1     +BRNE __DELAY_USB_LOOP
                 	__DELAY_USB 5
000137 9a92      	SBI  0x12,2
                +
000138 e085     +LDI R24 , LOW ( 5 )
                +__DELAY_USB_LOOP :
000139 958a     +DEC R24
00013a f7f1     +BRNE __DELAY_USB_LOOP
                 	__DELAY_USB 5
00013b 9892      	CBI  0x12,2
00013c 2fe1      	MOV  R30,R17
00013d 95e2      	SWAP R30
00013e 7fe0      	ANDI R30,LOW(0xF0)
00013f bbe2      	OUT  0x12,R30
000140 9508      	RET
                 
                 ;RUNTIME LIBRARY
                 
                 	.CSEG
                 __SAVELOCR4:
000141 933a      	ST   -Y,R19
                 __SAVELOCR3:
000142 932a      	ST   -Y,R18
                 __SAVELOCR2:
000143 931a      	ST   -Y,R17
000144 930a      	ST   -Y,R16
000145 9508      	RET
                 
                 __LOADLOCR4:
000146 813b      	LDD  R19,Y+3
                 __LOADLOCR3:
000147 812a      	LDD  R18,Y+2
                 __LOADLOCR2:
000148 8119      	LDD  R17,Y+1
000149 8108      	LD   R16,Y
00014a 9508      	RET
                 
                 _delay_ms:
00014b 9610      	adiw r26,0
00014c f039      	breq __delay_ms1
                 __delay_ms0:
00014d 95a8      	wdr
                +
00014e ea80     +LDI R24 , LOW ( 0xFA0 )
00014f e09f     +LDI R25 , HIGH ( 0xFA0 )
                +__DELAY_USW_LOOP :
000150 9701     +SBIW R24 , 1
000151 f7f1     +BRNE __DELAY_USW_LOOP
                 	__DELAY_USW 0xFA0
000152 9711      	sbiw r26,1
000153 f7c9      	brne __delay_ms0
                 __delay_ms1:
000154 9508      	ret
                 
                 ;END OF CODE MARKER
                 __END_OF_CODE:


RESOURCE USE INFORMATION
------------------------

Notice:
The register and instruction counts are symbol table hit counts,
and hence implicitly used resources are not counted, eg, the
'lpm' instruction without operands implicitly uses r0 and z,
none of which are counted.

x,y,z are separate entities in the symbol table and are
counted separately from r26..r31 here.

.dseg memory usage only counts static data declared with .byte

ATmega128 register use summary:
r0 :   6 r1 :   3 r2 :   0 r3 :   0 r4 :   2 r5 :   4 r6 :   0 r7 :   0 
r8 :   0 r9 :   0 r10:   0 r11:   0 r12:   0 r13:   0 r14:   0 r15:   2 
r16:   7 r17:   9 r18:   4 r19:   2 r20:   0 r21:   0 r22:   4 r23:   2 
r24:  22 r25:   6 r26:  27 r27:  12 r28:   2 r29:   1 r30:  49 r31:   5 
x  :   3 y  :  34 z  :   9 
Registers used: 22 out of 35 (62.9%)

ATmega128 instruction use summary:
.lds  :   0 .lds.l:   0 .sts  :   0 .sts.l:   0 adc   :   0 add   :   0 
adiw  :   2 and   :   0 andi  :   2 asr   :   0 bclr  :   0 bld   :   0 
brbc  :   0 brbs  :   0 brcc  :   0 brcs  :   0 break :   0 breq  :   3 
brge  :   0 brhc  :   0 brhs  :   0 brid  :   0 brie  :   0 brlo  :   0 
brlt  :   0 brmi  :   0 brne  :  12 brpl  :   0 brsh  :   0 brtc  :   0 
brts  :   0 brvc  :   0 brvs  :   0 bset  :   0 bst   :   0 call  :   0 
cbi   :   7 cbr   :   0 clc   :   0 clh   :   0 cli   :   1 cln   :   0 
clr   :   2 cls   :   0 clt   :   0 clv   :   0 clz   :   0 com   :   0 
cp    :   2 cpc   :   0 cpi   :   1 cpse  :   0 dec   :   5 des   :   0 
elpm  :   0 eor   :   0 fmul  :   0 fmuls :   0 fmulsu:   0 icall :   0 
ijmp  :   0 in    :   2 inc   :   0 jmp   :  36 ld    :  14 ldd   :   3 
ldi   :  56 lds   :   0 lpm   :  11 lsl   :   0 lsr   :   0 mov   :   4 
movw  :   7 mul   :   0 muls  :   0 mulsu :   0 neg   :   0 nop   :   0 
or    :   0 ori   :   0 out   :  15 pop   :   0 push  :   0 rcall :  26 
ret   :  10 reti  :   1 rjmp  :   8 rol   :   0 ror   :   0 sbc   :   0 
sbci  :   1 sbi   :   4 sbic  :   0 sbis  :   0 sbiw  :   6 sbr   :   0 
sbrc  :   0 sbrs  :   0 sec   :   0 seh   :   0 sei   :   0 sen   :   0 
ser   :   0 ses   :   0 set   :   0 sev   :   0 sez   :   0 sleep :   0 
spm   :   0 st    :  20 std   :   0 sts   :   3 sub   :   0 subi  :   1 
swap  :   1 tst   :   0 wdr   :   1 
Instructions used: 31 out of 117 (26.5%)

ATmega128 memory use summary [bytes]:
Segment   Begin    End      Code   Data   Used    Size   Use%
---------------------------------------------------------------
[.cseg] 0x000000 0x0002aa    608     74    682  131072   0.5%
[.dseg] 0x000100 0x000500      0      0      0    4096   0.0%
[.eseg] 0x000000 0x000000      0      0      0    4096   0.0%

Assembly complete, 0 errors, 3 warnings
