
AVRASM ver. 2.1.30  D:\a_semester3_1\microprocessor\week4\Debug\List\week4_project.asm Sat Mar 27 16:38:00 2021

D:\a_semester3_1\microprocessor\week4\Debug\List\week4_project.asm(1097): warning: Register r4 already defined by the .DEF directive
D:\a_semester3_1\microprocessor\week4\Debug\List\week4_project.asm(1098): warning: Register r5 already defined by the .DEF directive
D:\a_semester3_1\microprocessor\week4\Debug\List\week4_project.asm(1099): warning: Register r6 already defined by the .DEF directive
D:\a_semester3_1\microprocessor\week4\Debug\List\week4_project.asm(1100): warning: Register r7 already defined by the .DEF directive
D:\a_semester3_1\microprocessor\week4\Debug\List\week4_project.asm(1101): warning: Register r8 already defined by the .DEF directive
D:\a_semester3_1\microprocessor\week4\Debug\List\week4_project.asm(1102): warning: Register r9 already defined by the .DEF directive
D:\a_semester3_1\microprocessor\week4\Debug\List\week4_project.asm(1103): warning: Register r10 already defined by the .DEF directive
D:\a_semester3_1\microprocessor\week4\Debug\List\week4_project.asm(1104): warning: Register r11 already defined by the .DEF directive
D:\a_semester3_1\microprocessor\week4\Debug\List\week4_project.asm(1105): warning: Register r12 already defined by the .DEF directive
D:\a_semester3_1\microprocessor\week4\Debug\List\week4_project.asm(1106): warning: Register r13 already defined by the .DEF directive
                 
                 
                 ;CodeVisionAVR C Compiler V3.28 Evaluation
                 ;(C) Copyright 1998-2016 Pavel Haiduc, HP InfoTech s.r.l.
                 ;http://www.hpinfotech.com
                 
                 ;Build configuration    : Debug
                 ;Chip type              : ATmega128
                 ;Program type           : Application
                 ;Clock frequency        : 16.000000 MHz
                 ;Memory model           : Small
                 ;Optimize for           : Size
                 ;(s)printf features     : int, width
                 ;(s)scanf features      : int, width
                 ;External RAM size      : 0
                 ;Data Stack size        : 1024 byte(s)
                 ;Heap size              : 0 byte(s)
                 ;Promote 'char' to 'int': Yes
                 ;'char' is unsigned     : Yes
                 ;8 bit enums            : Yes
                 ;Global 'const' stored in FLASH: No
                 ;Enhanced function parameter passing: Mode 2
                 ;Enhanced core instructions: On
                 ;Automatic register allocation for global variables: On
                 ;Smart register allocation: On
                 
                 	#define _MODEL_SMALL_
                 
                 	#pragma AVRPART ADMIN PART_NAME ATmega128
                 	#pragma AVRPART MEMORY PROG_FLASH 131072
                 	#pragma AVRPART MEMORY EEPROM 4096
                 	#pragma AVRPART MEMORY INT_SRAM SIZE 4096
                 	#pragma AVRPART MEMORY INT_SRAM START_ADDR 0x100
                 
                 	#define CALL_SUPPORTED 1
                 
                 	.LISTMAC
                 	.EQU UDRE=0x5
                 	.EQU RXC=0x7
                 	.EQU USR=0xB
                 	.EQU UDR=0xC
                 	.EQU SPSR=0xE
                 	.EQU SPDR=0xF
                 	.EQU EERE=0x0
                 	.EQU EEWE=0x1
                 	.EQU EEMWE=0x2
                 	.EQU EECR=0x1C
                 	.EQU EEDR=0x1D
                 	.EQU EEARL=0x1E
                 	.EQU EEARH=0x1F
                 	.EQU WDTCR=0x21
                 	.EQU MCUCR=0x35
                 	.EQU RAMPZ=0x3B
                 	.EQU SPL=0x3D
                 	.EQU SPH=0x3E
                 	.EQU SREG=0x3F
                 	.EQU XMCRA=0x6D
                 	.EQU XMCRB=0x6C
                 
                 	.DEF R0X0=R0
                 	.DEF R0X1=R1
                 	.DEF R0X2=R2
                 	.DEF R0X3=R3
                 	.DEF R0X4=R4
                 	.DEF R0X5=R5
                 	.DEF R0X6=R6
                 	.DEF R0X7=R7
                 	.DEF R0X8=R8
                 	.DEF R0X9=R9
                 	.DEF R0XA=R10
                 	.DEF R0XB=R11
                 	.DEF R0XC=R12
                 	.DEF R0XD=R13
                 	.DEF R0XE=R14
                 	.DEF R0XF=R15
                 	.DEF R0X10=R16
                 	.DEF R0X11=R17
                 	.DEF R0X12=R18
                 	.DEF R0X13=R19
                 	.DEF R0X14=R20
                 	.DEF R0X15=R21
                 	.DEF R0X16=R22
                 	.DEF R0X17=R23
                 	.DEF R0X18=R24
                 	.DEF R0X19=R25
                 	.DEF R0X1A=R26
                 	.DEF R0X1B=R27
                 	.DEF R0X1C=R28
                 	.DEF R0X1D=R29
                 	.DEF R0X1E=R30
                 	.DEF R0X1F=R31
                 
                 	.EQU __SRAM_START=0x0100
                 	.EQU __SRAM_END=0x10FF
                 	.EQU __DSTACK_SIZE=0x0400
                 	.EQU __HEAP_SIZE=0x0000
                 	.EQU __CLEAR_SRAM_SIZE=__SRAM_END-__SRAM_START+1
                 
                 	.MACRO __CPD1N
                 	CPI  R30,LOW(@0)
                 	LDI  R26,HIGH(@0)
                 	CPC  R31,R26
                 	LDI  R26,BYTE3(@0)
                 	CPC  R22,R26
                 	LDI  R26,BYTE4(@0)
                 	CPC  R23,R26
                 	.ENDM
                 
                 	.MACRO __CPD2N
                 	CPI  R26,LOW(@0)
                 	LDI  R30,HIGH(@0)
                 	CPC  R27,R30
                 	LDI  R30,BYTE3(@0)
                 	CPC  R24,R30
                 	LDI  R30,BYTE4(@0)
                 	CPC  R25,R30
                 	.ENDM
                 
                 	.MACRO __CPWRR
                 	CP   R@0,R@2
                 	CPC  R@1,R@3
                 	.ENDM
                 
                 	.MACRO __CPWRN
                 	CPI  R@0,LOW(@2)
                 	LDI  R30,HIGH(@2)
                 	CPC  R@1,R30
                 	.ENDM
                 
                 	.MACRO __ADDB1MN
                 	SUBI R30,LOW(-@0-(@1))
                 	.ENDM
                 
                 	.MACRO __ADDB2MN
                 	SUBI R26,LOW(-@0-(@1))
                 	.ENDM
                 
                 	.MACRO __ADDW1MN
                 	SUBI R30,LOW(-@0-(@1))
                 	SBCI R31,HIGH(-@0-(@1))
                 	.ENDM
                 
                 	.MACRO __ADDW2MN
                 	SUBI R26,LOW(-@0-(@1))
                 	SBCI R27,HIGH(-@0-(@1))
                 	.ENDM
                 
                 	.MACRO __ADDW1FN
                 	SUBI R30,LOW(-2*@0-(@1))
                 	SBCI R31,HIGH(-2*@0-(@1))
                 	.ENDM
                 
                 	.MACRO __ADDD1FN
                 	SUBI R30,LOW(-2*@0-(@1))
                 	SBCI R31,HIGH(-2*@0-(@1))
                 	SBCI R22,BYTE3(-2*@0-(@1))
                 	.ENDM
                 
                 	.MACRO __ADDD1N
                 	SUBI R30,LOW(-@0)
                 	SBCI R31,HIGH(-@0)
                 	SBCI R22,BYTE3(-@0)
                 	SBCI R23,BYTE4(-@0)
                 	.ENDM
                 
                 	.MACRO __ADDD2N
                 	SUBI R26,LOW(-@0)
                 	SBCI R27,HIGH(-@0)
                 	SBCI R24,BYTE3(-@0)
                 	SBCI R25,BYTE4(-@0)
                 	.ENDM
                 
                 	.MACRO __SUBD1N
                 	SUBI R30,LOW(@0)
                 	SBCI R31,HIGH(@0)
                 	SBCI R22,BYTE3(@0)
                 	SBCI R23,BYTE4(@0)
                 	.ENDM
                 
                 	.MACRO __SUBD2N
                 	SUBI R26,LOW(@0)
                 	SBCI R27,HIGH(@0)
                 	SBCI R24,BYTE3(@0)
                 	SBCI R25,BYTE4(@0)
                 	.ENDM
                 
                 	.MACRO __ANDBMNN
                 	LDS  R30,@0+(@1)
                 	ANDI R30,LOW(@2)
                 	STS  @0+(@1),R30
                 	.ENDM
                 
                 	.MACRO __ANDWMNN
                 	LDS  R30,@0+(@1)
                 	ANDI R30,LOW(@2)
                 	STS  @0+(@1),R30
                 	LDS  R30,@0+(@1)+1
                 	ANDI R30,HIGH(@2)
                 	STS  @0+(@1)+1,R30
                 	.ENDM
                 
                 	.MACRO __ANDD1N
                 	ANDI R30,LOW(@0)
                 	ANDI R31,HIGH(@0)
                 	ANDI R22,BYTE3(@0)
                 	ANDI R23,BYTE4(@0)
                 	.ENDM
                 
                 	.MACRO __ANDD2N
                 	ANDI R26,LOW(@0)
                 	ANDI R27,HIGH(@0)
                 	ANDI R24,BYTE3(@0)
                 	ANDI R25,BYTE4(@0)
                 	.ENDM
                 
                 	.MACRO __ORBMNN
                 	LDS  R30,@0+(@1)
                 	ORI  R30,LOW(@2)
                 	STS  @0+(@1),R30
                 	.ENDM
                 
                 	.MACRO __ORWMNN
                 	LDS  R30,@0+(@1)
                 	ORI  R30,LOW(@2)
                 	STS  @0+(@1),R30
                 	LDS  R30,@0+(@1)+1
                 	ORI  R30,HIGH(@2)
                 	STS  @0+(@1)+1,R30
                 	.ENDM
                 
                 	.MACRO __ORD1N
                 	ORI  R30,LOW(@0)
                 	ORI  R31,HIGH(@0)
                 	ORI  R22,BYTE3(@0)
                 	ORI  R23,BYTE4(@0)
                 	.ENDM
                 
                 	.MACRO __ORD2N
                 	ORI  R26,LOW(@0)
                 	ORI  R27,HIGH(@0)
                 	ORI  R24,BYTE3(@0)
                 	ORI  R25,BYTE4(@0)
                 	.ENDM
                 
                 	.MACRO __DELAY_USB
                 	LDI  R24,LOW(@0)
                 __DELAY_USB_LOOP:
                 	DEC  R24
                 	BRNE __DELAY_USB_LOOP
                 	.ENDM
                 
                 	.MACRO __DELAY_USW
                 	LDI  R24,LOW(@0)
                 	LDI  R25,HIGH(@0)
                 __DELAY_USW_LOOP:
                 	SBIW R24,1
                 	BRNE __DELAY_USW_LOOP
                 	.ENDM
                 
                 	.MACRO __GETD1S
                 	LDD  R30,Y+@0
                 	LDD  R31,Y+@0+1
                 	LDD  R22,Y+@0+2
                 	LDD  R23,Y+@0+3
                 	.ENDM
                 
                 	.MACRO __GETD2S
                 	LDD  R26,Y+@0
                 	LDD  R27,Y+@0+1
                 	LDD  R24,Y+@0+2
                 	LDD  R25,Y+@0+3
                 	.ENDM
                 
                 	.MACRO __PUTD1S
                 	STD  Y+@0,R30
                 	STD  Y+@0+1,R31
                 	STD  Y+@0+2,R22
                 	STD  Y+@0+3,R23
                 	.ENDM
                 
                 	.MACRO __PUTD2S
                 	STD  Y+@0,R26
                 	STD  Y+@0+1,R27
                 	STD  Y+@0+2,R24
                 	STD  Y+@0+3,R25
                 	.ENDM
                 
                 	.MACRO __PUTDZ2
                 	STD  Z+@0,R26
                 	STD  Z+@0+1,R27
                 	STD  Z+@0+2,R24
                 	STD  Z+@0+3,R25
                 	.ENDM
                 
                 	.MACRO __CLRD1S
                 	STD  Y+@0,R30
                 	STD  Y+@0+1,R30
                 	STD  Y+@0+2,R30
                 	STD  Y+@0+3,R30
                 	.ENDM
                 
                 	.MACRO __POINTB1MN
                 	LDI  R30,LOW(@0+(@1))
                 	.ENDM
                 
                 	.MACRO __POINTW1MN
                 	LDI  R30,LOW(@0+(@1))
                 	LDI  R31,HIGH(@0+(@1))
                 	.ENDM
                 
                 	.MACRO __POINTD1M
                 	LDI  R30,LOW(@0)
                 	LDI  R31,HIGH(@0)
                 	LDI  R22,BYTE3(@0)
                 	LDI  R23,BYTE4(@0)
                 	.ENDM
                 
                 	.MACRO __POINTW1FN
                 	LDI  R30,LOW(2*@0+(@1))
                 	LDI  R31,HIGH(2*@0+(@1))
                 	.ENDM
                 
                 	.MACRO __POINTD1FN
                 	LDI  R30,LOW(2*@0+(@1))
                 	LDI  R31,HIGH(2*@0+(@1))
                 	LDI  R22,BYTE3(2*@0+(@1))
                 	LDI  R23,BYTE4(2*@0+(@1))
                 	.ENDM
                 
                 	.MACRO __POINTB2MN
                 	LDI  R26,LOW(@0+(@1))
                 	.ENDM
                 
                 	.MACRO __POINTW2MN
                 	LDI  R26,LOW(@0+(@1))
                 	LDI  R27,HIGH(@0+(@1))
                 	.ENDM
                 
                 	.MACRO __POINTD2M
                 	LDI  R26,LOW(@0)
                 	LDI  R27,HIGH(@0)
                 	LDI  R24,BYTE3(@0)
                 	LDI  R25,BYTE4(@0)
                 	.ENDM
                 
                 	.MACRO __POINTW2FN
                 	LDI  R26,LOW(2*@0+(@1))
                 	LDI  R27,HIGH(2*@0+(@1))
                 	.ENDM
                 
                 	.MACRO __POINTD2FN
                 	LDI  R26,LOW(2*@0+(@1))
                 	LDI  R27,HIGH(2*@0+(@1))
                 	LDI  R24,BYTE3(2*@0+(@1))
                 	LDI  R25,BYTE4(2*@0+(@1))
                 	.ENDM
                 
                 	.MACRO __POINTBRM
                 	LDI  R@0,LOW(@1)
                 	.ENDM
                 
                 	.MACRO __POINTWRM
                 	LDI  R@0,LOW(@2)
                 	LDI  R@1,HIGH(@2)
                 	.ENDM
                 
                 	.MACRO __POINTBRMN
                 	LDI  R@0,LOW(@1+(@2))
                 	.ENDM
                 
                 	.MACRO __POINTWRMN
                 	LDI  R@0,LOW(@2+(@3))
                 	LDI  R@1,HIGH(@2+(@3))
                 	.ENDM
                 
                 	.MACRO __POINTWRFN
                 	LDI  R@0,LOW(@2*2+(@3))
                 	LDI  R@1,HIGH(@2*2+(@3))
                 	.ENDM
                 
                 	.MACRO __GETD1N
                 	LDI  R30,LOW(@0)
                 	LDI  R31,HIGH(@0)
                 	LDI  R22,BYTE3(@0)
                 	LDI  R23,BYTE4(@0)
                 	.ENDM
                 
                 	.MACRO __GETD2N
                 	LDI  R26,LOW(@0)
                 	LDI  R27,HIGH(@0)
                 	LDI  R24,BYTE3(@0)
                 	LDI  R25,BYTE4(@0)
                 	.ENDM
                 
                 	.MACRO __GETB1MN
                 	LDS  R30,@0+(@1)
                 	.ENDM
                 
                 	.MACRO __GETB1HMN
                 	LDS  R31,@0+(@1)
                 	.ENDM
                 
                 	.MACRO __GETW1MN
                 	LDS  R30,@0+(@1)
                 	LDS  R31,@0+(@1)+1
                 	.ENDM
                 
                 	.MACRO __GETD1MN
                 	LDS  R30,@0+(@1)
                 	LDS  R31,@0+(@1)+1
                 	LDS  R22,@0+(@1)+2
                 	LDS  R23,@0+(@1)+3
                 	.ENDM
                 
                 	.MACRO __GETBRMN
                 	LDS  R@0,@1+(@2)
                 	.ENDM
                 
                 	.MACRO __GETWRMN
                 	LDS  R@0,@2+(@3)
                 	LDS  R@1,@2+(@3)+1
                 	.ENDM
                 
                 	.MACRO __GETWRZ
                 	LDD  R@0,Z+@2
                 	LDD  R@1,Z+@2+1
                 	.ENDM
                 
                 	.MACRO __GETD2Z
                 	LDD  R26,Z+@0
                 	LDD  R27,Z+@0+1
                 	LDD  R24,Z+@0+2
                 	LDD  R25,Z+@0+3
                 	.ENDM
                 
                 	.MACRO __GETB2MN
                 	LDS  R26,@0+(@1)
                 	.ENDM
                 
                 	.MACRO __GETW2MN
                 	LDS  R26,@0+(@1)
                 	LDS  R27,@0+(@1)+1
                 	.ENDM
                 
                 	.MACRO __GETD2MN
                 	LDS  R26,@0+(@1)
                 	LDS  R27,@0+(@1)+1
                 	LDS  R24,@0+(@1)+2
                 	LDS  R25,@0+(@1)+3
                 	.ENDM
                 
                 	.MACRO __PUTB1MN
                 	STS  @0+(@1),R30
                 	.ENDM
                 
                 	.MACRO __PUTW1MN
                 	STS  @0+(@1),R30
                 	STS  @0+(@1)+1,R31
                 	.ENDM
                 
                 	.MACRO __PUTD1MN
                 	STS  @0+(@1),R30
                 	STS  @0+(@1)+1,R31
                 	STS  @0+(@1)+2,R22
                 	STS  @0+(@1)+3,R23
                 	.ENDM
                 
                 	.MACRO __PUTB1EN
                 	LDI  R26,LOW(@0+(@1))
                 	LDI  R27,HIGH(@0+(@1))
                 	CALL __EEPROMWRB
                 	.ENDM
                 
                 	.MACRO __PUTW1EN
                 	LDI  R26,LOW(@0+(@1))
                 	LDI  R27,HIGH(@0+(@1))
                 	CALL __EEPROMWRW
                 	.ENDM
                 
                 	.MACRO __PUTD1EN
                 	LDI  R26,LOW(@0+(@1))
                 	LDI  R27,HIGH(@0+(@1))
                 	CALL __EEPROMWRD
                 	.ENDM
                 
                 	.MACRO __PUTBR0MN
                 	STS  @0+(@1),R0
                 	.ENDM
                 
                 	.MACRO __PUTBMRN
                 	STS  @0+(@1),R@2
                 	.ENDM
                 
                 	.MACRO __PUTWMRN
                 	STS  @0+(@1),R@2
                 	STS  @0+(@1)+1,R@3
                 	.ENDM
                 
                 	.MACRO __PUTBZR
                 	STD  Z+@1,R@0
                 	.ENDM
                 
                 	.MACRO __PUTWZR
                 	STD  Z+@2,R@0
                 	STD  Z+@2+1,R@1
                 	.ENDM
                 
                 	.MACRO __GETW1R
                 	MOV  R30,R@0
                 	MOV  R31,R@1
                 	.ENDM
                 
                 	.MACRO __GETW2R
                 	MOV  R26,R@0
                 	MOV  R27,R@1
                 	.ENDM
                 
                 	.MACRO __GETWRN
                 	LDI  R@0,LOW(@2)
                 	LDI  R@1,HIGH(@2)
                 	.ENDM
                 
                 	.MACRO __PUTW1R
                 	MOV  R@0,R30
                 	MOV  R@1,R31
                 	.ENDM
                 
                 	.MACRO __PUTW2R
                 	MOV  R@0,R26
                 	MOV  R@1,R27
                 	.ENDM
                 
                 	.MACRO __ADDWRN
                 	SUBI R@0,LOW(-@2)
                 	SBCI R@1,HIGH(-@2)
                 	.ENDM
                 
                 	.MACRO __ADDWRR
                 	ADD  R@0,R@2
                 	ADC  R@1,R@3
                 	.ENDM
                 
                 	.MACRO __SUBWRN
                 	SUBI R@0,LOW(@2)
                 	SBCI R@1,HIGH(@2)
                 	.ENDM
                 
                 	.MACRO __SUBWRR
                 	SUB  R@0,R@2
                 	SBC  R@1,R@3
                 	.ENDM
                 
                 	.MACRO __ANDWRN
                 	ANDI R@0,LOW(@2)
                 	ANDI R@1,HIGH(@2)
                 	.ENDM
                 
                 	.MACRO __ANDWRR
                 	AND  R@0,R@2
                 	AND  R@1,R@3
                 	.ENDM
                 
                 	.MACRO __ORWRN
                 	ORI  R@0,LOW(@2)
                 	ORI  R@1,HIGH(@2)
                 	.ENDM
                 
                 	.MACRO __ORWRR
                 	OR   R@0,R@2
                 	OR   R@1,R@3
                 	.ENDM
                 
                 	.MACRO __EORWRR
                 	EOR  R@0,R@2
                 	EOR  R@1,R@3
                 	.ENDM
                 
                 	.MACRO __GETWRS
                 	LDD  R@0,Y+@2
                 	LDD  R@1,Y+@2+1
                 	.ENDM
                 
                 	.MACRO __PUTBSR
                 	STD  Y+@1,R@0
                 	.ENDM
                 
                 	.MACRO __PUTWSR
                 	STD  Y+@2,R@0
                 	STD  Y+@2+1,R@1
                 	.ENDM
                 
                 	.MACRO __MOVEWRR
                 	MOV  R@0,R@2
                 	MOV  R@1,R@3
                 	.ENDM
                 
                 	.MACRO __INWR
                 	IN   R@0,@2
                 	IN   R@1,@2+1
                 	.ENDM
                 
                 	.MACRO __OUTWR
                 	OUT  @2+1,R@1
                 	OUT  @2,R@0
                 	.ENDM
                 
                 	.MACRO __CALL1MN
                 	LDS  R30,@0+(@1)
                 	LDS  R31,@0+(@1)+1
                 	ICALL
                 	.ENDM
                 
                 	.MACRO __CALL1FN
                 	LDI  R30,LOW(2*@0+(@1))
                 	LDI  R31,HIGH(2*@0+(@1))
                 	CALL __GETW1PF
                 	ICALL
                 	.ENDM
                 
                 	.MACRO __CALL2EN
                 	PUSH R26
                 	PUSH R27
                 	LDI  R26,LOW(@0+(@1))
                 	LDI  R27,HIGH(@0+(@1))
                 	CALL __EEPROMRDW
                 	POP  R27
                 	POP  R26
                 	ICALL
                 	.ENDM
                 
                 	.MACRO __CALL2EX
                 	SUBI R26,LOW(-@0)
                 	SBCI R27,HIGH(-@0)
                 	CALL __EEPROMRDD
                 	ICALL
                 	.ENDM
                 
                 	.MACRO __GETW1STACK
                 	IN   R30,SPL
                 	IN   R31,SPH
                 	ADIW R30,@0+1
                 	LD   R0,Z+
                 	LD   R31,Z
                 	MOV  R30,R0
                 	.ENDM
                 
                 	.MACRO __GETD1STACK
                 	IN   R30,SPL
                 	IN   R31,SPH
                 	ADIW R30,@0+1
                 	LD   R0,Z+
                 	LD   R1,Z+
                 	LD   R22,Z
                 	MOVW R30,R0
                 	.ENDM
                 
                 	.MACRO __NBST
                 	BST  R@0,@1
                 	IN   R30,SREG
                 	LDI  R31,0x40
                 	EOR  R30,R31
                 	OUT  SREG,R30
                 	.ENDM
                 
                 
                 	.MACRO __PUTB1SN
                 	LDD  R26,Y+@0
                 	LDD  R27,Y+@0+1
                 	SUBI R26,LOW(-@1)
                 	SBCI R27,HIGH(-@1)
                 	ST   X,R30
                 	.ENDM
                 
                 	.MACRO __PUTW1SN
                 	LDD  R26,Y+@0
                 	LDD  R27,Y+@0+1
                 	SUBI R26,LOW(-@1)
                 	SBCI R27,HIGH(-@1)
                 	ST   X+,R30
                 	ST   X,R31
                 	.ENDM
                 
                 	.MACRO __PUTD1SN
                 	LDD  R26,Y+@0
                 	LDD  R27,Y+@0+1
                 	SUBI R26,LOW(-@1)
                 	SBCI R27,HIGH(-@1)
                 	CALL __PUTDP1
                 	.ENDM
                 
                 	.MACRO __PUTB1SNS
                 	LDD  R26,Y+@0
                 	LDD  R27,Y+@0+1
                 	ADIW R26,@1
                 	ST   X,R30
                 	.ENDM
                 
                 	.MACRO __PUTW1SNS
                 	LDD  R26,Y+@0
                 	LDD  R27,Y+@0+1
                 	ADIW R26,@1
                 	ST   X+,R30
                 	ST   X,R31
                 	.ENDM
                 
                 	.MACRO __PUTD1SNS
                 	LDD  R26,Y+@0
                 	LDD  R27,Y+@0+1
                 	ADIW R26,@1
                 	CALL __PUTDP1
                 	.ENDM
                 
                 	.MACRO __PUTB1PMN
                 	LDS  R26,@0
                 	LDS  R27,@0+1
                 	SUBI R26,LOW(-@1)
                 	SBCI R27,HIGH(-@1)
                 	ST   X,R30
                 	.ENDM
                 
                 	.MACRO __PUTW1PMN
                 	LDS  R26,@0
                 	LDS  R27,@0+1
                 	SUBI R26,LOW(-@1)
                 	SBCI R27,HIGH(-@1)
                 	ST   X+,R30
                 	ST   X,R31
                 	.ENDM
                 
                 	.MACRO __PUTD1PMN
                 	LDS  R26,@0
                 	LDS  R27,@0+1
                 	SUBI R26,LOW(-@1)
                 	SBCI R27,HIGH(-@1)
                 	CALL __PUTDP1
                 	.ENDM
                 
                 	.MACRO __PUTB1PMNS
                 	LDS  R26,@0
                 	LDS  R27,@0+1
                 	ADIW R26,@1
                 	ST   X,R30
                 	.ENDM
                 
                 	.MACRO __PUTW1PMNS
                 	LDS  R26,@0
                 	LDS  R27,@0+1
                 	ADIW R26,@1
                 	ST   X+,R30
                 	ST   X,R31
                 	.ENDM
                 
                 	.MACRO __PUTD1PMNS
                 	LDS  R26,@0
                 	LDS  R27,@0+1
                 	ADIW R26,@1
                 	CALL __PUTDP1
                 	.ENDM
                 
                 	.MACRO __PUTB1RN
                 	MOVW R26,R@0
                 	SUBI R26,LOW(-@1)
                 	SBCI R27,HIGH(-@1)
                 	ST   X,R30
                 	.ENDM
                 
                 	.MACRO __PUTW1RN
                 	MOVW R26,R@0
                 	SUBI R26,LOW(-@1)
                 	SBCI R27,HIGH(-@1)
                 	ST   X+,R30
                 	ST   X,R31
                 	.ENDM
                 
                 	.MACRO __PUTD1RN
                 	MOVW R26,R@0
                 	SUBI R26,LOW(-@1)
                 	SBCI R27,HIGH(-@1)
                 	CALL __PUTDP1
                 	.ENDM
                 
                 	.MACRO __PUTB1RNS
                 	MOVW R26,R@0
                 	ADIW R26,@1
                 	ST   X,R30
                 	.ENDM
                 
                 	.MACRO __PUTW1RNS
                 	MOVW R26,R@0
                 	ADIW R26,@1
                 	ST   X+,R30
                 	ST   X,R31
                 	.ENDM
                 
                 	.MACRO __PUTD1RNS
                 	MOVW R26,R@0
                 	ADIW R26,@1
                 	CALL __PUTDP1
                 	.ENDM
                 
                 	.MACRO __PUTB1RON
                 	MOV  R26,R@0
                 	MOV  R27,R@1
                 	SUBI R26,LOW(-@2)
                 	SBCI R27,HIGH(-@2)
                 	ST   X,R30
                 	.ENDM
                 
                 	.MACRO __PUTW1RON
                 	MOV  R26,R@0
                 	MOV  R27,R@1
                 	SUBI R26,LOW(-@2)
                 	SBCI R27,HIGH(-@2)
                 	ST   X+,R30
                 	ST   X,R31
                 	.ENDM
                 
                 	.MACRO __PUTD1RON
                 	MOV  R26,R@0
                 	MOV  R27,R@1
                 	SUBI R26,LOW(-@2)
                 	SBCI R27,HIGH(-@2)
                 	CALL __PUTDP1
                 	.ENDM
                 
                 	.MACRO __PUTB1RONS
                 	MOV  R26,R@0
                 	MOV  R27,R@1
                 	ADIW R26,@2
                 	ST   X,R30
                 	.ENDM
                 
                 	.MACRO __PUTW1RONS
                 	MOV  R26,R@0
                 	MOV  R27,R@1
                 	ADIW R26,@2
                 	ST   X+,R30
                 	ST   X,R31
                 	.ENDM
                 
                 	.MACRO __PUTD1RONS
                 	MOV  R26,R@0
                 	MOV  R27,R@1
                 	ADIW R26,@2
                 	CALL __PUTDP1
                 	.ENDM
                 
                 
                 	.MACRO __GETB1SX
                 	MOVW R30,R28
                 	SUBI R30,LOW(-@0)
                 	SBCI R31,HIGH(-@0)
                 	LD   R30,Z
                 	.ENDM
                 
                 	.MACRO __GETB1HSX
                 	MOVW R30,R28
                 	SUBI R30,LOW(-@0)
                 	SBCI R31,HIGH(-@0)
                 	LD   R31,Z
                 	.ENDM
                 
                 	.MACRO __GETW1SX
                 	MOVW R30,R28
                 	SUBI R30,LOW(-@0)
                 	SBCI R31,HIGH(-@0)
                 	LD   R0,Z+
                 	LD   R31,Z
                 	MOV  R30,R0
                 	.ENDM
                 
                 	.MACRO __GETD1SX
                 	MOVW R30,R28
                 	SUBI R30,LOW(-@0)
                 	SBCI R31,HIGH(-@0)
                 	LD   R0,Z+
                 	LD   R1,Z+
                 	LD   R22,Z+
                 	LD   R23,Z
                 	MOVW R30,R0
                 	.ENDM
                 
                 	.MACRO __GETB2SX
                 	MOVW R26,R28
                 	SUBI R26,LOW(-@0)
                 	SBCI R27,HIGH(-@0)
                 	LD   R26,X
                 	.ENDM
                 
                 	.MACRO __GETW2SX
                 	MOVW R26,R28
                 	SUBI R26,LOW(-@0)
                 	SBCI R27,HIGH(-@0)
                 	LD   R0,X+
                 	LD   R27,X
                 	MOV  R26,R0
                 	.ENDM
                 
                 	.MACRO __GETD2SX
                 	MOVW R26,R28
                 	SUBI R26,LOW(-@0)
                 	SBCI R27,HIGH(-@0)
                 	LD   R0,X+
                 	LD   R1,X+
                 	LD   R24,X+
                 	LD   R25,X
                 	MOVW R26,R0
                 	.ENDM
                 
                 	.MACRO __GETBRSX
                 	MOVW R30,R28
                 	SUBI R30,LOW(-@1)
                 	SBCI R31,HIGH(-@1)
                 	LD   R@0,Z
                 	.ENDM
                 
                 	.MACRO __GETWRSX
                 	MOVW R30,R28
                 	SUBI R30,LOW(-@2)
                 	SBCI R31,HIGH(-@2)
                 	LD   R@0,Z+
                 	LD   R@1,Z
                 	.ENDM
                 
                 	.MACRO __GETBRSX2
                 	MOVW R26,R28
                 	SUBI R26,LOW(-@1)
                 	SBCI R27,HIGH(-@1)
                 	LD   R@0,X
                 	.ENDM
                 
                 	.MACRO __GETWRSX2
                 	MOVW R26,R28
                 	SUBI R26,LOW(-@2)
                 	SBCI R27,HIGH(-@2)
                 	LD   R@0,X+
                 	LD   R@1,X
                 	.ENDM
                 
                 	.MACRO __LSLW8SX
                 	MOVW R30,R28
                 	SUBI R30,LOW(-@0)
                 	SBCI R31,HIGH(-@0)
                 	LD   R31,Z
                 	CLR  R30
                 	.ENDM
                 
                 	.MACRO __PUTB1SX
                 	MOVW R26,R28
                 	SUBI R26,LOW(-@0)
                 	SBCI R27,HIGH(-@0)
                 	ST   X,R30
                 	.ENDM
                 
                 	.MACRO __PUTW1SX
                 	MOVW R26,R28
                 	SUBI R26,LOW(-@0)
                 	SBCI R27,HIGH(-@0)
                 	ST   X+,R30
                 	ST   X,R31
                 	.ENDM
                 
                 	.MACRO __PUTD1SX
                 	MOVW R26,R28
                 	SUBI R26,LOW(-@0)
                 	SBCI R27,HIGH(-@0)
                 	ST   X+,R30
                 	ST   X+,R31
                 	ST   X+,R22
                 	ST   X,R23
                 	.ENDM
                 
                 	.MACRO __CLRW1SX
                 	MOVW R26,R28
                 	SUBI R26,LOW(-@0)
                 	SBCI R27,HIGH(-@0)
                 	ST   X+,R30
                 	ST   X,R30
                 	.ENDM
                 
                 	.MACRO __CLRD1SX
                 	MOVW R26,R28
                 	SUBI R26,LOW(-@0)
                 	SBCI R27,HIGH(-@0)
                 	ST   X+,R30
                 	ST   X+,R30
                 	ST   X+,R30
                 	ST   X,R30
                 	.ENDM
                 
                 	.MACRO __PUTB2SX
                 	MOVW R30,R28
                 	SUBI R30,LOW(-@0)
                 	SBCI R31,HIGH(-@0)
                 	ST   Z,R26
                 	.ENDM
                 
                 	.MACRO __PUTW2SX
                 	MOVW R30,R28
                 	SUBI R30,LOW(-@0)
                 	SBCI R31,HIGH(-@0)
                 	ST   Z+,R26
                 	ST   Z,R27
                 	.ENDM
                 
                 	.MACRO __PUTD2SX
                 	MOVW R30,R28
                 	SUBI R30,LOW(-@0)
                 	SBCI R31,HIGH(-@0)
                 	ST   Z+,R26
                 	ST   Z+,R27
                 	ST   Z+,R24
                 	ST   Z,R25
                 	.ENDM
                 
                 	.MACRO __PUTBSRX
                 	MOVW R30,R28
                 	SUBI R30,LOW(-@1)
                 	SBCI R31,HIGH(-@1)
                 	ST   Z,R@0
                 	.ENDM
                 
                 	.MACRO __PUTWSRX
                 	MOVW R30,R28
                 	SUBI R30,LOW(-@2)
                 	SBCI R31,HIGH(-@2)
                 	ST   Z+,R@0
                 	ST   Z,R@1
                 	.ENDM
                 
                 	.MACRO __PUTB1SNX
                 	MOVW R26,R28
                 	SUBI R26,LOW(-@0)
                 	SBCI R27,HIGH(-@0)
                 	LD   R0,X+
                 	LD   R27,X
                 	MOV  R26,R0
                 	SUBI R26,LOW(-@1)
                 	SBCI R27,HIGH(-@1)
                 	ST   X,R30
                 	.ENDM
                 
                 	.MACRO __PUTW1SNX
                 	MOVW R26,R28
                 	SUBI R26,LOW(-@0)
                 	SBCI R27,HIGH(-@0)
                 	LD   R0,X+
                 	LD   R27,X
                 	MOV  R26,R0
                 	SUBI R26,LOW(-@1)
                 	SBCI R27,HIGH(-@1)
                 	ST   X+,R30
                 	ST   X,R31
                 	.ENDM
                 
                 	.MACRO __PUTD1SNX
                 	MOVW R26,R28
                 	SUBI R26,LOW(-@0)
                 	SBCI R27,HIGH(-@0)
                 	LD   R0,X+
                 	LD   R27,X
                 	MOV  R26,R0
                 	SUBI R26,LOW(-@1)
                 	SBCI R27,HIGH(-@1)
                 	ST   X+,R30
                 	ST   X+,R31
                 	ST   X+,R22
                 	ST   X,R23
                 	.ENDM
                 
                 	.MACRO __MULBRR
                 	MULS R@0,R@1
                 	MOVW R30,R0
                 	.ENDM
                 
                 	.MACRO __MULBRRU
                 	MUL  R@0,R@1
                 	MOVW R30,R0
                 	.ENDM
                 
                 	.MACRO __MULBRR0
                 	MULS R@0,R@1
                 	.ENDM
                 
                 	.MACRO __MULBRRU0
                 	MUL  R@0,R@1
                 	.ENDM
                 
                 	.MACRO __MULBNWRU
                 	LDI  R26,@2
                 	MUL  R26,R@0
                 	MOVW R30,R0
                 	MUL  R26,R@1
                 	ADD  R31,R0
                 	.ENDM
                 
                 ;NAME DEFINITIONS FOR GLOBAL VARIABLES ALLOCATED TO REGISTERS
                 	.DEF _num=R4
                 	.DEF _num_msb=R5
                 	.DEF _timer_cnt=R6
                 	.DEF _timer_cnt_msb=R7
                 	.DEF _cal=R8
                 	.DEF _cal_msb=R9
                 	.DEF _led=R10
                 	.DEF _led_msb=R11
                 	.DEF _cal_memo=R12
                 	.DEF _cal_memo_msb=R13
                 
                 	.CSEG
                 	.ORG 0x00
                 
                 ;START OF CODE MARKER
                 __START_OF_CODE:
                 
                 ;INTERRUPT VECTORS
000000 940c 0058 	JMP  __RESET
000002 940c 0000 	JMP  0x00
000004 940c 0000 	JMP  0x00
000006 940c 0000 	JMP  0x00
000008 940c 0000 	JMP  0x00
00000a 940c 011e 	JMP  _sw1_on
00000c 940c 0000 	JMP  0x00
00000e 940c 0000 	JMP  0x00
000010 940c 0000 	JMP  0x00
000012 940c 0000 	JMP  0x00
000014 940c 0000 	JMP  0x00
000016 940c 0000 	JMP  0x00
000018 940c 0000 	JMP  0x00
00001a 940c 0000 	JMP  0x00
00001c 940c 0000 	JMP  0x00
00001e 940c 0000 	JMP  0x00
000020 940c 00fe 	JMP  _time0
000022 940c 0000 	JMP  0x00
000024 940c 0000 	JMP  0x00
000026 940c 0000 	JMP  0x00
000028 940c 0000 	JMP  0x00
00002a 940c 0000 	JMP  0x00
00002c 940c 0000 	JMP  0x00
00002e 940c 0000 	JMP  0x00
000030 940c 0000 	JMP  0x00
000032 940c 0000 	JMP  0x00
000034 940c 0000 	JMP  0x00
000036 940c 0000 	JMP  0x00
000038 940c 0000 	JMP  0x00
00003a 940c 0000 	JMP  0x00
00003c 940c 0000 	JMP  0x00
00003e 940c 0000 	JMP  0x00
000040 940c 0000 	JMP  0x00
000042 940c 0000 	JMP  0x00
000044 940c 0000 	JMP  0x00
                 
                 _seg_pat:
000046 063f
000047 4f5b
000048 6d66
000049 077d      	.DB  0x3F,0x6,0x5B,0x4F,0x66,0x6D,0x7D,0x7
00004a 6f7f      	.DB  0x7F,0x6F
                 _seg_nice:
00004b 0654
00004c 7939      	.DB  0x54,0x6,0x39,0x79
                 _seg_fail:
00004d 7771
00004e 3806      	.DB  0x71,0x77,0x6,0x38
                 
                 ;GLOBAL REGISTER VARIABLES INITIALIZATION
                 __REG_VARS:
00004f 0063
000050 0000      	.DB  0x63,0x0,0x0,0x0
000051 0001
000052 0000      	.DB  0x1,0x0,0x0,0x0
000053 0000      	.DB  0x0,0x0
                 
                 
                 __GLOBAL_INI_TBL:
000054 000a      	.DW  0x0A
000055 0004      	.DW  0x04
000056 009e      	.DW  __REG_VARS*2
                 
                 _0xFFFFFFFF:
000057 0000      	.DW  0
                 
                 #define __GLOBAL_INI_TBL_PRESENT 1
                 
                 __RESET:
000058 94f8      	CLI
000059 27ee      	CLR  R30
00005a bbec      	OUT  EECR,R30
                 
                 ;INTERRUPT VECTORS ARE PLACED
                 ;AT THE START OF FLASH
00005b e0f1      	LDI  R31,1
00005c bff5      	OUT  MCUCR,R31
00005d bfe5      	OUT  MCUCR,R30
00005e 93e0 006c 	STS  XMCRB,R30
                 
                 ;CLEAR R2-R14
000060 e08d      	LDI  R24,(14-2)+1
000061 e0a2      	LDI  R26,2
000062 27bb      	CLR  R27
                 __CLEAR_REG:
000063 93ed      	ST   X+,R30
000064 958a      	DEC  R24
000065 f7e9      	BRNE __CLEAR_REG
                 
                 ;CLEAR SRAM
000066 e080      	LDI  R24,LOW(__CLEAR_SRAM_SIZE)
000067 e190      	LDI  R25,HIGH(__CLEAR_SRAM_SIZE)
000068 e0a0      	LDI  R26,LOW(__SRAM_START)
000069 e0b1      	LDI  R27,HIGH(__SRAM_START)
                 __CLEAR_SRAM:
00006a 93ed      	ST   X+,R30
00006b 9701      	SBIW R24,1
00006c f7e9      	BRNE __CLEAR_SRAM
                 
                 ;GLOBAL VARIABLES INITIALIZATION
00006d eae8      	LDI  R30,LOW(__GLOBAL_INI_TBL*2)
00006e e0f0      	LDI  R31,HIGH(__GLOBAL_INI_TBL*2)
                 __GLOBAL_INI_NEXT:
00006f 9185      	LPM  R24,Z+
000070 9195      	LPM  R25,Z+
000071 9700      	SBIW R24,0
000072 f061      	BREQ __GLOBAL_INI_END
000073 91a5      	LPM  R26,Z+
000074 91b5      	LPM  R27,Z+
000075 9005      	LPM  R0,Z+
000076 9015      	LPM  R1,Z+
000077 01bf      	MOVW R22,R30
000078 01f0      	MOVW R30,R0
                 __GLOBAL_INI_LOOP:
000079 9005      	LPM  R0,Z+
00007a 920d      	ST   X+,R0
00007b 9701      	SBIW R24,1
00007c f7e1      	BRNE __GLOBAL_INI_LOOP
00007d 01fb      	MOVW R30,R22
00007e cff0      	RJMP __GLOBAL_INI_NEXT
                 __GLOBAL_INI_END:
                 
00007f bf8b      	OUT  RAMPZ,R24
                 
                 ;HARDWARE STACK POINTER INITIALIZATION
000080 efef      	LDI  R30,LOW(__SRAM_END-__HEAP_SIZE)
000081 bfed      	OUT  SPL,R30
000082 e1e0      	LDI  R30,HIGH(__SRAM_END-__HEAP_SIZE)
000083 bfee      	OUT  SPH,R30
                 
                 ;DATA STACK POINTER INITIALIZATION
000084 e0c0      	LDI  R28,LOW(__SRAM_START+__DSTACK_SIZE)
000085 e0d5      	LDI  R29,HIGH(__SRAM_START+__DSTACK_SIZE)
                 
000086 940c 0088 	JMP  _main
                 
                 	.ESEG
                 	.ORG 0
                 
                 	.DSEG
                 	.ORG 0x500
                 
                 	.CSEG
                 ;#include <mega128.h>
                 	#ifndef __SLEEP_DEFINED__
                 	#define __SLEEP_DEFINED__
                 	.EQU __se_bit=0x20
                 	.EQU __sm_mask=0x1C
                 	.EQU __sm_powerdown=0x10
                 	.EQU __sm_powersave=0x18
                 	.EQU __sm_standby=0x14
                 	.EQU __sm_ext_standby=0x1C
                 	.EQU __sm_adc_noise_red=0x08
                 	.SET power_ctrl_reg=mcucr
                 	#endif
                 ;#include <delay.h>
                 ;flash unsigned char seg_pat[10]= {0x3f, 0x06, 0x5b, 0x4f, 0x66, 0x6d, 0x7d, 0x07, 0x7f, 0x6f};
                 ;flash unsigned char seg_nice[4] = {0x54,0x06,0x39,0x79};
                 ;flash unsigned char seg_fail[4] = {0x71, 0x77, 0x06, 0x38};
                 ;unsigned int num = 99, timer_cnt, cal = 1, led = 0x0, cal_memo = 0;
                 ;
                 ;
                 ;void SEG_base3(void);
                 ;void SEG_nice3(void);
                 ;void SEG_fail3(void);
                 ;
                 ;void main(void)
                 ; 0000 000E {
                 
                 	.CSEG
                 _main:
                 ; .FSTART _main
                 ; 0000 000F     DDRB = 0xFF;
000088 efef      	LDI  R30,LOW(255)
000089 bbe7      	OUT  0x17,R30
                 ; 0000 0010     DDRF = 0xF0;
00008a efe0      	LDI  R30,LOW(240)
00008b 93e0 0061 	STS  97,R30
                 ; 0000 0011     DDRC = 0xFF;
00008d efef      	LDI  R30,LOW(255)
00008e bbe4      	OUT  0x14,R30
                 ; 0000 0012     PORTC = 0xFF;
00008f bbe5      	OUT  0x15,R30
                 ; 0000 0013 
                 ; 0000 0014     EIMSK = 0b00010000;
000090 e1e0      	LDI  R30,LOW(16)
000091 bfe9      	OUT  0x39,R30
                 ; 0000 0015     EICRB = 0b00000010;
000092 e0e2      	LDI  R30,LOW(2)
000093 bfea      	OUT  0x3A,R30
                 ; 0000 0016 
                 ; 0000 0017     TIMSK = 0x01;
000094 e0e1      	LDI  R30,LOW(1)
000095 bfe7      	OUT  0x37,R30
                 ; 0000 0018     TCCR0 = 0x04; //  1/16us * 64 *(256-6) = 1ms
000096 e0e4      	LDI  R30,LOW(4)
000097 bfe3      	OUT  0x33,R30
                 ; 0000 0019     TCNT0 = 6;
000098 e0e6      	LDI  R30,LOW(6)
000099 bfe2      	OUT  0x32,R30
                 ; 0000 001A     SREG = 0x80;
00009a e8e0      	LDI  R30,LOW(128)
00009b bfef      	OUT  0x3F,R30
                 ; 0000 001B 
                 ; 0000 001C     while(1)
                 _0x3:
                 ; 0000 001D     {
                 ; 0000 001E         SEG_base3();
00009c d002      	RCALL _SEG_base3
                 ; 0000 001F     }
00009d cffe      	RJMP _0x3
                 ; 0000 0020 }
                 _0x6:
00009e cfff      	RJMP _0x6
                 ; .FEND
                 ;
                 ;void SEG_base3(void)
                 ; 0000 0023 {
                 _SEG_base3:
                 ; .FSTART _SEG_base3
                 ; 0000 0024     PORTF = 0b01110000;
00009f e7e0      	LDI  R30,LOW(112)
0000a0 93e0 0062 	STS  98,R30
                 ; 0000 0025     PORTB = seg_pat[cal];
0000a2 01f4      	MOVW R30,R8
0000a3 d0b8      	RCALL SUBOPT_0x0
                 ; 0000 0026     delay_ms(5);
                 ; 0000 0027 
                 ; 0000 0028     PORTF = 0b10110000;
0000a4 ebe0      	LDI  R30,LOW(176)
0000a5 93e0 0062 	STS  98,R30
                 ; 0000 0029     PORTB = seg_pat[cal_memo];
0000a7 01f6      	MOVW R30,R12
0000a8 d0b3      	RCALL SUBOPT_0x0
                 ; 0000 002A     delay_ms(5);
                 ; 0000 002B 
                 ; 0000 002C     PORTF = 0b11100000;
0000a9 eee0      	LDI  R30,LOW(224)
0000aa d0b8      	RCALL SUBOPT_0x1
                 ; 0000 002D     PORTB = seg_pat[num %10];
0000ab d0df      	RCALL __MODW21U
0000ac d0af      	RCALL SUBOPT_0x0
                 ; 0000 002E     delay_ms(5);
                 ; 0000 002F 
                 ; 0000 0030     PORTF = 0b11010000;
0000ad ede0      	LDI  R30,LOW(208)
0000ae d0b4      	RCALL SUBOPT_0x1
                 ; 0000 0031     PORTB = seg_pat[num / 10];
0000af d0c8      	RCALL __DIVW21U
0000b0 d0ab      	RCALL SUBOPT_0x0
                 ; 0000 0032     delay_ms(5);
                 ; 0000 0033 }
0000b1 9508      	RET
                 ; .FEND
                 ;
                 ;void SEG_nice3(void)
                 ; 0000 0036 {
                 _SEG_nice3:
                 ; .FSTART _SEG_nice3
                 ; 0000 0037     int i;
                 ; 0000 0038     for(i = 1; i <= 250; i++)
0000b2 d0b6      	RCALL SUBOPT_0x2
                 ;	i -> R16,R17
                 _0x8:
                +
0000b3 3f0b     +CPI R16 , LOW ( 251 )
0000b4 e0e0     +LDI R30 , HIGH ( 251 )
0000b5 071e     +CPC R17 , R30
                 	__CPWRN 16,17,251
0000b6 f4dc      	BRGE _0x9
                 ; 0000 0039     {
                 ; 0000 003A         PORTF = 0b01110000;
0000b7 e7e0      	LDI  R30,LOW(112)
0000b8 93e0 0062 	STS  98,R30
                 ; 0000 003B         PORTB = seg_nice[0];
0000ba e9e6      	LDI  R30,LOW(_seg_nice*2)
0000bb e0f0      	LDI  R31,HIGH(_seg_nice*2)
0000bc d0b1      	RCALL SUBOPT_0x3
                 ; 0000 003C         delay_ms(5);
                 ; 0000 003D 
                 ; 0000 003E         PORTF = 0b10110000;
0000bd ebe0      	LDI  R30,LOW(176)
0000be 93e0 0062 	STS  98,R30
                 ; 0000 003F         PORTB = seg_nice[1];
                +
0000c0 e9e7     +LDI R30 , LOW ( 2 * _seg_nice + ( 1 ) )
0000c1 e0f0     +LDI R31 , HIGH ( 2 * _seg_nice + ( 1 ) )
                 	__POINTW1FN _seg_nice,1
0000c2 d0ab      	RCALL SUBOPT_0x3
                 ; 0000 0040         delay_ms(5);
                 ; 0000 0041 
                 ; 0000 0042         PORTF = 0b11010000;
0000c3 ede0      	LDI  R30,LOW(208)
0000c4 93e0 0062 	STS  98,R30
                 ; 0000 0043         PORTB = seg_nice[2];
                +
0000c6 e9e8     +LDI R30 , LOW ( 2 * _seg_nice + ( 2 ) )
0000c7 e0f0     +LDI R31 , HIGH ( 2 * _seg_nice + ( 2 ) )
                 	__POINTW1FN _seg_nice,2
0000c8 d0a5      	RCALL SUBOPT_0x3
                 ; 0000 0044         delay_ms(5);
                 ; 0000 0045 
                 ; 0000 0046         PORTF = 0b11100000;
0000c9 eee0      	LDI  R30,LOW(224)
0000ca 93e0 0062 	STS  98,R30
                 ; 0000 0047         PORTB = seg_nice[3];
                +
0000cc e9e9     +LDI R30 , LOW ( 2 * _seg_nice + ( 3 ) )
0000cd e0f0     +LDI R31 , HIGH ( 2 * _seg_nice + ( 3 ) )
                 	__POINTW1FN _seg_nice,3
0000ce d09f      	RCALL SUBOPT_0x3
                 ; 0000 0048         delay_ms(5);
                 ; 0000 0049     }
                +
0000cf 5f0f     +SUBI R16 , LOW ( - 1 )
0000d0 4f1f     +SBCI R17 , HIGH ( - 1 )
                 	__ADDWRN 16,17,1
0000d1 cfe1      	RJMP _0x8
                 _0x9:
                 ; 0000 004A     num = 99;
0000d2 c020      	RJMP _0x2000001
                 ; 0000 004B     led = 0x0;
                 ; 0000 004C     PORTC = led ^ 0b11111111;
                 ; 0000 004D }
                 ; .FEND
                 ;
                 ;void SEG_fail3(void)
                 ; 0000 0050 {
                 _SEG_fail3:
                 ; .FSTART _SEG_fail3
                 ; 0000 0051     int ii;
                 ; 0000 0052     for(ii = 1; ii <= 250; ii++)
0000d3 d095      	RCALL SUBOPT_0x2
                 ;	ii -> R16,R17
                 _0xB:
                +
0000d4 3f0b     +CPI R16 , LOW ( 251 )
0000d5 e0e0     +LDI R30 , HIGH ( 251 )
0000d6 071e     +CPC R17 , R30
                 	__CPWRN 16,17,251
0000d7 f4dc      	BRGE _0xC
                 ; 0000 0053     {
                 ; 0000 0054         PORTF = 0b01110000;
0000d8 e7e0      	LDI  R30,LOW(112)
0000d9 93e0 0062 	STS  98,R30
                 ; 0000 0055         PORTB = seg_fail[0];
0000db e9ea      	LDI  R30,LOW(_seg_fail*2)
0000dc e0f0      	LDI  R31,HIGH(_seg_fail*2)
0000dd d090      	RCALL SUBOPT_0x3
                 ; 0000 0056         delay_ms(5);
                 ; 0000 0057 
                 ; 0000 0058         PORTF = 0b10110000;
0000de ebe0      	LDI  R30,LOW(176)
0000df 93e0 0062 	STS  98,R30
                 ; 0000 0059         PORTB = seg_fail[1];
                +
0000e1 e9eb     +LDI R30 , LOW ( 2 * _seg_fail + ( 1 ) )
0000e2 e0f0     +LDI R31 , HIGH ( 2 * _seg_fail + ( 1 ) )
                 	__POINTW1FN _seg_fail,1
0000e3 d08a      	RCALL SUBOPT_0x3
                 ; 0000 005A         delay_ms(5);
                 ; 0000 005B 
                 ; 0000 005C         PORTF = 0b11010000;
0000e4 ede0      	LDI  R30,LOW(208)
0000e5 93e0 0062 	STS  98,R30
                 ; 0000 005D         PORTB = seg_fail[2];
                +
0000e7 e9ec     +LDI R30 , LOW ( 2 * _seg_fail + ( 2 ) )
0000e8 e0f0     +LDI R31 , HIGH ( 2 * _seg_fail + ( 2 ) )
                 	__POINTW1FN _seg_fail,2
0000e9 d084      	RCALL SUBOPT_0x3
                 ; 0000 005E         delay_ms(5);
                 ; 0000 005F 
                 ; 0000 0060         PORTF = 0b11100000;
0000ea eee0      	LDI  R30,LOW(224)
0000eb 93e0 0062 	STS  98,R30
                 ; 0000 0061         PORTB = seg_fail[3];
                +
0000ed e9ed     +LDI R30 , LOW ( 2 * _seg_fail + ( 3 ) )
0000ee e0f0     +LDI R31 , HIGH ( 2 * _seg_fail + ( 3 ) )
                 	__POINTW1FN _seg_fail,3
0000ef d07e      	RCALL SUBOPT_0x3
                 ; 0000 0062         delay_ms(5);
                 ; 0000 0063     }
                +
0000f0 5f0f     +SUBI R16 , LOW ( - 1 )
0000f1 4f1f     +SBCI R17 , HIGH ( - 1 )
                 	__ADDWRN 16,17,1
0000f2 cfe1      	RJMP _0xB
                 _0xC:
                 ; 0000 0064     num = 99;
                 _0x2000001:
0000f3 e6e3      	LDI  R30,LOW(99)
0000f4 e0f0      	LDI  R31,HIGH(99)
0000f5 012f      	MOVW R4,R30
                 ; 0000 0065     led = 0x0;
0000f6 24aa      	CLR  R10
0000f7 24bb      	CLR  R11
                 ; 0000 0066     PORTC = led ^ 0b11111111;
0000f8 efef      	LDI  R30,LOW(255)
0000f9 25ea      	EOR  R30,R10
0000fa bbe5      	OUT  0x15,R30
                 ; 0000 0067 }
0000fb 9109      	LD   R16,Y+
0000fc 9119      	LD   R17,Y+
0000fd 9508      	RET
                 ; .FEND
                 ;interrupt [TIM0_OVF] void time0 (void)
                 ; 0000 0069 {
                 _time0:
                 ; .FSTART _time0
0000fe 93ea      	ST   -Y,R30
0000ff 93fa      	ST   -Y,R31
000100 b7ef      	IN   R30,SREG
000101 93ea      	ST   -Y,R30
                 ; 0000 006A     TCNT0 = 6;
000102 e0e6      	LDI  R30,LOW(6)
000103 bfe2      	OUT  0x32,R30
                 ; 0000 006B     timer_cnt++;
000104 01f3      	MOVW R30,R6
000105 9631      	ADIW R30,1
000106 013f      	MOVW R6,R30
                 ; 0000 006C     if(timer_cnt == 200)
000107 ece8      	LDI  R30,LOW(200)
000108 e0f0      	LDI  R31,HIGH(200)
000109 15e6      	CP   R30,R6
00010a 05f7      	CPC  R31,R7
00010b f469      	BRNE _0xD
                 ; 0000 006D     {
                 ; 0000 006E         timer_cnt = 0;
00010c 2466      	CLR  R6
00010d 2477      	CLR  R7
                 ; 0000 006F         if(cal == 9)
00010e e0e9      	LDI  R30,LOW(9)
00010f e0f0      	LDI  R31,HIGH(9)
000110 15e8      	CP   R30,R8
000111 05f9      	CPC  R31,R9
000112 f419      	BRNE _0xE
                 ; 0000 0070             cal = 1;
000113 e0e1      	LDI  R30,LOW(1)
000114 e0f0      	LDI  R31,HIGH(1)
000115 c002      	RJMP _0x1B
                 ; 0000 0071         else
                 _0xE:
                 ; 0000 0072             cal++;
000116 01f4      	MOVW R30,R8
000117 9631      	ADIW R30,1
                 _0x1B:
000118 014f      	MOVW R8,R30
                 ; 0000 0073     }
                 ; 0000 0074 
                 ; 0000 0075 
                 ; 0000 0076 }
                 _0xD:
000119 91e9      	LD   R30,Y+
00011a bfef      	OUT  SREG,R30
00011b 91f9      	LD   R31,Y+
00011c 91e9      	LD   R30,Y+
00011d 9518      	RETI
                 ; .FEND
                 ;
                 ;interrupt [EXT_INT4] void sw1_on (void)
                 ; 0000 0079 {
                 _sw1_on:
                 ; .FSTART _sw1_on
00011e 920a      	ST   -Y,R0
00011f 921a      	ST   -Y,R1
000120 92fa      	ST   -Y,R15
000121 936a      	ST   -Y,R22
000122 937a      	ST   -Y,R23
000123 938a      	ST   -Y,R24
000124 939a      	ST   -Y,R25
000125 93aa      	ST   -Y,R26
000126 93ba      	ST   -Y,R27
000127 93ea      	ST   -Y,R30
000128 93fa      	ST   -Y,R31
000129 b7ef      	IN   R30,SREG
00012a 93ea      	ST   -Y,R30
                 ; 0000 007A     cal_memo = cal;
00012b 0164      	MOVW R12,R8
                 ; 0000 007B 
                 ; 0000 007C     if(num > cal)
                +
00012c 1484     +CP R8 , R4
00012d 0495     +CPC R9 , R5
                 	__CPWRR 8,9,4,5
00012e f418      	BRSH _0x10
                 ; 0000 007D        num = num - cal;
                +
00012f 1848     +SUB R4 , R8
000130 0859     +SBC R5 , R9
                 	__SUBWRR 4,5,8,9
                 ; 0000 007E     else if(num == cal)
000131 c01c      	RJMP _0x11
                 _0x10:
                +
000132 1484     +CP R8 , R4
000133 0495     +CPC R9 , R5
                 	__CPWRR 8,9,4,5
000134 f411      	BRNE _0x12
                 ; 0000 007F         SEG_nice3();
000135 df7c      	RCALL _SEG_nice3
                 ; 0000 0080     else if(num < cal)
000136 c017      	RJMP _0x13
                 _0x12:
                +
000137 1448     +CP R4 , R8
000138 0459     +CPC R5 , R9
                 	__CPWRR 4,5,8,9
000139 f4a0      	BRSH _0x14
                 ; 0000 0081         {
                 ; 0000 0082             switch (led)
00013a 01f5      	MOVW R30,R10
                 ; 0000 0083                    {
                 ; 0000 0084                    case 0b00000000:
00013b 9730      	SBIW R30,0
00013c f421      	BRNE _0x18
                 ; 0000 0085                    led = 0b00000001;
00013d e0e1      	LDI  R30,LOW(1)
00013e e0f0      	LDI  R31,HIGH(1)
00013f d033      	RCALL SUBOPT_0x4
                 ; 0000 0086                    PORTC = led ^ 0b11111111;
                 ; 0000 0087                    break;
000140 c00d      	RJMP _0x17
                 ; 0000 0088                    case 0b00000001:
                 _0x18:
000141 30e1      	CPI  R30,LOW(0x1)
000142 e0a0      	LDI  R26,HIGH(0x1)
000143 07fa      	CPC  R31,R26
000144 f421      	BRNE _0x19
                 ; 0000 0089                    led = 0b00000011;
000145 e0e3      	LDI  R30,LOW(3)
000146 e0f0      	LDI  R31,HIGH(3)
000147 d02b      	RCALL SUBOPT_0x4
                 ; 0000 008A                    PORTC = led ^ 0b11111111;
                 ; 0000 008B                    break;
000148 c005      	RJMP _0x17
                 ; 0000 008C                    case 0b00000011:
                 _0x19:
000149 30e3      	CPI  R30,LOW(0x3)
00014a e0a0      	LDI  R26,HIGH(0x3)
00014b 07fa      	CPC  R31,R26
00014c f409      	BRNE _0x17
                 ; 0000 008D                    SEG_fail3();
00014d df85      	RCALL _SEG_fail3
                 ; 0000 008E                    break;
                 ; 0000 008F                    }
                 _0x17:
                 ; 0000 0090         }
                 ; 0000 0091 }
                 _0x14:
                 _0x13:
                 _0x11:
00014e 91e9      	LD   R30,Y+
00014f bfef      	OUT  SREG,R30
000150 91f9      	LD   R31,Y+
000151 91e9      	LD   R30,Y+
000152 91b9      	LD   R27,Y+
000153 91a9      	LD   R26,Y+
000154 9199      	LD   R25,Y+
000155 9189      	LD   R24,Y+
000156 9179      	LD   R23,Y+
000157 9169      	LD   R22,Y+
000158 90f9      	LD   R15,Y+
000159 9019      	LD   R1,Y+
00015a 9009      	LD   R0,Y+
00015b 9518      	RETI
                 ; .FEND
                 
                 	.CSEG
                 ;OPTIMIZER ADDED SUBROUTINE, CALLED 4 TIMES, CODE SIZE REDUCTION:16 WORDS
                 SUBOPT_0x0:
00015c 57e4      	SUBI R30,LOW(-_seg_pat*2)
00015d 4fff      	SBCI R31,HIGH(-_seg_pat*2)
00015e 9004      	LPM  R0,Z
00015f ba08      	OUT  0x18,R0
000160 e0a5      	LDI  R26,LOW(5)
000161 e0b0      	LDI  R27,0
000162 c02b      	RJMP _delay_ms
                 
                 ;OPTIMIZER ADDED SUBROUTINE, CALLED 2 TIMES, CODE SIZE REDUCTION:2 WORDS
                 SUBOPT_0x1:
000163 93e0 0062 	STS  98,R30
000165 01d2      	MOVW R26,R4
000166 e0ea      	LDI  R30,LOW(10)
000167 e0f0      	LDI  R31,HIGH(10)
000168 9508      	RET
                 
                 ;OPTIMIZER ADDED SUBROUTINE, CALLED 2 TIMES, CODE SIZE REDUCTION:1 WORDS
                 SUBOPT_0x2:
000169 931a      	ST   -Y,R17
00016a 930a      	ST   -Y,R16
                +
00016b e001     +LDI R16 , LOW ( 1 )
00016c e010     +LDI R17 , HIGH ( 1 )
                 	__GETWRN 16,17,1
00016d 9508      	RET
                 
                 ;OPTIMIZER ADDED SUBROUTINE, CALLED 8 TIMES, CODE SIZE REDUCTION:26 WORDS
                 SUBOPT_0x3:
00016e 9004      	LPM  R0,Z
00016f ba08      	OUT  0x18,R0
000170 e0a5      	LDI  R26,LOW(5)
000171 e0b0      	LDI  R27,0
000172 c01b      	RJMP _delay_ms
                 
                 ;OPTIMIZER ADDED SUBROUTINE, CALLED 2 TIMES, CODE SIZE REDUCTION:1 WORDS
                 SUBOPT_0x4:
000173 015f      	MOVW R10,R30
000174 efef      	LDI  R30,LOW(255)
000175 25ea      	EOR  R30,R10
000176 bbe5      	OUT  0x15,R30
000177 9508      	RET
                 
                 ;RUNTIME LIBRARY
                 
                 	.CSEG
                 __DIVW21U:
000178 2400      	CLR  R0
000179 2411      	CLR  R1
00017a e190      	LDI  R25,16
                 __DIVW21U1:
00017b 0faa      	LSL  R26
00017c 1fbb      	ROL  R27
00017d 1c00      	ROL  R0
00017e 1c11      	ROL  R1
00017f 1a0e      	SUB  R0,R30
000180 0a1f      	SBC  R1,R31
000181 f418      	BRCC __DIVW21U2
000182 0e0e      	ADD  R0,R30
000183 1e1f      	ADC  R1,R31
000184 c001      	RJMP __DIVW21U3
                 __DIVW21U2:
000185 60a1      	SBR  R26,1
                 __DIVW21U3:
000186 959a      	DEC  R25
000187 f799      	BRNE __DIVW21U1
000188 01fd      	MOVW R30,R26
000189 01d0      	MOVW R26,R0
00018a 9508      	RET
                 
                 __MODW21U:
00018b dfec      	RCALL __DIVW21U
00018c 01fd      	MOVW R30,R26
00018d 9508      	RET
                 
                 _delay_ms:
00018e 9610      	adiw r26,0
00018f f039      	breq __delay_ms1
                 __delay_ms0:
000190 95a8      	wdr
                +
000191 ea80     +LDI R24 , LOW ( 0xFA0 )
000192 e09f     +LDI R25 , HIGH ( 0xFA0 )
                +__DELAY_USW_LOOP :
000193 9701     +SBIW R24 , 1
000194 f7f1     +BRNE __DELAY_USW_LOOP
                 	__DELAY_USW 0xFA0
000195 9711      	sbiw r26,1
000196 f7c9      	brne __delay_ms0
                 __delay_ms1:
000197 9508      	ret
                 
                 ;END OF CODE MARKER
                 __END_OF_CODE:


RESOURCE USE INFORMATION
------------------------

Notice:
The register and instruction counts are symbol table hit counts,
and hence implicitly used resources are not counted, eg, the
'lpm' instruction without operands implicitly uses r0 and z,
none of which are counted.

x,y,z are separate entities in the symbol table and are
counted separately from r26..r31 here.

.dseg memory usage only counts static data declared with .byte

ATmega128 register use summary:
r0 :  15 r1 :   7 r2 :   0 r3 :   0 r4 :   6 r5 :   4 r6 :   4 r7 :   2 
r8 :   9 r9 :   5 r10:   5 r11:   1 r12:   2 r13:   0 r14:   0 r15:   2 
r16:   7 r17:   7 r18:   0 r19:   0 r20:   0 r21:   0 r22:   4 r23:   2 
r24:  12 r25:   7 r26:  19 r27:   8 r28:   1 r29:   1 r30: 116 r31:  29 
x  :   3 y  :  34 z  :   9 
Registers used: 27 out of 35 (77.1%)

ATmega128 instruction use summary:
.lds  :   0 .lds.l:   0 .sts  :   0 .sts.l:   0 adc   :   1 add   :   1 
adiw  :   3 and   :   0 andi  :   0 asr   :   0 bclr  :   0 bld   :   0 
brbc  :   0 brbs  :   0 brcc  :   1 brcs  :   0 break :   0 breq  :   2 
brge  :   2 brhc  :   0 brhs  :   0 brid  :   0 brie  :   0 brlo  :   0 
brlt  :   0 brmi  :   0 brne  :  12 brpl  :   0 brsh  :   2 brtc  :   0 
brts  :   0 brvc  :   0 brvs  :   0 bset  :   0 bst   :   0 call  :   0 
cbi   :   0 cbr   :   0 clc   :   0 clh   :   0 cli   :   1 cln   :   0 
clr   :   8 cls   :   0 clt   :   0 clv   :   0 clz   :   0 com   :   0 
cp    :   5 cpc   :   9 cpi   :   4 cpse  :   0 dec   :   2 des   :   0 
elpm  :   0 eor   :   2 fmul  :   0 fmuls :   0 fmulsu:   0 icall :   0 
ijmp  :   0 in    :   2 inc   :   0 jmp   :  36 ld    :  17 ldd   :   0 
ldi   :  80 lds   :   0 lpm   :  11 lsl   :   1 lsr   :   0 mov   :   0 
movw  :  17 mul   :   0 muls  :   0 mulsu :   0 neg   :   0 nop   :   0 
or    :   0 ori   :   0 out   :  22 pop   :   0 push  :   0 rcall :  24 
ret   :   8 reti  :   2 rjmp  :  14 rol   :   3 ror   :   0 sbc   :   2 
sbci  :   3 sbi   :   0 sbic  :   0 sbis  :   0 sbiw  :   6 sbr   :   1 
sbrc  :   0 sbrs  :   0 sec   :   0 seh   :   0 sei   :   0 sen   :   0 
ser   :   0 ses   :   0 set   :   0 sev   :   0 sez   :   0 sleep :   0 
spm   :   0 st    :  20 std   :   0 sts   :  13 sub   :   2 subi  :   3 
swap  :   0 tst   :   0 wdr   :   1 
Instructions used: 37 out of 117 (31.6%)

ATmega128 memory use summary [bytes]:
Segment   Begin    End      Code   Data   Used    Size   Use%
---------------------------------------------------------------
[.cseg] 0x000000 0x000330    780     36    816  131072   0.6%
[.dseg] 0x000100 0x000500      0      0      0    4096   0.0%
[.eseg] 0x000000 0x000000      0      0      0    4096   0.0%

Assembly complete, 0 errors, 10 warnings
